[2025-02-13T21:14:31.458+0000] {local_task_job_runner.py:123} INFO - ::group::Pre task execution logs
[2025-02-13T21:14:31.478+0000] {taskinstance.py:2614} INFO - Dependencies all met for dep_context=non-requeueable deps ti=<TaskInstance: crypto_data_collection.fetch_and_store_crypto_data scheduled__2024-02-20T04:17:00+00:00 [queued]>
[2025-02-13T21:14:31.488+0000] {taskinstance.py:2614} INFO - Dependencies all met for dep_context=requeueable deps ti=<TaskInstance: crypto_data_collection.fetch_and_store_crypto_data scheduled__2024-02-20T04:17:00+00:00 [queued]>
[2025-02-13T21:14:31.488+0000] {taskinstance.py:2867} INFO - Starting attempt 1 of 2
[2025-02-13T21:14:31.507+0000] {taskinstance.py:2890} INFO - Executing <Task(PythonOperator): fetch_and_store_crypto_data> on 2024-02-20 04:17:00+00:00
[2025-02-13T21:14:31.514+0000] {logging_mixin.py:190} WARNING - /home/***/.local/lib/python3.12/site-packages/***/task/task_runner/standard_task_runner.py:70 DeprecationWarning: This process (pid=3031) is multi-threaded, use of fork() may lead to deadlocks in the child.
[2025-02-13T21:14:31.515+0000] {standard_task_runner.py:72} INFO - Started process 3041 to run task
[2025-02-13T21:14:31.515+0000] {standard_task_runner.py:104} INFO - Running: ['***', 'tasks', 'run', 'crypto_data_collection', 'fetch_and_store_crypto_data', 'scheduled__2024-02-20T04:17:00+00:00', '--job-id', '16910', '--raw', '--subdir', 'DAGS_FOLDER/crypto_dag.py', '--cfg-path', '/tmp/tmpkse5hg_q']
[2025-02-13T21:14:31.516+0000] {standard_task_runner.py:105} INFO - Job 16910: Subtask fetch_and_store_crypto_data
[2025-02-13T21:14:31.549+0000] {task_command.py:467} INFO - Running <TaskInstance: crypto_data_collection.fetch_and_store_crypto_data scheduled__2024-02-20T04:17:00+00:00 [running]> on host 7e1fe653b817
[2025-02-13T21:14:31.635+0000] {taskinstance.py:3134} INFO - Exporting env vars: AIRFLOW_CTX_DAG_OWNER='***' AIRFLOW_CTX_DAG_ID='crypto_data_collection' AIRFLOW_CTX_TASK_ID='fetch_and_store_crypto_data' AIRFLOW_CTX_EXECUTION_DATE='2024-02-20T04:17:00+00:00' AIRFLOW_CTX_TRY_NUMBER='1' AIRFLOW_CTX_DAG_RUN_ID='scheduled__2024-02-20T04:17:00+00:00'
[2025-02-13T21:14:31.636+0000] {taskinstance.py:732} INFO - ::endgroup::
[2025-02-13T21:14:31.707+0000] {logging_mixin.py:190} INFO - Données récupérées : {'bitcoin': {'usd': 96528}, 'ethereum': {'usd': 2664.23}}
[2025-02-13T21:14:31.712+0000] {logging_mixin.py:190} INFO - Données insérées dans PostgreSQL.
[2025-02-13T21:14:31.724+0000] {logging_mixin.py:190} INFO - Données uploadées dans MinIO.
[2025-02-13T21:14:31.724+0000] {python.py:240} INFO - Done. Returned value was: None
[2025-02-13T21:14:31.730+0000] {taskinstance.py:341} INFO - ::group::Post task execution logs
[2025-02-13T21:14:31.731+0000] {taskinstance.py:353} INFO - Marking task as SUCCESS. dag_id=crypto_data_collection, task_id=fetch_and_store_crypto_data, run_id=scheduled__2024-02-20T04:17:00+00:00, execution_date=20240220T041700, start_date=20250213T211431, end_date=20250213T211431
[2025-02-13T21:14:31.769+0000] {local_task_job_runner.py:266} INFO - Task exited with return code 0
[2025-02-13T21:14:31.781+0000] {taskinstance.py:3901} INFO - 0 downstream tasks scheduled from follow-on schedule check
[2025-02-13T21:14:31.783+0000] {local_task_job_runner.py:245} INFO - ::endgroup::
