[2025-02-12T22:07:31.645+0000] {local_task_job_runner.py:123} INFO - ::group::Pre task execution logs
[2025-02-12T22:07:31.658+0000] {taskinstance.py:2614} INFO - Dependencies all met for dep_context=non-requeueable deps ti=<TaskInstance: crypto_data_collection.fetch_and_store_crypto_data scheduled__2023-10-02T03:18:00+00:00 [queued]>
[2025-02-12T22:07:31.665+0000] {taskinstance.py:2614} INFO - Dependencies all met for dep_context=requeueable deps ti=<TaskInstance: crypto_data_collection.fetch_and_store_crypto_data scheduled__2023-10-02T03:18:00+00:00 [queued]>
[2025-02-12T22:07:31.665+0000] {taskinstance.py:2867} INFO - Starting attempt 1 of 2
[2025-02-12T22:07:31.703+0000] {taskinstance.py:2890} INFO - Executing <Task(PythonOperator): fetch_and_store_crypto_data> on 2023-10-02 03:18:00+00:00
[2025-02-12T22:07:31.710+0000] {logging_mixin.py:190} WARNING - /home/***/.local/lib/python3.12/site-packages/***/task/task_runner/standard_task_runner.py:70 DeprecationWarning: This process (pid=5398) is multi-threaded, use of fork() may lead to deadlocks in the child.
[2025-02-12T22:07:31.711+0000] {standard_task_runner.py:72} INFO - Started process 5404 to run task
[2025-02-12T22:07:31.710+0000] {standard_task_runner.py:104} INFO - Running: ['***', 'tasks', 'run', 'crypto_data_collection', 'fetch_and_store_crypto_data', 'scheduled__2023-10-02T03:18:00+00:00', '--job-id', '2188', '--raw', '--subdir', 'DAGS_FOLDER/crypto_dag.py', '--cfg-path', '/tmp/tmpo9dnyppf']
[2025-02-12T22:07:31.711+0000] {standard_task_runner.py:105} INFO - Job 2188: Subtask fetch_and_store_crypto_data
[2025-02-12T22:07:31.746+0000] {task_command.py:467} INFO - Running <TaskInstance: crypto_data_collection.fetch_and_store_crypto_data scheduled__2023-10-02T03:18:00+00:00 [running]> on host be7ba0dd3a47
[2025-02-12T22:07:31.815+0000] {taskinstance.py:3134} INFO - Exporting env vars: AIRFLOW_CTX_DAG_OWNER='***' AIRFLOW_CTX_DAG_ID='crypto_data_collection' AIRFLOW_CTX_TASK_ID='fetch_and_store_crypto_data' AIRFLOW_CTX_EXECUTION_DATE='2023-10-02T03:18:00+00:00' AIRFLOW_CTX_TRY_NUMBER='1' AIRFLOW_CTX_DAG_RUN_ID='scheduled__2023-10-02T03:18:00+00:00'
[2025-02-12T22:07:31.816+0000] {taskinstance.py:732} INFO - ::endgroup::
[2025-02-12T22:07:31.919+0000] {logging_mixin.py:190} INFO - Données récupérées : {'BTC': {'USD': 97564.75}, 'ETH': {'USD': 2681.29}}
[2025-02-12T22:07:31.925+0000] {logging_mixin.py:190} INFO - Données insérées dans PostgreSQL.
[2025-02-12T22:07:31.934+0000] {logging_mixin.py:190} INFO - Données uploadées dans MinIO.
[2025-02-12T22:07:31.935+0000] {python.py:240} INFO - Done. Returned value was: None
[2025-02-12T22:07:31.943+0000] {taskinstance.py:341} INFO - ::group::Post task execution logs
[2025-02-12T22:07:31.943+0000] {taskinstance.py:353} INFO - Marking task as SUCCESS. dag_id=crypto_data_collection, task_id=fetch_and_store_crypto_data, run_id=scheduled__2023-10-02T03:18:00+00:00, execution_date=20231002T031800, start_date=20250212T220731, end_date=20250212T220731
[2025-02-12T22:07:32.005+0000] {local_task_job_runner.py:266} INFO - Task exited with return code 0
[2025-02-12T22:07:32.018+0000] {taskinstance.py:3901} INFO - 0 downstream tasks scheduled from follow-on schedule check
[2025-02-12T22:07:32.021+0000] {local_task_job_runner.py:245} INFO - ::endgroup::
