[2025-02-12T22:18:37.423+0000] {local_task_job_runner.py:123} INFO - ::group::Pre task execution logs
[2025-02-12T22:18:37.435+0000] {taskinstance.py:2614} INFO - Dependencies all met for dep_context=non-requeueable deps ti=<TaskInstance: crypto_data_collection.fetch_and_store_crypto_data scheduled__2023-10-03T01:06:00+00:00 [queued]>
[2025-02-12T22:18:37.442+0000] {taskinstance.py:2614} INFO - Dependencies all met for dep_context=requeueable deps ti=<TaskInstance: crypto_data_collection.fetch_and_store_crypto_data scheduled__2023-10-03T01:06:00+00:00 [queued]>
[2025-02-12T22:18:37.442+0000] {taskinstance.py:2867} INFO - Starting attempt 1 of 2
[2025-02-12T22:18:37.456+0000] {taskinstance.py:2890} INFO - Executing <Task(PythonOperator): fetch_and_store_crypto_data> on 2023-10-03 01:06:00+00:00
[2025-02-12T22:18:37.464+0000] {logging_mixin.py:190} WARNING - /home/***/.local/lib/python3.12/site-packages/***/task/task_runner/standard_task_runner.py:70 DeprecationWarning: This process (pid=9426) is multi-threaded, use of fork() may lead to deadlocks in the child.
[2025-02-12T22:18:37.463+0000] {standard_task_runner.py:104} INFO - Running: ['***', 'tasks', 'run', 'crypto_data_collection', 'fetch_and_store_crypto_data', 'scheduled__2023-10-03T01:06:00+00:00', '--job-id', '3496', '--raw', '--subdir', 'DAGS_FOLDER/crypto_dag.py', '--cfg-path', '/tmp/tmpa42vy__7']
[2025-02-12T22:18:37.465+0000] {standard_task_runner.py:105} INFO - Job 3496: Subtask fetch_and_store_crypto_data
[2025-02-12T22:18:37.465+0000] {standard_task_runner.py:72} INFO - Started process 9438 to run task
[2025-02-12T22:18:37.501+0000] {task_command.py:467} INFO - Running <TaskInstance: crypto_data_collection.fetch_and_store_crypto_data scheduled__2023-10-03T01:06:00+00:00 [running]> on host be7ba0dd3a47
[2025-02-12T22:18:37.586+0000] {taskinstance.py:3134} INFO - Exporting env vars: AIRFLOW_CTX_DAG_OWNER='***' AIRFLOW_CTX_DAG_ID='crypto_data_collection' AIRFLOW_CTX_TASK_ID='fetch_and_store_crypto_data' AIRFLOW_CTX_EXECUTION_DATE='2023-10-03T01:06:00+00:00' AIRFLOW_CTX_TRY_NUMBER='1' AIRFLOW_CTX_DAG_RUN_ID='scheduled__2023-10-03T01:06:00+00:00'
[2025-02-12T22:18:37.587+0000] {taskinstance.py:732} INFO - ::endgroup::
[2025-02-12T22:18:37.691+0000] {logging_mixin.py:190} INFO - Données récupérées : {'BTC': {'USD': 97444.24}, 'ETH': {'USD': 2679.69}}
[2025-02-12T22:18:37.696+0000] {logging_mixin.py:190} INFO - Données insérées dans PostgreSQL.
[2025-02-12T22:18:37.711+0000] {logging_mixin.py:190} INFO - Données uploadées dans MinIO.
[2025-02-12T22:18:37.712+0000] {python.py:240} INFO - Done. Returned value was: None
[2025-02-12T22:18:37.720+0000] {taskinstance.py:341} INFO - ::group::Post task execution logs
[2025-02-12T22:18:37.721+0000] {taskinstance.py:353} INFO - Marking task as SUCCESS. dag_id=crypto_data_collection, task_id=fetch_and_store_crypto_data, run_id=scheduled__2023-10-03T01:06:00+00:00, execution_date=20231003T010600, start_date=20250212T221837, end_date=20250212T221837
[2025-02-12T22:18:37.758+0000] {local_task_job_runner.py:266} INFO - Task exited with return code 0
[2025-02-12T22:18:37.771+0000] {taskinstance.py:3901} INFO - 0 downstream tasks scheduled from follow-on schedule check
[2025-02-12T22:18:37.773+0000] {local_task_job_runner.py:245} INFO - ::endgroup::
