[2025-02-12T23:17:56.987+0000] {local_task_job_runner.py:123} INFO - ::group::Pre task execution logs
[2025-02-12T23:17:57.003+0000] {taskinstance.py:2614} INFO - Dependencies all met for dep_context=non-requeueable deps ti=<TaskInstance: crypto_data_collection.fetch_and_store_crypto_data scheduled__2023-10-08T06:28:00+00:00 [queued]>
[2025-02-12T23:17:57.012+0000] {taskinstance.py:2614} INFO - Dependencies all met for dep_context=requeueable deps ti=<TaskInstance: crypto_data_collection.fetch_and_store_crypto_data scheduled__2023-10-08T06:28:00+00:00 [queued]>
[2025-02-12T23:17:57.012+0000] {taskinstance.py:2867} INFO - Starting attempt 1 of 2
[2025-02-12T23:17:57.053+0000] {taskinstance.py:2890} INFO - Executing <Task(PythonOperator): fetch_and_store_crypto_data> on 2023-10-08 06:28:00+00:00
[2025-02-12T23:17:57.061+0000] {logging_mixin.py:190} WARNING - /home/***/.local/lib/python3.12/site-packages/***/task/task_runner/standard_task_runner.py:70 DeprecationWarning: This process (pid=32579) is multi-threaded, use of fork() may lead to deadlocks in the child.
[2025-02-12T23:17:57.062+0000] {standard_task_runner.py:72} INFO - Started process 32589 to run task
[2025-02-12T23:17:57.061+0000] {standard_task_runner.py:104} INFO - Running: ['***', 'tasks', 'run', 'crypto_data_collection', 'fetch_and_store_crypto_data', 'scheduled__2023-10-08T06:28:00+00:00', '--job-id', '11018', '--raw', '--subdir', 'DAGS_FOLDER/crypto_dag.py', '--cfg-path', '/tmp/tmpeivxib72']
[2025-02-12T23:17:57.063+0000] {standard_task_runner.py:105} INFO - Job 11018: Subtask fetch_and_store_crypto_data
[2025-02-12T23:17:57.100+0000] {task_command.py:467} INFO - Running <TaskInstance: crypto_data_collection.fetch_and_store_crypto_data scheduled__2023-10-08T06:28:00+00:00 [running]> on host be7ba0dd3a47
[2025-02-12T23:17:57.185+0000] {taskinstance.py:3134} INFO - Exporting env vars: AIRFLOW_CTX_DAG_OWNER='***' AIRFLOW_CTX_DAG_ID='crypto_data_collection' AIRFLOW_CTX_TASK_ID='fetch_and_store_crypto_data' AIRFLOW_CTX_EXECUTION_DATE='2023-10-08T06:28:00+00:00' AIRFLOW_CTX_TRY_NUMBER='1' AIRFLOW_CTX_DAG_RUN_ID='scheduled__2023-10-08T06:28:00+00:00'
[2025-02-12T23:17:57.186+0000] {taskinstance.py:732} INFO - ::endgroup::
[2025-02-12T23:17:59.389+0000] {logging_mixin.py:190} INFO - Données récupérées : {'Response': 'Error', 'Message': 'You are over your rate limit please upgrade your account!', 'HasWarning': False, 'Type': 99, 'RateLimit': {'calls_made': {'second': 1, 'minute': 138, 'hour': 2295, 'day': 10500, 'month': 10500, 'total_calls': 10500}, 'max_calls': {'second': 20, 'minute': 300, 'hour': 3000, 'day': 7500, 'month': 11000}}, 'Data': {}}
[2025-02-12T23:17:59.392+0000] {logging_mixin.py:190} INFO - Erreur lors de l'insertion dans PostgreSQL : string indices must be integers, not 'str'
[2025-02-12T23:17:59.408+0000] {logging_mixin.py:190} INFO - Données uploadées dans MinIO.
[2025-02-12T23:17:59.408+0000] {python.py:240} INFO - Done. Returned value was: None
[2025-02-12T23:17:59.414+0000] {taskinstance.py:341} INFO - ::group::Post task execution logs
[2025-02-12T23:17:59.414+0000] {taskinstance.py:353} INFO - Marking task as SUCCESS. dag_id=crypto_data_collection, task_id=fetch_and_store_crypto_data, run_id=scheduled__2023-10-08T06:28:00+00:00, execution_date=20231008T062800, start_date=20250212T231757, end_date=20250212T231759
[2025-02-12T23:17:59.482+0000] {local_task_job_runner.py:266} INFO - Task exited with return code 0
[2025-02-12T23:17:59.492+0000] {taskinstance.py:3901} INFO - 0 downstream tasks scheduled from follow-on schedule check
[2025-02-12T23:17:59.494+0000] {local_task_job_runner.py:245} INFO - ::endgroup::
