[2025-02-12T23:07:30.655+0000] {local_task_job_runner.py:123} INFO - ::group::Pre task execution logs
[2025-02-12T23:07:30.673+0000] {taskinstance.py:2614} INFO - Dependencies all met for dep_context=non-requeueable deps ti=<TaskInstance: crypto_data_collection.fetch_and_store_crypto_data scheduled__2023-10-07T08:31:00+00:00 [queued]>
[2025-02-12T23:07:30.680+0000] {taskinstance.py:2614} INFO - Dependencies all met for dep_context=requeueable deps ti=<TaskInstance: crypto_data_collection.fetch_and_store_crypto_data scheduled__2023-10-07T08:31:00+00:00 [queued]>
[2025-02-12T23:07:30.680+0000] {taskinstance.py:2867} INFO - Starting attempt 1 of 2
[2025-02-12T23:07:30.691+0000] {taskinstance.py:2890} INFO - Executing <Task(PythonOperator): fetch_and_store_crypto_data> on 2023-10-07 08:31:00+00:00
[2025-02-12T23:07:30.696+0000] {logging_mixin.py:190} WARNING - /home/***/.local/lib/python3.12/site-packages/***/task/task_runner/standard_task_runner.py:70 DeprecationWarning: This process (pid=28534) is multi-threaded, use of fork() may lead to deadlocks in the child.
[2025-02-12T23:07:30.697+0000] {standard_task_runner.py:72} INFO - Started process 28535 to run task
[2025-02-12T23:07:30.696+0000] {standard_task_runner.py:104} INFO - Running: ['***', 'tasks', 'run', 'crypto_data_collection', 'fetch_and_store_crypto_data', 'scheduled__2023-10-07T08:31:00+00:00', '--job-id', '9701', '--raw', '--subdir', 'DAGS_FOLDER/crypto_dag.py', '--cfg-path', '/tmp/tmp_finburr']
[2025-02-12T23:07:30.698+0000] {standard_task_runner.py:105} INFO - Job 9701: Subtask fetch_and_store_crypto_data
[2025-02-12T23:07:30.727+0000] {task_command.py:467} INFO - Running <TaskInstance: crypto_data_collection.fetch_and_store_crypto_data scheduled__2023-10-07T08:31:00+00:00 [running]> on host be7ba0dd3a47
[2025-02-12T23:07:30.790+0000] {taskinstance.py:3134} INFO - Exporting env vars: AIRFLOW_CTX_DAG_OWNER='***' AIRFLOW_CTX_DAG_ID='crypto_data_collection' AIRFLOW_CTX_TASK_ID='fetch_and_store_crypto_data' AIRFLOW_CTX_EXECUTION_DATE='2023-10-07T08:31:00+00:00' AIRFLOW_CTX_TRY_NUMBER='1' AIRFLOW_CTX_DAG_RUN_ID='scheduled__2023-10-07T08:31:00+00:00'
[2025-02-12T23:07:30.790+0000] {taskinstance.py:732} INFO - ::endgroup::
[2025-02-12T23:07:31.707+0000] {logging_mixin.py:190} INFO - Données récupérées : {'Response': 'Error', 'Message': 'You are over your rate limit please upgrade your account!', 'HasWarning': False, 'Type': 99, 'RateLimit': {'calls_made': {'second': 1, 'minute': 63, 'hour': 973, 'day': 9178, 'month': 9178, 'total_calls': 9178}, 'max_calls': {'second': 20, 'minute': 300, 'hour': 3000, 'day': 7500, 'month': 11000}}, 'Data': {}}
[2025-02-12T23:07:31.715+0000] {logging_mixin.py:190} INFO - Erreur lors de l'insertion dans PostgreSQL : string indices must be integers, not 'str'
[2025-02-12T23:07:31.738+0000] {logging_mixin.py:190} INFO - Données uploadées dans MinIO.
[2025-02-12T23:07:31.739+0000] {python.py:240} INFO - Done. Returned value was: None
[2025-02-12T23:07:31.746+0000] {taskinstance.py:341} INFO - ::group::Post task execution logs
[2025-02-12T23:07:31.746+0000] {taskinstance.py:353} INFO - Marking task as SUCCESS. dag_id=crypto_data_collection, task_id=fetch_and_store_crypto_data, run_id=scheduled__2023-10-07T08:31:00+00:00, execution_date=20231007T083100, start_date=20250212T230730, end_date=20250212T230731
[2025-02-12T23:07:31.794+0000] {local_task_job_runner.py:266} INFO - Task exited with return code 0
[2025-02-12T23:07:31.806+0000] {taskinstance.py:3901} INFO - 0 downstream tasks scheduled from follow-on schedule check
[2025-02-12T23:07:31.809+0000] {local_task_job_runner.py:245} INFO - ::endgroup::
