[2025-02-12T22:57:49.014+0000] {local_task_job_runner.py:123} INFO - ::group::Pre task execution logs
[2025-02-12T22:57:49.025+0000] {taskinstance.py:2614} INFO - Dependencies all met for dep_context=non-requeueable deps ti=<TaskInstance: crypto_data_collection.fetch_and_store_crypto_data scheduled__2023-10-06T11:07:00+00:00 [queued]>
[2025-02-12T22:57:49.031+0000] {taskinstance.py:2614} INFO - Dependencies all met for dep_context=requeueable deps ti=<TaskInstance: crypto_data_collection.fetch_and_store_crypto_data scheduled__2023-10-06T11:07:00+00:00 [queued]>
[2025-02-12T22:57:49.031+0000] {taskinstance.py:2867} INFO - Starting attempt 1 of 2
[2025-02-12T22:57:49.042+0000] {taskinstance.py:2890} INFO - Executing <Task(PythonOperator): fetch_and_store_crypto_data> on 2023-10-06 11:07:00+00:00
[2025-02-12T22:57:49.047+0000] {logging_mixin.py:190} WARNING - /home/***/.local/lib/python3.12/site-packages/***/task/task_runner/standard_task_runner.py:70 DeprecationWarning: This process (pid=24578) is multi-threaded, use of fork() may lead to deadlocks in the child.
[2025-02-12T22:57:49.047+0000] {standard_task_runner.py:72} INFO - Started process 24584 to run task
[2025-02-12T22:57:49.047+0000] {standard_task_runner.py:104} INFO - Running: ['***', 'tasks', 'run', 'crypto_data_collection', 'fetch_and_store_crypto_data', 'scheduled__2023-10-06T11:07:00+00:00', '--job-id', '8417', '--raw', '--subdir', 'DAGS_FOLDER/crypto_dag.py', '--cfg-path', '/tmp/tmpe0s2zi85']
[2025-02-12T22:57:49.049+0000] {standard_task_runner.py:105} INFO - Job 8417: Subtask fetch_and_store_crypto_data
[2025-02-12T22:57:49.076+0000] {task_command.py:467} INFO - Running <TaskInstance: crypto_data_collection.fetch_and_store_crypto_data scheduled__2023-10-06T11:07:00+00:00 [running]> on host be7ba0dd3a47
[2025-02-12T22:57:49.137+0000] {taskinstance.py:3134} INFO - Exporting env vars: AIRFLOW_CTX_DAG_OWNER='***' AIRFLOW_CTX_DAG_ID='crypto_data_collection' AIRFLOW_CTX_TASK_ID='fetch_and_store_crypto_data' AIRFLOW_CTX_EXECUTION_DATE='2023-10-06T11:07:00+00:00' AIRFLOW_CTX_TRY_NUMBER='1' AIRFLOW_CTX_DAG_RUN_ID='scheduled__2023-10-06T11:07:00+00:00'
[2025-02-12T22:57:49.138+0000] {taskinstance.py:732} INFO - ::endgroup::
[2025-02-12T22:57:49.282+0000] {logging_mixin.py:190} INFO - Données récupérées : {'Response': 'Error', 'Message': 'You are over your rate limit please upgrade your account!', 'HasWarning': False, 'Type': 99, 'RateLimit': {'calls_made': {'second': 3, 'minute': 106, 'hour': 7000, 'day': 7894, 'month': 7894, 'total_calls': 7894}, 'max_calls': {'second': 20, 'minute': 300, 'hour': 3000, 'day': 7500, 'month': 11000}}, 'Data': {}}
[2025-02-12T22:57:49.284+0000] {logging_mixin.py:190} INFO - Erreur lors de l'insertion dans PostgreSQL : string indices must be integers, not 'str'
[2025-02-12T22:57:49.300+0000] {logging_mixin.py:190} INFO - Données uploadées dans MinIO.
[2025-02-12T22:57:49.300+0000] {python.py:240} INFO - Done. Returned value was: None
[2025-02-12T22:57:49.305+0000] {taskinstance.py:341} INFO - ::group::Post task execution logs
[2025-02-12T22:57:49.306+0000] {taskinstance.py:353} INFO - Marking task as SUCCESS. dag_id=crypto_data_collection, task_id=fetch_and_store_crypto_data, run_id=scheduled__2023-10-06T11:07:00+00:00, execution_date=20231006T110700, start_date=20250212T225749, end_date=20250212T225749
[2025-02-12T22:57:49.382+0000] {local_task_job_runner.py:266} INFO - Task exited with return code 0
[2025-02-12T22:57:49.418+0000] {taskinstance.py:3901} INFO - 0 downstream tasks scheduled from follow-on schedule check
[2025-02-12T22:57:49.422+0000] {local_task_job_runner.py:245} INFO - ::endgroup::
