[2025-02-12T23:00:13.569+0000] {local_task_job_runner.py:123} INFO - ::group::Pre task execution logs
[2025-02-12T23:00:13.579+0000] {taskinstance.py:2614} INFO - Dependencies all met for dep_context=non-requeueable deps ti=<TaskInstance: crypto_data_collection.fetch_and_store_crypto_data scheduled__2023-10-06T16:52:00+00:00 [queued]>
[2025-02-12T23:00:13.584+0000] {taskinstance.py:2614} INFO - Dependencies all met for dep_context=requeueable deps ti=<TaskInstance: crypto_data_collection.fetch_and_store_crypto_data scheduled__2023-10-06T16:52:00+00:00 [queued]>
[2025-02-12T23:00:13.584+0000] {taskinstance.py:2867} INFO - Starting attempt 1 of 2
[2025-02-12T23:00:13.593+0000] {taskinstance.py:2890} INFO - Executing <Task(PythonOperator): fetch_and_store_crypto_data> on 2023-10-06 16:52:00+00:00
[2025-02-12T23:00:13.597+0000] {logging_mixin.py:190} WARNING - /home/***/.local/lib/python3.12/site-packages/***/task/task_runner/standard_task_runner.py:70 DeprecationWarning: This process (pid=25642) is multi-threaded, use of fork() may lead to deadlocks in the child.
[2025-02-12T23:00:13.598+0000] {standard_task_runner.py:72} INFO - Started process 25643 to run task
[2025-02-12T23:00:13.597+0000] {standard_task_runner.py:104} INFO - Running: ['***', 'tasks', 'run', 'crypto_data_collection', 'fetch_and_store_crypto_data', 'scheduled__2023-10-06T16:52:00+00:00', '--job-id', '8762', '--raw', '--subdir', 'DAGS_FOLDER/crypto_dag.py', '--cfg-path', '/tmp/tmpx47tuerr']
[2025-02-12T23:00:13.598+0000] {standard_task_runner.py:105} INFO - Job 8762: Subtask fetch_and_store_crypto_data
[2025-02-12T23:00:13.663+0000] {task_command.py:467} INFO - Running <TaskInstance: crypto_data_collection.fetch_and_store_crypto_data scheduled__2023-10-06T16:52:00+00:00 [running]> on host be7ba0dd3a47
[2025-02-12T23:00:13.745+0000] {taskinstance.py:3134} INFO - Exporting env vars: AIRFLOW_CTX_DAG_OWNER='***' AIRFLOW_CTX_DAG_ID='crypto_data_collection' AIRFLOW_CTX_TASK_ID='fetch_and_store_crypto_data' AIRFLOW_CTX_EXECUTION_DATE='2023-10-06T16:52:00+00:00' AIRFLOW_CTX_TRY_NUMBER='1' AIRFLOW_CTX_DAG_RUN_ID='scheduled__2023-10-06T16:52:00+00:00'
[2025-02-12T23:00:13.746+0000] {taskinstance.py:732} INFO - ::endgroup::
[2025-02-12T23:00:13.869+0000] {logging_mixin.py:190} INFO - Données récupérées : {'BTC': {'USD': 97822.86}, 'ETH': {'USD': 2746.27}}
[2025-02-12T23:00:13.882+0000] {logging_mixin.py:190} INFO - Données insérées dans PostgreSQL.
[2025-02-12T23:00:13.901+0000] {logging_mixin.py:190} INFO - Données uploadées dans MinIO.
[2025-02-12T23:00:13.901+0000] {python.py:240} INFO - Done. Returned value was: None
[2025-02-12T23:00:13.907+0000] {taskinstance.py:341} INFO - ::group::Post task execution logs
[2025-02-12T23:00:13.907+0000] {taskinstance.py:353} INFO - Marking task as SUCCESS. dag_id=crypto_data_collection, task_id=fetch_and_store_crypto_data, run_id=scheduled__2023-10-06T16:52:00+00:00, execution_date=20231006T165200, start_date=20250212T230013, end_date=20250212T230013
[2025-02-12T23:00:13.932+0000] {local_task_job_runner.py:266} INFO - Task exited with return code 0
[2025-02-12T23:00:13.941+0000] {taskinstance.py:3901} INFO - 0 downstream tasks scheduled from follow-on schedule check
[2025-02-12T23:00:13.944+0000] {local_task_job_runner.py:245} INFO - ::endgroup::
