[2025-02-12T23:10:11.083+0000] {local_task_job_runner.py:123} INFO - ::group::Pre task execution logs
[2025-02-12T23:10:11.101+0000] {taskinstance.py:2614} INFO - Dependencies all met for dep_context=non-requeueable deps ti=<TaskInstance: crypto_data_collection.fetch_and_store_crypto_data scheduled__2023-10-07T13:44:00+00:00 [queued]>
[2025-02-12T23:10:11.110+0000] {taskinstance.py:2614} INFO - Dependencies all met for dep_context=requeueable deps ti=<TaskInstance: crypto_data_collection.fetch_and_store_crypto_data scheduled__2023-10-07T13:44:00+00:00 [queued]>
[2025-02-12T23:10:11.111+0000] {taskinstance.py:2867} INFO - Starting attempt 1 of 2
[2025-02-12T23:10:11.135+0000] {taskinstance.py:2890} INFO - Executing <Task(PythonOperator): fetch_and_store_crypto_data> on 2023-10-07 13:44:00+00:00
[2025-02-12T23:10:11.142+0000] {logging_mixin.py:190} WARNING - /home/***/.local/lib/python3.12/site-packages/***/task/task_runner/standard_task_runner.py:70 DeprecationWarning: This process (pid=29490) is multi-threaded, use of fork() may lead to deadlocks in the child.
[2025-02-12T23:10:11.143+0000] {standard_task_runner.py:72} INFO - Started process 29502 to run task
[2025-02-12T23:10:11.142+0000] {standard_task_runner.py:104} INFO - Running: ['***', 'tasks', 'run', 'crypto_data_collection', 'fetch_and_store_crypto_data', 'scheduled__2023-10-07T13:44:00+00:00', '--job-id', '10014', '--raw', '--subdir', 'DAGS_FOLDER/crypto_dag.py', '--cfg-path', '/tmp/tmp3j50n8p0']
[2025-02-12T23:10:11.144+0000] {standard_task_runner.py:105} INFO - Job 10014: Subtask fetch_and_store_crypto_data
[2025-02-12T23:10:11.179+0000] {task_command.py:467} INFO - Running <TaskInstance: crypto_data_collection.fetch_and_store_crypto_data scheduled__2023-10-07T13:44:00+00:00 [running]> on host be7ba0dd3a47
[2025-02-12T23:10:11.250+0000] {taskinstance.py:3134} INFO - Exporting env vars: AIRFLOW_CTX_DAG_OWNER='***' AIRFLOW_CTX_DAG_ID='crypto_data_collection' AIRFLOW_CTX_TASK_ID='fetch_and_store_crypto_data' AIRFLOW_CTX_EXECUTION_DATE='2023-10-07T13:44:00+00:00' AIRFLOW_CTX_TRY_NUMBER='1' AIRFLOW_CTX_DAG_RUN_ID='scheduled__2023-10-07T13:44:00+00:00'
[2025-02-12T23:10:11.251+0000] {taskinstance.py:732} INFO - ::endgroup::
[2025-02-12T23:10:11.363+0000] {logging_mixin.py:190} INFO - Données récupérées : {'Response': 'Error', 'Message': 'You are over your rate limit please upgrade your account!', 'HasWarning': False, 'Type': 99, 'RateLimit': {'calls_made': {'second': 3, 'minute': 28, 'hour': 1285, 'day': 9490, 'month': 9490, 'total_calls': 9490}, 'max_calls': {'second': 20, 'minute': 300, 'hour': 3000, 'day': 7500, 'month': 11000}}, 'Data': {}}
[2025-02-12T23:10:11.366+0000] {logging_mixin.py:190} INFO - Erreur lors de l'insertion dans PostgreSQL : string indices must be integers, not 'str'
[2025-02-12T23:10:11.377+0000] {logging_mixin.py:190} INFO - Données uploadées dans MinIO.
[2025-02-12T23:10:11.378+0000] {python.py:240} INFO - Done. Returned value was: None
[2025-02-12T23:10:11.384+0000] {taskinstance.py:341} INFO - ::group::Post task execution logs
[2025-02-12T23:10:11.384+0000] {taskinstance.py:353} INFO - Marking task as SUCCESS. dag_id=crypto_data_collection, task_id=fetch_and_store_crypto_data, run_id=scheduled__2023-10-07T13:44:00+00:00, execution_date=20231007T134400, start_date=20250212T231011, end_date=20250212T231011
[2025-02-12T23:10:11.436+0000] {local_task_job_runner.py:266} INFO - Task exited with return code 0
[2025-02-12T23:10:11.443+0000] {local_task_job_runner.py:245} INFO - ::endgroup::
