[2025-02-12T23:04:46.203+0000] {local_task_job_runner.py:123} INFO - ::group::Pre task execution logs
[2025-02-12T23:04:46.214+0000] {taskinstance.py:2614} INFO - Dependencies all met for dep_context=non-requeueable deps ti=<TaskInstance: crypto_data_collection.fetch_and_store_crypto_data scheduled__2023-10-07T02:40:00+00:00 [queued]>
[2025-02-12T23:04:46.219+0000] {taskinstance.py:2614} INFO - Dependencies all met for dep_context=requeueable deps ti=<TaskInstance: crypto_data_collection.fetch_and_store_crypto_data scheduled__2023-10-07T02:40:00+00:00 [queued]>
[2025-02-12T23:04:46.220+0000] {taskinstance.py:2867} INFO - Starting attempt 1 of 2
[2025-02-12T23:04:46.230+0000] {taskinstance.py:2890} INFO - Executing <Task(PythonOperator): fetch_and_store_crypto_data> on 2023-10-07 02:40:00+00:00
[2025-02-12T23:04:46.235+0000] {logging_mixin.py:190} WARNING - /home/***/.local/lib/python3.12/site-packages/***/task/task_runner/standard_task_runner.py:70 DeprecationWarning: This process (pid=27445) is multi-threaded, use of fork() may lead to deadlocks in the child.
[2025-02-12T23:04:46.236+0000] {standard_task_runner.py:72} INFO - Started process 27452 to run task
[2025-02-12T23:04:46.235+0000] {standard_task_runner.py:104} INFO - Running: ['***', 'tasks', 'run', 'crypto_data_collection', 'fetch_and_store_crypto_data', 'scheduled__2023-10-07T02:40:00+00:00', '--job-id', '9350', '--raw', '--subdir', 'DAGS_FOLDER/crypto_dag.py', '--cfg-path', '/tmp/tmpqs_5ypkc']
[2025-02-12T23:04:46.237+0000] {standard_task_runner.py:105} INFO - Job 9350: Subtask fetch_and_store_crypto_data
[2025-02-12T23:04:46.267+0000] {task_command.py:467} INFO - Running <TaskInstance: crypto_data_collection.fetch_and_store_crypto_data scheduled__2023-10-07T02:40:00+00:00 [running]> on host be7ba0dd3a47
[2025-02-12T23:04:46.331+0000] {taskinstance.py:3134} INFO - Exporting env vars: AIRFLOW_CTX_DAG_OWNER='***' AIRFLOW_CTX_DAG_ID='crypto_data_collection' AIRFLOW_CTX_TASK_ID='fetch_and_store_crypto_data' AIRFLOW_CTX_EXECUTION_DATE='2023-10-07T02:40:00+00:00' AIRFLOW_CTX_TRY_NUMBER='1' AIRFLOW_CTX_DAG_RUN_ID='scheduled__2023-10-07T02:40:00+00:00'
[2025-02-12T23:04:46.332+0000] {taskinstance.py:732} INFO - ::endgroup::
[2025-02-12T23:04:46.446+0000] {logging_mixin.py:190} INFO - Données récupérées : {'Response': 'Error', 'Message': 'You are over your rate limit please upgrade your account!', 'HasWarning': False, 'Type': 99, 'RateLimit': {'calls_made': {'second': 5, 'minute': 80, 'hour': 621, 'day': 8826, 'month': 8826, 'total_calls': 8826}, 'max_calls': {'second': 20, 'minute': 300, 'hour': 3000, 'day': 7500, 'month': 11000}}, 'Data': {}}
[2025-02-12T23:04:46.453+0000] {logging_mixin.py:190} INFO - Erreur lors de l'insertion dans PostgreSQL : string indices must be integers, not 'str'
[2025-02-12T23:04:46.473+0000] {logging_mixin.py:190} INFO - Données uploadées dans MinIO.
[2025-02-12T23:04:46.474+0000] {python.py:240} INFO - Done. Returned value was: None
[2025-02-12T23:04:46.493+0000] {taskinstance.py:341} INFO - ::group::Post task execution logs
[2025-02-12T23:04:46.494+0000] {taskinstance.py:353} INFO - Marking task as SUCCESS. dag_id=crypto_data_collection, task_id=fetch_and_store_crypto_data, run_id=scheduled__2023-10-07T02:40:00+00:00, execution_date=20231007T024000, start_date=20250212T230446, end_date=20250212T230446
[2025-02-12T23:04:46.570+0000] {local_task_job_runner.py:266} INFO - Task exited with return code 0
[2025-02-12T23:04:46.604+0000] {taskinstance.py:3901} INFO - 0 downstream tasks scheduled from follow-on schedule check
[2025-02-12T23:04:46.607+0000] {local_task_job_runner.py:245} INFO - ::endgroup::
