[2025-02-12T23:31:05.784+0000] {local_task_job_runner.py:123} INFO - ::group::Pre task execution logs
[2025-02-12T23:31:05.800+0000] {taskinstance.py:2614} INFO - Dependencies all met for dep_context=non-requeueable deps ti=<TaskInstance: crypto_data_collection.fetch_and_store_crypto_data scheduled__2023-10-09T11:00:00+00:00 [queued]>
[2025-02-12T23:31:05.808+0000] {taskinstance.py:2614} INFO - Dependencies all met for dep_context=requeueable deps ti=<TaskInstance: crypto_data_collection.fetch_and_store_crypto_data scheduled__2023-10-09T11:00:00+00:00 [queued]>
[2025-02-12T23:31:05.808+0000] {taskinstance.py:2867} INFO - Starting attempt 1 of 2
[2025-02-12T23:31:05.825+0000] {taskinstance.py:2890} INFO - Executing <Task(PythonOperator): fetch_and_store_crypto_data> on 2023-10-09 11:00:00+00:00
[2025-02-12T23:31:05.834+0000] {logging_mixin.py:190} WARNING - /home/***/.local/lib/python3.12/site-packages/***/task/task_runner/standard_task_runner.py:70 DeprecationWarning: This process (pid=37845) is multi-threaded, use of fork() may lead to deadlocks in the child.
[2025-02-12T23:31:05.835+0000] {standard_task_runner.py:72} INFO - Started process 37854 to run task
[2025-02-12T23:31:05.834+0000] {standard_task_runner.py:104} INFO - Running: ['***', 'tasks', 'run', 'crypto_data_collection', 'fetch_and_store_crypto_data', 'scheduled__2023-10-09T11:00:00+00:00', '--job-id', '12730', '--raw', '--subdir', 'DAGS_FOLDER/crypto_dag.py', '--cfg-path', '/tmp/tmp052yh571']
[2025-02-12T23:31:05.837+0000] {standard_task_runner.py:105} INFO - Job 12730: Subtask fetch_and_store_crypto_data
[2025-02-12T23:31:05.882+0000] {task_command.py:467} INFO - Running <TaskInstance: crypto_data_collection.fetch_and_store_crypto_data scheduled__2023-10-09T11:00:00+00:00 [running]> on host be7ba0dd3a47
[2025-02-12T23:31:05.975+0000] {taskinstance.py:3134} INFO - Exporting env vars: AIRFLOW_CTX_DAG_OWNER='***' AIRFLOW_CTX_DAG_ID='crypto_data_collection' AIRFLOW_CTX_TASK_ID='fetch_and_store_crypto_data' AIRFLOW_CTX_EXECUTION_DATE='2023-10-09T11:00:00+00:00' AIRFLOW_CTX_TRY_NUMBER='1' AIRFLOW_CTX_DAG_RUN_ID='scheduled__2023-10-09T11:00:00+00:00'
[2025-02-12T23:31:05.976+0000] {taskinstance.py:732} INFO - ::endgroup::
[2025-02-12T23:31:06.104+0000] {logging_mixin.py:190} INFO - Données récupérées : {'Response': 'Error', 'Message': 'You are over your rate limit please upgrade your account!', 'HasWarning': False, 'Type': 99, 'RateLimit': {'calls_made': {'second': 2, 'minute': 18, 'hour': 4001, 'day': 12206, 'month': 12206, 'total_calls': 12206}, 'max_calls': {'second': 20, 'minute': 300, 'hour': 3000, 'day': 7500, 'month': 11000}}, 'Data': {}}
[2025-02-12T23:31:06.107+0000] {logging_mixin.py:190} INFO - Erreur lors de l'insertion dans PostgreSQL : string indices must be integers, not 'str'
[2025-02-12T23:31:06.119+0000] {logging_mixin.py:190} INFO - Données uploadées dans MinIO.
[2025-02-12T23:31:06.120+0000] {python.py:240} INFO - Done. Returned value was: None
[2025-02-12T23:31:06.126+0000] {taskinstance.py:341} INFO - ::group::Post task execution logs
[2025-02-12T23:31:06.127+0000] {taskinstance.py:353} INFO - Marking task as SUCCESS. dag_id=crypto_data_collection, task_id=fetch_and_store_crypto_data, run_id=scheduled__2023-10-09T11:00:00+00:00, execution_date=20231009T110000, start_date=20250212T233105, end_date=20250212T233106
[2025-02-12T23:31:06.170+0000] {local_task_job_runner.py:266} INFO - Task exited with return code 0
[2025-02-12T23:31:06.180+0000] {taskinstance.py:3901} INFO - 0 downstream tasks scheduled from follow-on schedule check
[2025-02-12T23:31:06.183+0000] {local_task_job_runner.py:245} INFO - ::endgroup::
