[2025-02-12T21:59:16.879+0000] {local_task_job_runner.py:123} INFO - ::group::Pre task execution logs
[2025-02-12T21:59:16.902+0000] {taskinstance.py:2614} INFO - Dependencies all met for dep_context=non-requeueable deps ti=<TaskInstance: crypto_data_collection.fetch_and_store_crypto_data scheduled__2023-10-01T12:51:00+00:00 [queued]>
[2025-02-12T21:59:16.913+0000] {taskinstance.py:2614} INFO - Dependencies all met for dep_context=requeueable deps ti=<TaskInstance: crypto_data_collection.fetch_and_store_crypto_data scheduled__2023-10-01T12:51:00+00:00 [queued]>
[2025-02-12T21:59:16.913+0000] {taskinstance.py:2867} INFO - Starting attempt 1 of 2
[2025-02-12T21:59:16.932+0000] {taskinstance.py:2890} INFO - Executing <Task(PythonOperator): fetch_and_store_crypto_data> on 2023-10-01 12:51:00+00:00
[2025-02-12T21:59:16.940+0000] {logging_mixin.py:190} WARNING - /home/***/.local/lib/python3.12/site-packages/***/task/task_runner/standard_task_runner.py:70 DeprecationWarning: This process (pid=2713) is multi-threaded, use of fork() may lead to deadlocks in the child.
[2025-02-12T21:59:16.939+0000] {standard_task_runner.py:104} INFO - Running: ['***', 'tasks', 'run', 'crypto_data_collection', 'fetch_and_store_crypto_data', 'scheduled__2023-10-01T12:51:00+00:00', '--job-id', '1321', '--raw', '--subdir', 'DAGS_FOLDER/crypto_dag.py', '--cfg-path', '/tmp/tmpvs1w0u7e']
[2025-02-12T21:59:16.940+0000] {standard_task_runner.py:72} INFO - Started process 2722 to run task
[2025-02-12T21:59:16.941+0000] {standard_task_runner.py:105} INFO - Job 1321: Subtask fetch_and_store_crypto_data
[2025-02-12T21:59:16.980+0000] {task_command.py:467} INFO - Running <TaskInstance: crypto_data_collection.fetch_and_store_crypto_data scheduled__2023-10-01T12:51:00+00:00 [running]> on host be7ba0dd3a47
[2025-02-12T21:59:17.061+0000] {taskinstance.py:3134} INFO - Exporting env vars: AIRFLOW_CTX_DAG_OWNER='***' AIRFLOW_CTX_DAG_ID='crypto_data_collection' AIRFLOW_CTX_TASK_ID='fetch_and_store_crypto_data' AIRFLOW_CTX_EXECUTION_DATE='2023-10-01T12:51:00+00:00' AIRFLOW_CTX_TRY_NUMBER='1' AIRFLOW_CTX_DAG_RUN_ID='scheduled__2023-10-01T12:51:00+00:00'
[2025-02-12T21:59:17.062+0000] {taskinstance.py:732} INFO - ::endgroup::
[2025-02-12T21:59:17.217+0000] {logging_mixin.py:190} INFO - Données récupérées : {'BTC': {'USD': 97666.02}, 'ETH': {'USD': 2683.38}}
[2025-02-12T21:59:17.222+0000] {logging_mixin.py:190} INFO - Données insérées dans PostgreSQL.
[2025-02-12T21:59:17.236+0000] {logging_mixin.py:190} INFO - Données uploadées dans MinIO.
[2025-02-12T21:59:17.237+0000] {python.py:240} INFO - Done. Returned value was: None
[2025-02-12T21:59:17.243+0000] {taskinstance.py:341} INFO - ::group::Post task execution logs
[2025-02-12T21:59:17.244+0000] {taskinstance.py:353} INFO - Marking task as SUCCESS. dag_id=crypto_data_collection, task_id=fetch_and_store_crypto_data, run_id=scheduled__2023-10-01T12:51:00+00:00, execution_date=20231001T125100, start_date=20250212T215916, end_date=20250212T215917
[2025-02-12T21:59:17.274+0000] {local_task_job_runner.py:266} INFO - Task exited with return code 0
[2025-02-12T21:59:17.284+0000] {taskinstance.py:3901} INFO - 0 downstream tasks scheduled from follow-on schedule check
[2025-02-12T21:59:17.287+0000] {local_task_job_runner.py:245} INFO - ::endgroup::
