[2025-02-12T23:24:44.347+0000] {local_task_job_runner.py:123} INFO - ::group::Pre task execution logs
[2025-02-12T23:24:44.362+0000] {taskinstance.py:2614} INFO - Dependencies all met for dep_context=non-requeueable deps ti=<TaskInstance: crypto_data_collection.fetch_and_store_crypto_data scheduled__2023-10-08T21:27:00+00:00 [queued]>
[2025-02-12T23:24:44.370+0000] {taskinstance.py:2614} INFO - Dependencies all met for dep_context=requeueable deps ti=<TaskInstance: crypto_data_collection.fetch_and_store_crypto_data scheduled__2023-10-08T21:27:00+00:00 [queued]>
[2025-02-12T23:24:44.370+0000] {taskinstance.py:2867} INFO - Starting attempt 1 of 2
[2025-02-12T23:24:44.383+0000] {taskinstance.py:2890} INFO - Executing <Task(PythonOperator): fetch_and_store_crypto_data> on 2023-10-08 21:27:00+00:00
[2025-02-12T23:24:44.388+0000] {logging_mixin.py:190} WARNING - /home/***/.local/lib/python3.12/site-packages/***/task/task_runner/standard_task_runner.py:70 DeprecationWarning: This process (pid=35346) is multi-threaded, use of fork() may lead to deadlocks in the child.
[2025-02-12T23:24:44.389+0000] {standard_task_runner.py:72} INFO - Started process 35355 to run task
[2025-02-12T23:24:44.389+0000] {standard_task_runner.py:104} INFO - Running: ['***', 'tasks', 'run', 'crypto_data_collection', 'fetch_and_store_crypto_data', 'scheduled__2023-10-08T21:27:00+00:00', '--job-id', '11917', '--raw', '--subdir', 'DAGS_FOLDER/crypto_dag.py', '--cfg-path', '/tmp/tmpwgar6n0y']
[2025-02-12T23:24:44.390+0000] {standard_task_runner.py:105} INFO - Job 11917: Subtask fetch_and_store_crypto_data
[2025-02-12T23:24:44.423+0000] {task_command.py:467} INFO - Running <TaskInstance: crypto_data_collection.fetch_and_store_crypto_data scheduled__2023-10-08T21:27:00+00:00 [running]> on host be7ba0dd3a47
[2025-02-12T23:24:44.489+0000] {taskinstance.py:3134} INFO - Exporting env vars: AIRFLOW_CTX_DAG_OWNER='***' AIRFLOW_CTX_DAG_ID='crypto_data_collection' AIRFLOW_CTX_TASK_ID='fetch_and_store_crypto_data' AIRFLOW_CTX_EXECUTION_DATE='2023-10-08T21:27:00+00:00' AIRFLOW_CTX_TRY_NUMBER='1' AIRFLOW_CTX_DAG_RUN_ID='scheduled__2023-10-08T21:27:00+00:00'
[2025-02-12T23:24:44.489+0000] {taskinstance.py:732} INFO - ::endgroup::
[2025-02-12T23:24:44.591+0000] {logging_mixin.py:190} INFO - Données récupérées : {'Response': 'Error', 'Message': 'You are over your rate limit please upgrade your account!', 'HasWarning': False, 'Type': 99, 'RateLimit': {'calls_made': {'second': 7, 'minute': 127, 'hour': 3189, 'day': 11394, 'month': 11394, 'total_calls': 11394}, 'max_calls': {'second': 20, 'minute': 300, 'hour': 3000, 'day': 7500, 'month': 11000}}, 'Data': {}}
[2025-02-12T23:24:44.593+0000] {logging_mixin.py:190} INFO - Erreur lors de l'insertion dans PostgreSQL : string indices must be integers, not 'str'
[2025-02-12T23:24:44.611+0000] {logging_mixin.py:190} INFO - Données uploadées dans MinIO.
[2025-02-12T23:24:44.612+0000] {python.py:240} INFO - Done. Returned value was: None
[2025-02-12T23:24:44.618+0000] {taskinstance.py:341} INFO - ::group::Post task execution logs
[2025-02-12T23:24:44.619+0000] {taskinstance.py:353} INFO - Marking task as SUCCESS. dag_id=crypto_data_collection, task_id=fetch_and_store_crypto_data, run_id=scheduled__2023-10-08T21:27:00+00:00, execution_date=20231008T212700, start_date=20250212T232444, end_date=20250212T232444
[2025-02-12T23:24:44.643+0000] {local_task_job_runner.py:266} INFO - Task exited with return code 0
[2025-02-12T23:24:44.653+0000] {taskinstance.py:3901} INFO - 0 downstream tasks scheduled from follow-on schedule check
[2025-02-12T23:24:44.655+0000] {local_task_job_runner.py:245} INFO - ::endgroup::
