[2025-02-12T21:53:43.026+0000] {local_task_job_runner.py:123} INFO - ::group::Pre task execution logs
[2025-02-12T21:53:43.040+0000] {taskinstance.py:2614} INFO - Dependencies all met for dep_context=non-requeueable deps ti=<TaskInstance: crypto_data_collection.fetch_and_store_crypto_data scheduled__2023-10-01T01:17:00+00:00 [queued]>
[2025-02-12T21:53:43.048+0000] {taskinstance.py:2614} INFO - Dependencies all met for dep_context=requeueable deps ti=<TaskInstance: crypto_data_collection.fetch_and_store_crypto_data scheduled__2023-10-01T01:17:00+00:00 [queued]>
[2025-02-12T21:53:43.048+0000] {taskinstance.py:2867} INFO - Starting attempt 1 of 2
[2025-02-12T21:53:43.086+0000] {taskinstance.py:2890} INFO - Executing <Task(PythonOperator): fetch_and_store_crypto_data> on 2023-10-01 01:17:00+00:00
[2025-02-12T21:53:43.092+0000] {logging_mixin.py:190} WARNING - /home/***/.local/lib/python3.12/site-packages/***/task/task_runner/standard_task_runner.py:70 DeprecationWarning: This process (pid=577) is multi-threaded, use of fork() may lead to deadlocks in the child.
[2025-02-12T21:53:43.093+0000] {standard_task_runner.py:72} INFO - Started process 583 to run task
[2025-02-12T21:53:43.093+0000] {standard_task_runner.py:104} INFO - Running: ['***', 'tasks', 'run', 'crypto_data_collection', 'fetch_and_store_crypto_data', 'scheduled__2023-10-01T01:17:00+00:00', '--job-id', '626', '--raw', '--subdir', 'DAGS_FOLDER/crypto_dag.py', '--cfg-path', '/tmp/tmp8rkc6c13']
[2025-02-12T21:53:43.095+0000] {standard_task_runner.py:105} INFO - Job 626: Subtask fetch_and_store_crypto_data
[2025-02-12T21:53:43.132+0000] {task_command.py:467} INFO - Running <TaskInstance: crypto_data_collection.fetch_and_store_crypto_data scheduled__2023-10-01T01:17:00+00:00 [running]> on host be7ba0dd3a47
[2025-02-12T21:53:43.208+0000] {taskinstance.py:3134} INFO - Exporting env vars: AIRFLOW_CTX_DAG_OWNER='***' AIRFLOW_CTX_DAG_ID='crypto_data_collection' AIRFLOW_CTX_TASK_ID='fetch_and_store_crypto_data' AIRFLOW_CTX_EXECUTION_DATE='2023-10-01T01:17:00+00:00' AIRFLOW_CTX_TRY_NUMBER='1' AIRFLOW_CTX_DAG_RUN_ID='scheduled__2023-10-01T01:17:00+00:00'
[2025-02-12T21:53:43.209+0000] {taskinstance.py:732} INFO - ::endgroup::
[2025-02-12T21:53:43.306+0000] {logging_mixin.py:190} INFO - Données récupérées : {'BTC': {'USD': 97620.16}, 'ETH': {'USD': 2687.86}}
[2025-02-12T21:53:43.312+0000] {logging_mixin.py:190} INFO - Données insérées dans PostgreSQL.
[2025-02-12T21:53:43.315+0000] {logging_mixin.py:190} INFO - Erreur lors de l'upload dans MinIO : S3 operation failed; code: NoSuchBucket, message: The specified bucket does not exist, resource: /crypto-data, request_id: 1823948F12F4A0F2, host_id: dd9025bab4ad464b049177c95eb6ebf374d3b3fd1af9251148b658df7ac2e3e8, bucket_name: crypto-data
[2025-02-12T21:53:43.315+0000] {python.py:240} INFO - Done. Returned value was: None
[2025-02-12T21:53:43.322+0000] {taskinstance.py:341} INFO - ::group::Post task execution logs
[2025-02-12T21:53:43.322+0000] {taskinstance.py:353} INFO - Marking task as SUCCESS. dag_id=crypto_data_collection, task_id=fetch_and_store_crypto_data, run_id=scheduled__2023-10-01T01:17:00+00:00, execution_date=20231001T011700, start_date=20250212T215343, end_date=20250212T215343
[2025-02-12T21:53:43.346+0000] {local_task_job_runner.py:266} INFO - Task exited with return code 0
[2025-02-12T21:53:43.357+0000] {taskinstance.py:3901} INFO - 0 downstream tasks scheduled from follow-on schedule check
[2025-02-12T21:53:43.360+0000] {local_task_job_runner.py:245} INFO - ::endgroup::
