[2025-02-12T23:11:22.189+0000] {local_task_job_runner.py:123} INFO - ::group::Pre task execution logs
[2025-02-12T23:11:22.206+0000] {taskinstance.py:2614} INFO - Dependencies all met for dep_context=non-requeueable deps ti=<TaskInstance: crypto_data_collection.fetch_and_store_crypto_data scheduled__2023-10-07T16:11:00+00:00 [queued]>
[2025-02-12T23:11:22.215+0000] {taskinstance.py:2614} INFO - Dependencies all met for dep_context=requeueable deps ti=<TaskInstance: crypto_data_collection.fetch_and_store_crypto_data scheduled__2023-10-07T16:11:00+00:00 [queued]>
[2025-02-12T23:11:22.215+0000] {taskinstance.py:2867} INFO - Starting attempt 1 of 2
[2025-02-12T23:11:22.228+0000] {taskinstance.py:2890} INFO - Executing <Task(PythonOperator): fetch_and_store_crypto_data> on 2023-10-07 16:11:00+00:00
[2025-02-12T23:11:22.234+0000] {logging_mixin.py:190} WARNING - /home/***/.local/lib/python3.12/site-packages/***/task/task_runner/standard_task_runner.py:70 DeprecationWarning: This process (pid=29949) is multi-threaded, use of fork() may lead to deadlocks in the child.
[2025-02-12T23:11:22.234+0000] {standard_task_runner.py:72} INFO - Started process 29954 to run task
[2025-02-12T23:11:22.234+0000] {standard_task_runner.py:104} INFO - Running: ['***', 'tasks', 'run', 'crypto_data_collection', 'fetch_and_store_crypto_data', 'scheduled__2023-10-07T16:11:00+00:00', '--job-id', '10161', '--raw', '--subdir', 'DAGS_FOLDER/crypto_dag.py', '--cfg-path', '/tmp/tmp1oqmd0i2']
[2025-02-12T23:11:22.235+0000] {standard_task_runner.py:105} INFO - Job 10161: Subtask fetch_and_store_crypto_data
[2025-02-12T23:11:22.276+0000] {task_command.py:467} INFO - Running <TaskInstance: crypto_data_collection.fetch_and_store_crypto_data scheduled__2023-10-07T16:11:00+00:00 [running]> on host be7ba0dd3a47
[2025-02-12T23:11:22.365+0000] {taskinstance.py:3134} INFO - Exporting env vars: AIRFLOW_CTX_DAG_OWNER='***' AIRFLOW_CTX_DAG_ID='crypto_data_collection' AIRFLOW_CTX_TASK_ID='fetch_and_store_crypto_data' AIRFLOW_CTX_EXECUTION_DATE='2023-10-07T16:11:00+00:00' AIRFLOW_CTX_TRY_NUMBER='1' AIRFLOW_CTX_DAG_RUN_ID='scheduled__2023-10-07T16:11:00+00:00'
[2025-02-12T23:11:22.365+0000] {taskinstance.py:732} INFO - ::endgroup::
[2025-02-12T23:11:22.468+0000] {logging_mixin.py:190} INFO - Données récupérées : {'Response': 'Error', 'Message': 'You are over your rate limit please upgrade your account!', 'HasWarning': False, 'Type': 99, 'RateLimit': {'calls_made': {'second': 1, 'minute': 53, 'hour': 1433, 'day': 9638, 'month': 9638, 'total_calls': 9638}, 'max_calls': {'second': 20, 'minute': 300, 'hour': 3000, 'day': 7500, 'month': 11000}}, 'Data': {}}
[2025-02-12T23:11:22.471+0000] {logging_mixin.py:190} INFO - Erreur lors de l'insertion dans PostgreSQL : string indices must be integers, not 'str'
[2025-02-12T23:11:22.482+0000] {logging_mixin.py:190} INFO - Données uploadées dans MinIO.
[2025-02-12T23:11:22.482+0000] {python.py:240} INFO - Done. Returned value was: None
[2025-02-12T23:11:22.489+0000] {taskinstance.py:341} INFO - ::group::Post task execution logs
[2025-02-12T23:11:22.490+0000] {taskinstance.py:353} INFO - Marking task as SUCCESS. dag_id=crypto_data_collection, task_id=fetch_and_store_crypto_data, run_id=scheduled__2023-10-07T16:11:00+00:00, execution_date=20231007T161100, start_date=20250212T231122, end_date=20250212T231122
[2025-02-12T23:11:22.528+0000] {local_task_job_runner.py:266} INFO - Task exited with return code 0
[2025-02-12T23:11:22.537+0000] {local_task_job_runner.py:245} INFO - ::endgroup::
