[2025-02-13T20:52:02.150+0000] {local_task_job_runner.py:123} INFO - ::group::Pre task execution logs
[2025-02-13T20:52:02.165+0000] {taskinstance.py:2614} INFO - Dependencies all met for dep_context=non-requeueable deps ti=<TaskInstance: crypto_data_collection.fetch_and_store_crypto_data scheduled__2023-10-11T19:17:00+00:00 [queued]>
[2025-02-13T20:52:02.172+0000] {taskinstance.py:2614} INFO - Dependencies all met for dep_context=requeueable deps ti=<TaskInstance: crypto_data_collection.fetch_and_store_crypto_data scheduled__2023-10-11T19:17:00+00:00 [queued]>
[2025-02-13T20:52:02.173+0000] {taskinstance.py:2867} INFO - Starting attempt 1 of 2
[2025-02-13T20:52:02.216+0000] {taskinstance.py:2890} INFO - Executing <Task(PythonOperator): fetch_and_store_crypto_data> on 2023-10-11 19:17:00+00:00
[2025-02-13T20:52:02.222+0000] {logging_mixin.py:190} WARNING - /home/***/.local/lib/python3.12/site-packages/***/task/task_runner/standard_task_runner.py:70 DeprecationWarning: This process (pid=699) is multi-threaded, use of fork() may lead to deadlocks in the child.
[2025-02-13T20:52:02.223+0000] {standard_task_runner.py:72} INFO - Started process 709 to run task
[2025-02-13T20:52:02.222+0000] {standard_task_runner.py:104} INFO - Running: ['***', 'tasks', 'run', 'crypto_data_collection', 'fetch_and_store_crypto_data', 'scheduled__2023-10-11T19:17:00+00:00', '--job-id', '13755', '--raw', '--subdir', 'DAGS_FOLDER/crypto_dag.py', '--cfg-path', '/tmp/tmphodtw43i']
[2025-02-13T20:52:02.224+0000] {standard_task_runner.py:105} INFO - Job 13755: Subtask fetch_and_store_crypto_data
[2025-02-13T20:52:02.259+0000] {task_command.py:467} INFO - Running <TaskInstance: crypto_data_collection.fetch_and_store_crypto_data scheduled__2023-10-11T19:17:00+00:00 [running]> on host c6c2d3336250
[2025-02-13T20:52:02.334+0000] {taskinstance.py:3134} INFO - Exporting env vars: AIRFLOW_CTX_DAG_OWNER='***' AIRFLOW_CTX_DAG_ID='crypto_data_collection' AIRFLOW_CTX_TASK_ID='fetch_and_store_crypto_data' AIRFLOW_CTX_EXECUTION_DATE='2023-10-11T19:17:00+00:00' AIRFLOW_CTX_TRY_NUMBER='1' AIRFLOW_CTX_DAG_RUN_ID='scheduled__2023-10-11T19:17:00+00:00'
[2025-02-13T20:52:02.335+0000] {taskinstance.py:732} INFO - ::endgroup::
[2025-02-13T20:52:02.401+0000] {logging_mixin.py:190} INFO - Données récupérées : {'bitcoin': {'usd': 96264}, 'ethereum': {'usd': 2654.15}}
[2025-02-13T20:52:02.406+0000] {logging_mixin.py:190} INFO - Données insérées dans PostgreSQL.
[2025-02-13T20:52:02.418+0000] {logging_mixin.py:190} INFO - Données uploadées dans MinIO.
[2025-02-13T20:52:02.419+0000] {python.py:240} INFO - Done. Returned value was: None
[2025-02-13T20:52:02.425+0000] {taskinstance.py:341} INFO - ::group::Post task execution logs
[2025-02-13T20:52:02.426+0000] {taskinstance.py:353} INFO - Marking task as SUCCESS. dag_id=crypto_data_collection, task_id=fetch_and_store_crypto_data, run_id=scheduled__2023-10-11T19:17:00+00:00, execution_date=20231011T191700, start_date=20250213T205202, end_date=20250213T205202
[2025-02-13T20:52:02.477+0000] {local_task_job_runner.py:266} INFO - Task exited with return code 0
[2025-02-13T20:52:02.493+0000] {taskinstance.py:3901} INFO - 0 downstream tasks scheduled from follow-on schedule check
[2025-02-13T20:52:02.496+0000] {local_task_job_runner.py:245} INFO - ::endgroup::
