[2025-02-12T23:15:26.687+0000] {local_task_job_runner.py:123} INFO - ::group::Pre task execution logs
[2025-02-12T23:15:26.704+0000] {taskinstance.py:2614} INFO - Dependencies all met for dep_context=non-requeueable deps ti=<TaskInstance: crypto_data_collection.fetch_and_store_crypto_data scheduled__2023-10-08T00:59:00+00:00 [queued]>
[2025-02-12T23:15:26.712+0000] {taskinstance.py:2614} INFO - Dependencies all met for dep_context=requeueable deps ti=<TaskInstance: crypto_data_collection.fetch_and_store_crypto_data scheduled__2023-10-08T00:59:00+00:00 [queued]>
[2025-02-12T23:15:26.713+0000] {taskinstance.py:2867} INFO - Starting attempt 1 of 2
[2025-02-12T23:15:26.742+0000] {taskinstance.py:2890} INFO - Executing <Task(PythonOperator): fetch_and_store_crypto_data> on 2023-10-08 00:59:00+00:00
[2025-02-12T23:15:26.751+0000] {logging_mixin.py:190} WARNING - /home/***/.local/lib/python3.12/site-packages/***/task/task_runner/standard_task_runner.py:70 DeprecationWarning: This process (pid=31571) is multi-threaded, use of fork() may lead to deadlocks in the child.
[2025-02-12T23:15:26.751+0000] {standard_task_runner.py:72} INFO - Started process 31577 to run task
[2025-02-12T23:15:26.750+0000] {standard_task_runner.py:104} INFO - Running: ['***', 'tasks', 'run', 'crypto_data_collection', 'fetch_and_store_crypto_data', 'scheduled__2023-10-08T00:59:00+00:00', '--job-id', '10689', '--raw', '--subdir', 'DAGS_FOLDER/crypto_dag.py', '--cfg-path', '/tmp/tmpis49y07o']
[2025-02-12T23:15:26.752+0000] {standard_task_runner.py:105} INFO - Job 10689: Subtask fetch_and_store_crypto_data
[2025-02-12T23:15:26.786+0000] {task_command.py:467} INFO - Running <TaskInstance: crypto_data_collection.fetch_and_store_crypto_data scheduled__2023-10-08T00:59:00+00:00 [running]> on host be7ba0dd3a47
[2025-02-12T23:15:26.867+0000] {taskinstance.py:3134} INFO - Exporting env vars: AIRFLOW_CTX_DAG_OWNER='***' AIRFLOW_CTX_DAG_ID='crypto_data_collection' AIRFLOW_CTX_TASK_ID='fetch_and_store_crypto_data' AIRFLOW_CTX_EXECUTION_DATE='2023-10-08T00:59:00+00:00' AIRFLOW_CTX_TRY_NUMBER='1' AIRFLOW_CTX_DAG_RUN_ID='scheduled__2023-10-08T00:59:00+00:00'
[2025-02-12T23:15:26.867+0000] {taskinstance.py:732} INFO - ::endgroup::
[2025-02-12T23:15:26.977+0000] {logging_mixin.py:190} INFO - Données récupérées : {'Response': 'Error', 'Message': 'You are over your rate limit please upgrade your account!', 'HasWarning': False, 'Type': 99, 'RateLimit': {'calls_made': {'second': 2, 'minute': 67, 'hour': 1961, 'day': 10166, 'month': 10166, 'total_calls': 10166}, 'max_calls': {'second': 20, 'minute': 300, 'hour': 3000, 'day': 7500, 'month': 11000}}, 'Data': {}}
[2025-02-12T23:15:26.979+0000] {logging_mixin.py:190} INFO - Erreur lors de l'insertion dans PostgreSQL : string indices must be integers, not 'str'
[2025-02-12T23:15:26.992+0000] {logging_mixin.py:190} INFO - Données uploadées dans MinIO.
[2025-02-12T23:15:26.993+0000] {python.py:240} INFO - Done. Returned value was: None
[2025-02-12T23:15:27.000+0000] {taskinstance.py:341} INFO - ::group::Post task execution logs
[2025-02-12T23:15:27.001+0000] {taskinstance.py:353} INFO - Marking task as SUCCESS. dag_id=crypto_data_collection, task_id=fetch_and_store_crypto_data, run_id=scheduled__2023-10-08T00:59:00+00:00, execution_date=20231008T005900, start_date=20250212T231526, end_date=20250212T231527
[2025-02-12T23:15:27.045+0000] {local_task_job_runner.py:266} INFO - Task exited with return code 0
[2025-02-12T23:15:27.061+0000] {taskinstance.py:3901} INFO - 0 downstream tasks scheduled from follow-on schedule check
[2025-02-12T23:15:27.064+0000] {local_task_job_runner.py:245} INFO - ::endgroup::
