[2025-02-12T23:27:35.498+0000] {local_task_job_runner.py:123} INFO - ::group::Pre task execution logs
[2025-02-12T23:27:35.513+0000] {taskinstance.py:2614} INFO - Dependencies all met for dep_context=non-requeueable deps ti=<TaskInstance: crypto_data_collection.fetch_and_store_crypto_data scheduled__2023-10-09T03:28:00+00:00 [queued]>
[2025-02-12T23:27:35.522+0000] {taskinstance.py:2614} INFO - Dependencies all met for dep_context=requeueable deps ti=<TaskInstance: crypto_data_collection.fetch_and_store_crypto_data scheduled__2023-10-09T03:28:00+00:00 [queued]>
[2025-02-12T23:27:35.522+0000] {taskinstance.py:2867} INFO - Starting attempt 1 of 2
[2025-02-12T23:27:35.538+0000] {taskinstance.py:2890} INFO - Executing <Task(PythonOperator): fetch_and_store_crypto_data> on 2023-10-09 03:28:00+00:00
[2025-02-12T23:27:35.546+0000] {logging_mixin.py:190} WARNING - /home/***/.local/lib/python3.12/site-packages/***/task/task_runner/standard_task_runner.py:70 DeprecationWarning: This process (pid=36458) is multi-threaded, use of fork() may lead to deadlocks in the child.
[2025-02-12T23:27:35.547+0000] {standard_task_runner.py:72} INFO - Started process 36465 to run task
[2025-02-12T23:27:35.547+0000] {standard_task_runner.py:104} INFO - Running: ['***', 'tasks', 'run', 'crypto_data_collection', 'fetch_and_store_crypto_data', 'scheduled__2023-10-09T03:28:00+00:00', '--job-id', '12278', '--raw', '--subdir', 'DAGS_FOLDER/crypto_dag.py', '--cfg-path', '/tmp/tmp0uq3debv']
[2025-02-12T23:27:35.548+0000] {standard_task_runner.py:105} INFO - Job 12278: Subtask fetch_and_store_crypto_data
[2025-02-12T23:27:35.584+0000] {task_command.py:467} INFO - Running <TaskInstance: crypto_data_collection.fetch_and_store_crypto_data scheduled__2023-10-09T03:28:00+00:00 [running]> on host be7ba0dd3a47
[2025-02-12T23:27:35.680+0000] {taskinstance.py:3134} INFO - Exporting env vars: AIRFLOW_CTX_DAG_OWNER='***' AIRFLOW_CTX_DAG_ID='crypto_data_collection' AIRFLOW_CTX_TASK_ID='fetch_and_store_crypto_data' AIRFLOW_CTX_EXECUTION_DATE='2023-10-09T03:28:00+00:00' AIRFLOW_CTX_TRY_NUMBER='1' AIRFLOW_CTX_DAG_RUN_ID='scheduled__2023-10-09T03:28:00+00:00'
[2025-02-12T23:27:35.682+0000] {taskinstance.py:732} INFO - ::endgroup::
[2025-02-12T23:27:35.809+0000] {logging_mixin.py:190} INFO - Données récupérées : {'Response': 'Error', 'Message': 'You are over your rate limit please upgrade your account!', 'HasWarning': False, 'Type': 99, 'RateLimit': {'calls_made': {'second': 2, 'minute': 83, 'hour': 3550, 'day': 11755, 'month': 11755, 'total_calls': 11755}, 'max_calls': {'second': 20, 'minute': 300, 'hour': 3000, 'day': 7500, 'month': 11000}}, 'Data': {}}
[2025-02-12T23:27:35.813+0000] {logging_mixin.py:190} INFO - Erreur lors de l'insertion dans PostgreSQL : string indices must be integers, not 'str'
[2025-02-12T23:27:35.826+0000] {logging_mixin.py:190} INFO - Données uploadées dans MinIO.
[2025-02-12T23:27:35.826+0000] {python.py:240} INFO - Done. Returned value was: None
[2025-02-12T23:27:35.834+0000] {taskinstance.py:341} INFO - ::group::Post task execution logs
[2025-02-12T23:27:35.834+0000] {taskinstance.py:353} INFO - Marking task as SUCCESS. dag_id=crypto_data_collection, task_id=fetch_and_store_crypto_data, run_id=scheduled__2023-10-09T03:28:00+00:00, execution_date=20231009T032800, start_date=20250212T232735, end_date=20250212T232735
[2025-02-12T23:27:35.881+0000] {local_task_job_runner.py:266} INFO - Task exited with return code 0
[2025-02-12T23:27:35.889+0000] {local_task_job_runner.py:245} INFO - ::endgroup::
