[2025-02-12T21:52:55.092+0000] {local_task_job_runner.py:123} INFO - ::group::Pre task execution logs
[2025-02-12T21:52:55.114+0000] {taskinstance.py:2614} INFO - Dependencies all met for dep_context=non-requeueable deps ti=<TaskInstance: crypto_data_collection.fetch_and_store_crypto_data scheduled__2023-10-01T00:13:00+00:00 [queued]>
[2025-02-12T21:52:55.125+0000] {taskinstance.py:2614} INFO - Dependencies all met for dep_context=requeueable deps ti=<TaskInstance: crypto_data_collection.fetch_and_store_crypto_data scheduled__2023-10-01T00:13:00+00:00 [queued]>
[2025-02-12T21:52:55.126+0000] {taskinstance.py:2867} INFO - Starting attempt 1 of 2
[2025-02-12T21:52:55.148+0000] {taskinstance.py:2890} INFO - Executing <Task(PythonOperator): fetch_and_store_crypto_data> on 2023-10-01 00:13:00+00:00
[2025-02-12T21:52:55.161+0000] {standard_task_runner.py:104} INFO - Running: ['***', 'tasks', 'run', 'crypto_data_collection', 'fetch_and_store_crypto_data', 'scheduled__2023-10-01T00:13:00+00:00', '--job-id', '562', '--raw', '--subdir', 'DAGS_FOLDER/crypto_dag.py', '--cfg-path', '/tmp/tmp94os2pd6']
[2025-02-12T21:52:55.163+0000] {standard_task_runner.py:105} INFO - Job 562: Subtask fetch_and_store_crypto_data
[2025-02-12T21:52:55.165+0000] {logging_mixin.py:190} WARNING - /home/***/.local/lib/python3.12/site-packages/***/task/task_runner/standard_task_runner.py:70 DeprecationWarning: This process (pid=371) is multi-threaded, use of fork() may lead to deadlocks in the child.
[2025-02-12T21:52:55.166+0000] {standard_task_runner.py:72} INFO - Started process 381 to run task
[2025-02-12T21:52:55.216+0000] {task_command.py:467} INFO - Running <TaskInstance: crypto_data_collection.fetch_and_store_crypto_data scheduled__2023-10-01T00:13:00+00:00 [running]> on host be7ba0dd3a47
[2025-02-12T21:52:55.343+0000] {taskinstance.py:3134} INFO - Exporting env vars: AIRFLOW_CTX_DAG_OWNER='***' AIRFLOW_CTX_DAG_ID='crypto_data_collection' AIRFLOW_CTX_TASK_ID='fetch_and_store_crypto_data' AIRFLOW_CTX_EXECUTION_DATE='2023-10-01T00:13:00+00:00' AIRFLOW_CTX_TRY_NUMBER='1' AIRFLOW_CTX_DAG_RUN_ID='scheduled__2023-10-01T00:13:00+00:00'
[2025-02-12T21:52:55.345+0000] {taskinstance.py:732} INFO - ::endgroup::
[2025-02-12T21:52:56.751+0000] {logging_mixin.py:190} INFO - Données récupérées : {'BTC': {'USD': 97633.76}, 'ETH': {'USD': 2688.48}}
[2025-02-12T21:52:56.764+0000] {logging_mixin.py:190} INFO - Données insérées dans PostgreSQL.
[2025-02-12T21:52:56.768+0000] {logging_mixin.py:190} INFO - Erreur lors de l'upload dans MinIO : S3 operation failed; code: NoSuchBucket, message: The specified bucket does not exist, resource: /crypto-data, request_id: 182394843C8DE67B, host_id: dd9025bab4ad464b049177c95eb6ebf374d3b3fd1af9251148b658df7ac2e3e8, bucket_name: crypto-data
[2025-02-12T21:52:56.769+0000] {python.py:240} INFO - Done. Returned value was: None
[2025-02-12T21:52:56.776+0000] {taskinstance.py:341} INFO - ::group::Post task execution logs
[2025-02-12T21:52:56.777+0000] {taskinstance.py:353} INFO - Marking task as SUCCESS. dag_id=crypto_data_collection, task_id=fetch_and_store_crypto_data, run_id=scheduled__2023-10-01T00:13:00+00:00, execution_date=20231001T001300, start_date=20250212T215255, end_date=20250212T215256
[2025-02-12T21:52:56.825+0000] {local_task_job_runner.py:266} INFO - Task exited with return code 0
[2025-02-12T21:52:56.839+0000] {taskinstance.py:3901} INFO - 0 downstream tasks scheduled from follow-on schedule check
[2025-02-12T21:52:56.841+0000] {local_task_job_runner.py:245} INFO - ::endgroup::
