[2025-02-12T22:04:15.912+0000] {local_task_job_runner.py:123} INFO - ::group::Pre task execution logs
[2025-02-12T22:04:15.934+0000] {taskinstance.py:2614} INFO - Dependencies all met for dep_context=non-requeueable deps ti=<TaskInstance: crypto_data_collection.fetch_and_store_crypto_data scheduled__2023-10-01T21:58:00+00:00 [queued]>
[2025-02-12T22:04:15.945+0000] {taskinstance.py:2614} INFO - Dependencies all met for dep_context=requeueable deps ti=<TaskInstance: crypto_data_collection.fetch_and_store_crypto_data scheduled__2023-10-01T21:58:00+00:00 [queued]>
[2025-02-12T22:04:15.945+0000] {taskinstance.py:2867} INFO - Starting attempt 1 of 2
[2025-02-12T22:04:15.969+0000] {taskinstance.py:2890} INFO - Executing <Task(PythonOperator): fetch_and_store_crypto_data> on 2023-10-01 21:58:00+00:00
[2025-02-12T22:04:15.982+0000] {logging_mixin.py:190} WARNING - /home/***/.local/lib/python3.12/site-packages/***/task/task_runner/standard_task_runner.py:70 DeprecationWarning: This process (pid=4399) is multi-threaded, use of fork() may lead to deadlocks in the child.
[2025-02-12T22:04:15.983+0000] {standard_task_runner.py:72} INFO - Started process 4408 to run task
[2025-02-12T22:04:15.982+0000] {standard_task_runner.py:104} INFO - Running: ['***', 'tasks', 'run', 'crypto_data_collection', 'fetch_and_store_crypto_data', 'scheduled__2023-10-01T21:58:00+00:00', '--job-id', '1868', '--raw', '--subdir', 'DAGS_FOLDER/crypto_dag.py', '--cfg-path', '/tmp/tmpkcjw1a6f']
[2025-02-12T22:04:15.985+0000] {standard_task_runner.py:105} INFO - Job 1868: Subtask fetch_and_store_crypto_data
[2025-02-12T22:04:16.034+0000] {task_command.py:467} INFO - Running <TaskInstance: crypto_data_collection.fetch_and_store_crypto_data scheduled__2023-10-01T21:58:00+00:00 [running]> on host be7ba0dd3a47
[2025-02-12T22:04:16.132+0000] {taskinstance.py:3134} INFO - Exporting env vars: AIRFLOW_CTX_DAG_OWNER='***' AIRFLOW_CTX_DAG_ID='crypto_data_collection' AIRFLOW_CTX_TASK_ID='fetch_and_store_crypto_data' AIRFLOW_CTX_EXECUTION_DATE='2023-10-01T21:58:00+00:00' AIRFLOW_CTX_TRY_NUMBER='1' AIRFLOW_CTX_DAG_RUN_ID='scheduled__2023-10-01T21:58:00+00:00'
[2025-02-12T22:04:16.133+0000] {taskinstance.py:732} INFO - ::endgroup::
[2025-02-12T22:04:16.242+0000] {logging_mixin.py:190} INFO - Données récupérées : {'BTC': {'USD': 97578.32}, 'ETH': {'USD': 2679.65}}
[2025-02-12T22:04:16.247+0000] {logging_mixin.py:190} INFO - Données insérées dans PostgreSQL.
[2025-02-12T22:04:16.263+0000] {logging_mixin.py:190} INFO - Données uploadées dans MinIO.
[2025-02-12T22:04:16.264+0000] {python.py:240} INFO - Done. Returned value was: None
[2025-02-12T22:04:16.273+0000] {taskinstance.py:341} INFO - ::group::Post task execution logs
[2025-02-12T22:04:16.273+0000] {taskinstance.py:353} INFO - Marking task as SUCCESS. dag_id=crypto_data_collection, task_id=fetch_and_store_crypto_data, run_id=scheduled__2023-10-01T21:58:00+00:00, execution_date=20231001T215800, start_date=20250212T220415, end_date=20250212T220416
[2025-02-12T22:04:16.318+0000] {local_task_job_runner.py:266} INFO - Task exited with return code 0
[2025-02-12T22:04:16.332+0000] {taskinstance.py:3901} INFO - 0 downstream tasks scheduled from follow-on schedule check
[2025-02-12T22:04:16.335+0000] {local_task_job_runner.py:245} INFO - ::endgroup::
