[2025-02-12T22:32:42.234+0000] {local_task_job_runner.py:123} INFO - ::group::Pre task execution logs
[2025-02-12T22:32:42.247+0000] {taskinstance.py:2614} INFO - Dependencies all met for dep_context=non-requeueable deps ti=<TaskInstance: crypto_data_collection.fetch_and_store_crypto_data scheduled__2023-10-04T05:59:00+00:00 [queued]>
[2025-02-12T22:32:42.253+0000] {taskinstance.py:2614} INFO - Dependencies all met for dep_context=requeueable deps ti=<TaskInstance: crypto_data_collection.fetch_and_store_crypto_data scheduled__2023-10-04T05:59:00+00:00 [queued]>
[2025-02-12T22:32:42.254+0000] {taskinstance.py:2867} INFO - Starting attempt 1 of 2
[2025-02-12T22:32:42.272+0000] {taskinstance.py:2890} INFO - Executing <Task(PythonOperator): fetch_and_store_crypto_data> on 2023-10-04 05:59:00+00:00
[2025-02-12T22:32:42.277+0000] {logging_mixin.py:190} WARNING - /home/***/.local/lib/python3.12/site-packages/***/task/task_runner/standard_task_runner.py:70 DeprecationWarning: This process (pid=14767) is multi-threaded, use of fork() may lead to deadlocks in the child.
[2025-02-12T22:32:42.278+0000] {standard_task_runner.py:72} INFO - Started process 14776 to run task
[2025-02-12T22:32:42.278+0000] {standard_task_runner.py:104} INFO - Running: ['***', 'tasks', 'run', 'crypto_data_collection', 'fetch_and_store_crypto_data', 'scheduled__2023-10-04T05:59:00+00:00', '--job-id', '5229', '--raw', '--subdir', 'DAGS_FOLDER/crypto_dag.py', '--cfg-path', '/tmp/tmpelovtcb1']
[2025-02-12T22:32:42.279+0000] {standard_task_runner.py:105} INFO - Job 5229: Subtask fetch_and_store_crypto_data
[2025-02-12T22:32:42.311+0000] {task_command.py:467} INFO - Running <TaskInstance: crypto_data_collection.fetch_and_store_crypto_data scheduled__2023-10-04T05:59:00+00:00 [running]> on host be7ba0dd3a47
[2025-02-12T22:32:42.383+0000] {taskinstance.py:3134} INFO - Exporting env vars: AIRFLOW_CTX_DAG_OWNER='***' AIRFLOW_CTX_DAG_ID='crypto_data_collection' AIRFLOW_CTX_TASK_ID='fetch_and_store_crypto_data' AIRFLOW_CTX_EXECUTION_DATE='2023-10-04T05:59:00+00:00' AIRFLOW_CTX_TRY_NUMBER='1' AIRFLOW_CTX_DAG_RUN_ID='scheduled__2023-10-04T05:59:00+00:00'
[2025-02-12T22:32:42.383+0000] {taskinstance.py:732} INFO - ::endgroup::
[2025-02-12T22:32:42.540+0000] {logging_mixin.py:190} INFO - Données récupérées : {'Response': 'Error', 'Message': 'You are over your rate limit please upgrade your account!', 'HasWarning': False, 'Type': 99, 'RateLimit': {'calls_made': {'second': 6, 'minute': 80, 'hour': 3811, 'day': 4705, 'month': 4705, 'total_calls': 4705}, 'max_calls': {'second': 20, 'minute': 300, 'hour': 3000, 'day': 7500, 'month': 11000}}, 'Data': {}}
[2025-02-12T22:32:42.542+0000] {logging_mixin.py:190} INFO - Erreur lors de l'insertion dans PostgreSQL : string indices must be integers, not 'str'
[2025-02-12T22:32:42.556+0000] {logging_mixin.py:190} INFO - Données uploadées dans MinIO.
[2025-02-12T22:32:42.557+0000] {python.py:240} INFO - Done. Returned value was: None
[2025-02-12T22:32:42.564+0000] {taskinstance.py:341} INFO - ::group::Post task execution logs
[2025-02-12T22:32:42.564+0000] {taskinstance.py:353} INFO - Marking task as SUCCESS. dag_id=crypto_data_collection, task_id=fetch_and_store_crypto_data, run_id=scheduled__2023-10-04T05:59:00+00:00, execution_date=20231004T055900, start_date=20250212T223242, end_date=20250212T223242
[2025-02-12T22:32:42.612+0000] {local_task_job_runner.py:266} INFO - Task exited with return code 0
[2025-02-12T22:32:42.623+0000] {taskinstance.py:3901} INFO - 0 downstream tasks scheduled from follow-on schedule check
[2025-02-12T22:32:42.628+0000] {local_task_job_runner.py:245} INFO - ::endgroup::
