[2025-02-12T22:11:29.891+0000] {local_task_job_runner.py:123} INFO - ::group::Pre task execution logs
[2025-02-12T22:11:29.903+0000] {taskinstance.py:2614} INFO - Dependencies all met for dep_context=non-requeueable deps ti=<TaskInstance: crypto_data_collection.fetch_and_store_crypto_data scheduled__2023-10-02T11:09:00+00:00 [queued]>
[2025-02-12T22:11:29.910+0000] {taskinstance.py:2614} INFO - Dependencies all met for dep_context=requeueable deps ti=<TaskInstance: crypto_data_collection.fetch_and_store_crypto_data scheduled__2023-10-02T11:09:00+00:00 [queued]>
[2025-02-12T22:11:29.910+0000] {taskinstance.py:2867} INFO - Starting attempt 1 of 2
[2025-02-12T22:11:29.923+0000] {taskinstance.py:2890} INFO - Executing <Task(PythonOperator): fetch_and_store_crypto_data> on 2023-10-02 11:09:00+00:00
[2025-02-12T22:11:29.930+0000] {logging_mixin.py:190} WARNING - /home/***/.local/lib/python3.12/site-packages/***/task/task_runner/standard_task_runner.py:70 DeprecationWarning: This process (pid=6851) is multi-threaded, use of fork() may lead to deadlocks in the child.
[2025-02-12T22:11:29.931+0000] {standard_task_runner.py:72} INFO - Started process 6858 to run task
[2025-02-12T22:11:29.930+0000] {standard_task_runner.py:104} INFO - Running: ['***', 'tasks', 'run', 'crypto_data_collection', 'fetch_and_store_crypto_data', 'scheduled__2023-10-02T11:09:00+00:00', '--job-id', '2659', '--raw', '--subdir', 'DAGS_FOLDER/crypto_dag.py', '--cfg-path', '/tmp/tmpunri6pz7']
[2025-02-12T22:11:29.932+0000] {standard_task_runner.py:105} INFO - Job 2659: Subtask fetch_and_store_crypto_data
[2025-02-12T22:11:29.967+0000] {task_command.py:467} INFO - Running <TaskInstance: crypto_data_collection.fetch_and_store_crypto_data scheduled__2023-10-02T11:09:00+00:00 [running]> on host be7ba0dd3a47
[2025-02-12T22:11:30.038+0000] {taskinstance.py:3134} INFO - Exporting env vars: AIRFLOW_CTX_DAG_OWNER='***' AIRFLOW_CTX_DAG_ID='crypto_data_collection' AIRFLOW_CTX_TASK_ID='fetch_and_store_crypto_data' AIRFLOW_CTX_EXECUTION_DATE='2023-10-02T11:09:00+00:00' AIRFLOW_CTX_TRY_NUMBER='1' AIRFLOW_CTX_DAG_RUN_ID='scheduled__2023-10-02T11:09:00+00:00'
[2025-02-12T22:11:30.038+0000] {taskinstance.py:732} INFO - ::endgroup::
[2025-02-12T22:11:30.141+0000] {logging_mixin.py:190} INFO - Données récupérées : {'BTC': {'USD': 97512.07}, 'ETH': {'USD': 2681.64}}
[2025-02-12T22:11:30.146+0000] {logging_mixin.py:190} INFO - Données insérées dans PostgreSQL.
[2025-02-12T22:11:30.160+0000] {logging_mixin.py:190} INFO - Données uploadées dans MinIO.
[2025-02-12T22:11:30.160+0000] {python.py:240} INFO - Done. Returned value was: None
[2025-02-12T22:11:30.167+0000] {taskinstance.py:341} INFO - ::group::Post task execution logs
[2025-02-12T22:11:30.168+0000] {taskinstance.py:353} INFO - Marking task as SUCCESS. dag_id=crypto_data_collection, task_id=fetch_and_store_crypto_data, run_id=scheduled__2023-10-02T11:09:00+00:00, execution_date=20231002T110900, start_date=20250212T221129, end_date=20250212T221130
[2025-02-12T22:11:30.225+0000] {local_task_job_runner.py:266} INFO - Task exited with return code 0
[2025-02-12T22:11:30.232+0000] {local_task_job_runner.py:245} INFO - ::endgroup::
