[2025-02-12T21:08:45.132+0000] {local_task_job_runner.py:123} INFO - ::group::Pre task execution logs
[2025-02-12T21:08:45.148+0000] {taskinstance.py:2614} INFO - Dependencies all met for dep_context=non-requeueable deps ti=<TaskInstance: crypto_flow.fetch_crypto_data scheduled__2025-02-12T05:00:00+00:00 [queued]>
[2025-02-12T21:08:45.155+0000] {taskinstance.py:2614} INFO - Dependencies all met for dep_context=requeueable deps ti=<TaskInstance: crypto_flow.fetch_crypto_data scheduled__2025-02-12T05:00:00+00:00 [queued]>
[2025-02-12T21:08:45.155+0000] {taskinstance.py:2867} INFO - Starting attempt 1 of 2
[2025-02-12T21:08:45.177+0000] {taskinstance.py:2890} INFO - Executing <Task(PythonOperator): fetch_crypto_data> on 2025-02-12 05:00:00+00:00
[2025-02-12T21:08:45.184+0000] {logging_mixin.py:190} WARNING - /home/***/.local/lib/python3.12/site-packages/***/task/task_runner/standard_task_runner.py:70 DeprecationWarning: This process (pid=2101) is multi-threaded, use of fork() may lead to deadlocks in the child.
[2025-02-12T21:08:45.185+0000] {standard_task_runner.py:72} INFO - Started process 2105 to run task
[2025-02-12T21:08:45.184+0000] {standard_task_runner.py:104} INFO - Running: ['***', 'tasks', 'run', 'crypto_flow', 'fetch_crypto_data', 'scheduled__2025-02-12T05:00:00+00:00', '--job-id', '508', '--raw', '--subdir', 'DAGS_FOLDER/crypto_dag.py', '--cfg-path', '/tmp/tmpvdxnl4nx']
[2025-02-12T21:08:45.186+0000] {standard_task_runner.py:105} INFO - Job 508: Subtask fetch_crypto_data
[2025-02-12T21:08:45.244+0000] {task_command.py:467} INFO - Running <TaskInstance: crypto_flow.fetch_crypto_data scheduled__2025-02-12T05:00:00+00:00 [running]> on host 3c24d57f5cd3
[2025-02-12T21:08:45.324+0000] {taskinstance.py:3134} INFO - Exporting env vars: AIRFLOW_CTX_DAG_OWNER='***' AIRFLOW_CTX_DAG_ID='crypto_flow' AIRFLOW_CTX_TASK_ID='fetch_crypto_data' AIRFLOW_CTX_EXECUTION_DATE='2025-02-12T05:00:00+00:00' AIRFLOW_CTX_TRY_NUMBER='1' AIRFLOW_CTX_DAG_RUN_ID='scheduled__2025-02-12T05:00:00+00:00'
[2025-02-12T21:08:45.326+0000] {taskinstance.py:732} INFO - ::endgroup::
[2025-02-12T21:08:45.429+0000] {logging_mixin.py:190} INFO - Données récupérées : {'BTC': {'USD': 97059.18}, 'ETH': {'USD': 2680.35}}
[2025-02-12T21:08:45.434+0000] {logging_mixin.py:190} INFO - Données insérées dans PostgreSQL.
[2025-02-12T21:08:45.435+0000] {python.py:240} INFO - Done. Returned value was: None
[2025-02-12T21:08:45.442+0000] {taskinstance.py:341} INFO - ::group::Post task execution logs
[2025-02-12T21:08:45.442+0000] {taskinstance.py:353} INFO - Marking task as SUCCESS. dag_id=crypto_flow, task_id=fetch_crypto_data, run_id=scheduled__2025-02-12T05:00:00+00:00, execution_date=20250212T050000, start_date=20250212T210845, end_date=20250212T210845
[2025-02-12T21:08:45.486+0000] {local_task_job_runner.py:266} INFO - Task exited with return code 0
[2025-02-12T21:08:45.514+0000] {taskinstance.py:3901} INFO - 1 downstream tasks scheduled from follow-on schedule check
[2025-02-12T21:08:45.516+0000] {local_task_job_runner.py:245} INFO - ::endgroup::
