[2025-02-12T22:44:46.789+0000] {local_task_job_runner.py:123} INFO - ::group::Pre task execution logs
[2025-02-12T22:44:46.802+0000] {taskinstance.py:2614} INFO - Dependencies all met for dep_context=non-requeueable deps ti=<TaskInstance: crypto_data_collection.fetch_and_store_crypto_data scheduled__2023-10-05T06:39:00+00:00 [queued]>
[2025-02-12T22:44:46.811+0000] {taskinstance.py:2614} INFO - Dependencies all met for dep_context=requeueable deps ti=<TaskInstance: crypto_data_collection.fetch_and_store_crypto_data scheduled__2023-10-05T06:39:00+00:00 [queued]>
[2025-02-12T22:44:46.811+0000] {taskinstance.py:2867} INFO - Starting attempt 1 of 2
[2025-02-12T22:44:46.863+0000] {taskinstance.py:2890} INFO - Executing <Task(PythonOperator): fetch_and_store_crypto_data> on 2023-10-05 06:39:00+00:00
[2025-02-12T22:44:46.871+0000] {logging_mixin.py:190} WARNING - /home/***/.local/lib/python3.12/site-packages/***/task/task_runner/standard_task_runner.py:70 DeprecationWarning: This process (pid=19327) is multi-threaded, use of fork() may lead to deadlocks in the child.
[2025-02-12T22:44:46.872+0000] {standard_task_runner.py:72} INFO - Started process 19337 to run task
[2025-02-12T22:44:46.871+0000] {standard_task_runner.py:104} INFO - Running: ['***', 'tasks', 'run', 'crypto_data_collection', 'fetch_and_store_crypto_data', 'scheduled__2023-10-05T06:39:00+00:00', '--job-id', '6709', '--raw', '--subdir', 'DAGS_FOLDER/crypto_dag.py', '--cfg-path', '/tmp/tmpdrve5rlz']
[2025-02-12T22:44:46.873+0000] {standard_task_runner.py:105} INFO - Job 6709: Subtask fetch_and_store_crypto_data
[2025-02-12T22:44:46.914+0000] {task_command.py:467} INFO - Running <TaskInstance: crypto_data_collection.fetch_and_store_crypto_data scheduled__2023-10-05T06:39:00+00:00 [running]> on host be7ba0dd3a47
[2025-02-12T22:44:47.010+0000] {taskinstance.py:3134} INFO - Exporting env vars: AIRFLOW_CTX_DAG_OWNER='***' AIRFLOW_CTX_DAG_ID='crypto_data_collection' AIRFLOW_CTX_TASK_ID='fetch_and_store_crypto_data' AIRFLOW_CTX_EXECUTION_DATE='2023-10-05T06:39:00+00:00' AIRFLOW_CTX_TRY_NUMBER='1' AIRFLOW_CTX_DAG_RUN_ID='scheduled__2023-10-05T06:39:00+00:00'
[2025-02-12T22:44:47.011+0000] {taskinstance.py:732} INFO - ::endgroup::
[2025-02-12T22:44:47.112+0000] {logging_mixin.py:190} INFO - Données récupérées : {'Response': 'Error', 'Message': 'You are over your rate limit please upgrade your account!', 'HasWarning': False, 'Type': 99, 'RateLimit': {'calls_made': {'second': 2, 'minute': 103, 'hour': 5293, 'day': 6187, 'month': 6187, 'total_calls': 6187}, 'max_calls': {'second': 20, 'minute': 300, 'hour': 3000, 'day': 7500, 'month': 11000}}, 'Data': {}}
[2025-02-12T22:44:47.114+0000] {logging_mixin.py:190} INFO - Erreur lors de l'insertion dans PostgreSQL : string indices must be integers, not 'str'
[2025-02-12T22:44:47.122+0000] {logging_mixin.py:190} INFO - Données uploadées dans MinIO.
[2025-02-12T22:44:47.123+0000] {python.py:240} INFO - Done. Returned value was: None
[2025-02-12T22:44:47.130+0000] {taskinstance.py:341} INFO - ::group::Post task execution logs
[2025-02-12T22:44:47.131+0000] {taskinstance.py:353} INFO - Marking task as SUCCESS. dag_id=crypto_data_collection, task_id=fetch_and_store_crypto_data, run_id=scheduled__2023-10-05T06:39:00+00:00, execution_date=20231005T063900, start_date=20250212T224446, end_date=20250212T224447
[2025-02-12T22:44:47.166+0000] {local_task_job_runner.py:266} INFO - Task exited with return code 0
[2025-02-12T22:44:47.178+0000] {taskinstance.py:3901} INFO - 0 downstream tasks scheduled from follow-on schedule check
[2025-02-12T22:44:47.182+0000] {local_task_job_runner.py:245} INFO - ::endgroup::
