[2025-02-12T22:19:50.023+0000] {local_task_job_runner.py:123} INFO - ::group::Pre task execution logs
[2025-02-12T22:19:50.038+0000] {taskinstance.py:2614} INFO - Dependencies all met for dep_context=non-requeueable deps ti=<TaskInstance: crypto_data_collection.fetch_and_store_crypto_data scheduled__2023-10-03T03:39:00+00:00 [queued]>
[2025-02-12T22:19:50.046+0000] {taskinstance.py:2614} INFO - Dependencies all met for dep_context=requeueable deps ti=<TaskInstance: crypto_data_collection.fetch_and_store_crypto_data scheduled__2023-10-03T03:39:00+00:00 [queued]>
[2025-02-12T22:19:50.046+0000] {taskinstance.py:2867} INFO - Starting attempt 1 of 2
[2025-02-12T22:19:50.099+0000] {taskinstance.py:2890} INFO - Executing <Task(PythonOperator): fetch_and_store_crypto_data> on 2023-10-03 03:39:00+00:00
[2025-02-12T22:19:50.105+0000] {logging_mixin.py:190} WARNING - /home/***/.local/lib/python3.12/site-packages/***/task/task_runner/standard_task_runner.py:70 DeprecationWarning: This process (pid=9897) is multi-threaded, use of fork() may lead to deadlocks in the child.
[2025-02-12T22:19:50.106+0000] {standard_task_runner.py:72} INFO - Started process 9907 to run task
[2025-02-12T22:19:50.106+0000] {standard_task_runner.py:104} INFO - Running: ['***', 'tasks', 'run', 'crypto_data_collection', 'fetch_and_store_crypto_data', 'scheduled__2023-10-03T03:39:00+00:00', '--job-id', '3649', '--raw', '--subdir', 'DAGS_FOLDER/crypto_dag.py', '--cfg-path', '/tmp/tmpks2umzxs']
[2025-02-12T22:19:50.107+0000] {standard_task_runner.py:105} INFO - Job 3649: Subtask fetch_and_store_crypto_data
[2025-02-12T22:19:50.144+0000] {task_command.py:467} INFO - Running <TaskInstance: crypto_data_collection.fetch_and_store_crypto_data scheduled__2023-10-03T03:39:00+00:00 [running]> on host be7ba0dd3a47
[2025-02-12T22:19:50.219+0000] {taskinstance.py:3134} INFO - Exporting env vars: AIRFLOW_CTX_DAG_OWNER='***' AIRFLOW_CTX_DAG_ID='crypto_data_collection' AIRFLOW_CTX_TASK_ID='fetch_and_store_crypto_data' AIRFLOW_CTX_EXECUTION_DATE='2023-10-03T03:39:00+00:00' AIRFLOW_CTX_TRY_NUMBER='1' AIRFLOW_CTX_DAG_RUN_ID='scheduled__2023-10-03T03:39:00+00:00'
[2025-02-12T22:19:50.219+0000] {taskinstance.py:732} INFO - ::endgroup::
[2025-02-12T22:19:50.329+0000] {logging_mixin.py:190} INFO - Données récupérées : {'BTC': {'USD': 97516.91}, 'ETH': {'USD': 2688.6}}
[2025-02-12T22:19:50.334+0000] {logging_mixin.py:190} INFO - Données insérées dans PostgreSQL.
[2025-02-12T22:19:50.351+0000] {logging_mixin.py:190} INFO - Données uploadées dans MinIO.
[2025-02-12T22:19:50.351+0000] {python.py:240} INFO - Done. Returned value was: None
[2025-02-12T22:19:50.358+0000] {taskinstance.py:341} INFO - ::group::Post task execution logs
[2025-02-12T22:19:50.358+0000] {taskinstance.py:353} INFO - Marking task as SUCCESS. dag_id=crypto_data_collection, task_id=fetch_and_store_crypto_data, run_id=scheduled__2023-10-03T03:39:00+00:00, execution_date=20231003T033900, start_date=20250212T221950, end_date=20250212T221950
[2025-02-12T22:19:50.399+0000] {local_task_job_runner.py:266} INFO - Task exited with return code 0
[2025-02-12T22:19:50.411+0000] {taskinstance.py:3901} INFO - 0 downstream tasks scheduled from follow-on schedule check
[2025-02-12T22:19:50.417+0000] {local_task_job_runner.py:245} INFO - ::endgroup::
