[2025-02-12T21:56:14.256+0000] {local_task_job_runner.py:123} INFO - ::group::Pre task execution logs
[2025-02-12T21:56:14.275+0000] {taskinstance.py:2614} INFO - Dependencies all met for dep_context=non-requeueable deps ti=<TaskInstance: crypto_data_collection.fetch_and_store_crypto_data scheduled__2023-10-01T06:42:00+00:00 [queued]>
[2025-02-12T21:56:14.284+0000] {taskinstance.py:2614} INFO - Dependencies all met for dep_context=requeueable deps ti=<TaskInstance: crypto_data_collection.fetch_and_store_crypto_data scheduled__2023-10-01T06:42:00+00:00 [queued]>
[2025-02-12T21:56:14.285+0000] {taskinstance.py:2867} INFO - Starting attempt 1 of 2
[2025-02-12T21:56:14.302+0000] {taskinstance.py:2890} INFO - Executing <Task(PythonOperator): fetch_and_store_crypto_data> on 2023-10-01 06:42:00+00:00
[2025-02-12T21:56:14.309+0000] {logging_mixin.py:190} WARNING - /home/***/.local/lib/python3.12/site-packages/***/task/task_runner/standard_task_runner.py:70 DeprecationWarning: This process (pid=1574) is multi-threaded, use of fork() may lead to deadlocks in the child.
[2025-02-12T21:56:14.310+0000] {standard_task_runner.py:72} INFO - Started process 1586 to run task
[2025-02-12T21:56:14.310+0000] {standard_task_runner.py:104} INFO - Running: ['***', 'tasks', 'run', 'crypto_data_collection', 'fetch_and_store_crypto_data', 'scheduled__2023-10-01T06:42:00+00:00', '--job-id', '952', '--raw', '--subdir', 'DAGS_FOLDER/crypto_dag.py', '--cfg-path', '/tmp/tmp7ysv1a6n']
[2025-02-12T21:56:14.312+0000] {standard_task_runner.py:105} INFO - Job 952: Subtask fetch_and_store_crypto_data
[2025-02-12T21:56:14.349+0000] {task_command.py:467} INFO - Running <TaskInstance: crypto_data_collection.fetch_and_store_crypto_data scheduled__2023-10-01T06:42:00+00:00 [running]> on host be7ba0dd3a47
[2025-02-12T21:56:14.447+0000] {taskinstance.py:3134} INFO - Exporting env vars: AIRFLOW_CTX_DAG_OWNER='***' AIRFLOW_CTX_DAG_ID='crypto_data_collection' AIRFLOW_CTX_TASK_ID='fetch_and_store_crypto_data' AIRFLOW_CTX_EXECUTION_DATE='2023-10-01T06:42:00+00:00' AIRFLOW_CTX_TRY_NUMBER='1' AIRFLOW_CTX_DAG_RUN_ID='scheduled__2023-10-01T06:42:00+00:00'
[2025-02-12T21:56:14.447+0000] {taskinstance.py:732} INFO - ::endgroup::
[2025-02-12T21:56:15.256+0000] {logging_mixin.py:190} INFO - Données récupérées : {'BTC': {'USD': 97702.91}, 'ETH': {'USD': 2687.06}}
[2025-02-12T21:56:15.262+0000] {logging_mixin.py:190} INFO - Données insérées dans PostgreSQL.
[2025-02-12T21:56:15.289+0000] {logging_mixin.py:190} INFO - Données uploadées dans MinIO.
[2025-02-12T21:56:15.289+0000] {python.py:240} INFO - Done. Returned value was: None
[2025-02-12T21:56:15.297+0000] {taskinstance.py:341} INFO - ::group::Post task execution logs
[2025-02-12T21:56:15.297+0000] {taskinstance.py:353} INFO - Marking task as SUCCESS. dag_id=crypto_data_collection, task_id=fetch_and_store_crypto_data, run_id=scheduled__2023-10-01T06:42:00+00:00, execution_date=20231001T064200, start_date=20250212T215614, end_date=20250212T215615
[2025-02-12T21:56:15.325+0000] {local_task_job_runner.py:266} INFO - Task exited with return code 0
[2025-02-12T21:56:15.335+0000] {taskinstance.py:3901} INFO - 0 downstream tasks scheduled from follow-on schedule check
[2025-02-12T21:56:15.338+0000] {local_task_job_runner.py:245} INFO - ::endgroup::
