[2025-02-12T21:08:52.089+0000] {local_task_job_runner.py:123} INFO - ::group::Pre task execution logs
[2025-02-12T21:08:52.106+0000] {taskinstance.py:2614} INFO - Dependencies all met for dep_context=non-requeueable deps ti=<TaskInstance: crypto_flow.fetch_crypto_data scheduled__2025-02-12T17:00:00+00:00 [queued]>
[2025-02-12T21:08:52.114+0000] {taskinstance.py:2614} INFO - Dependencies all met for dep_context=requeueable deps ti=<TaskInstance: crypto_flow.fetch_crypto_data scheduled__2025-02-12T17:00:00+00:00 [queued]>
[2025-02-12T21:08:52.115+0000] {taskinstance.py:2867} INFO - Starting attempt 1 of 2
[2025-02-12T21:08:52.142+0000] {taskinstance.py:2890} INFO - Executing <Task(PythonOperator): fetch_crypto_data> on 2025-02-12 17:00:00+00:00
[2025-02-12T21:08:52.147+0000] {logging_mixin.py:190} WARNING - /home/***/.local/lib/python3.12/site-packages/***/task/task_runner/standard_task_runner.py:70 DeprecationWarning: This process (pid=2173) is multi-threaded, use of fork() may lead to deadlocks in the child.
[2025-02-12T21:08:52.148+0000] {standard_task_runner.py:72} INFO - Started process 2177 to run task
[2025-02-12T21:08:52.147+0000] {standard_task_runner.py:104} INFO - Running: ['***', 'tasks', 'run', 'crypto_flow', 'fetch_crypto_data', 'scheduled__2025-02-12T17:00:00+00:00', '--job-id', '532', '--raw', '--subdir', 'DAGS_FOLDER/crypto_dag.py', '--cfg-path', '/tmp/tmp2i39q8pu']
[2025-02-12T21:08:52.149+0000] {standard_task_runner.py:105} INFO - Job 532: Subtask fetch_crypto_data
[2025-02-12T21:08:52.185+0000] {task_command.py:467} INFO - Running <TaskInstance: crypto_flow.fetch_crypto_data scheduled__2025-02-12T17:00:00+00:00 [running]> on host 3c24d57f5cd3
[2025-02-12T21:08:52.272+0000] {taskinstance.py:3134} INFO - Exporting env vars: AIRFLOW_CTX_DAG_OWNER='***' AIRFLOW_CTX_DAG_ID='crypto_flow' AIRFLOW_CTX_TASK_ID='fetch_crypto_data' AIRFLOW_CTX_EXECUTION_DATE='2025-02-12T17:00:00+00:00' AIRFLOW_CTX_TRY_NUMBER='1' AIRFLOW_CTX_DAG_RUN_ID='scheduled__2025-02-12T17:00:00+00:00'
[2025-02-12T21:08:52.273+0000] {taskinstance.py:732} INFO - ::endgroup::
[2025-02-12T21:08:52.386+0000] {logging_mixin.py:190} INFO - Données récupérées : {'BTC': {'USD': 97061.38}, 'ETH': {'USD': 2680.35}}
[2025-02-12T21:08:52.391+0000] {logging_mixin.py:190} INFO - Données insérées dans PostgreSQL.
[2025-02-12T21:08:52.392+0000] {python.py:240} INFO - Done. Returned value was: None
[2025-02-12T21:08:52.399+0000] {taskinstance.py:341} INFO - ::group::Post task execution logs
[2025-02-12T21:08:52.399+0000] {taskinstance.py:353} INFO - Marking task as SUCCESS. dag_id=crypto_flow, task_id=fetch_crypto_data, run_id=scheduled__2025-02-12T17:00:00+00:00, execution_date=20250212T170000, start_date=20250212T210852, end_date=20250212T210852
[2025-02-12T21:08:52.443+0000] {local_task_job_runner.py:266} INFO - Task exited with return code 0
[2025-02-12T21:08:52.467+0000] {taskinstance.py:3901} INFO - 1 downstream tasks scheduled from follow-on schedule check
[2025-02-12T21:08:52.470+0000] {local_task_job_runner.py:245} INFO - ::endgroup::
