[2025-02-13T21:50:22.343+0000] {local_task_job_runner.py:123} INFO - ::group::Pre task execution logs
[2025-02-13T21:50:22.355+0000] {taskinstance.py:2614} INFO - Dependencies all met for dep_context=non-requeueable deps ti=<TaskInstance: crypto_data_collection.fetch_and_store_crypto_data scheduled__2024-10-06T10:17:00+00:00 [queued]>
[2025-02-13T21:50:22.361+0000] {taskinstance.py:2614} INFO - Dependencies all met for dep_context=requeueable deps ti=<TaskInstance: crypto_data_collection.fetch_and_store_crypto_data scheduled__2024-10-06T10:17:00+00:00 [queued]>
[2025-02-13T21:50:22.362+0000] {taskinstance.py:2867} INFO - Starting attempt 1 of 2
[2025-02-13T21:50:22.372+0000] {taskinstance.py:2890} INFO - Executing <Task(PythonOperator): fetch_and_store_crypto_data> on 2024-10-06 10:17:00+00:00
[2025-02-13T21:50:22.376+0000] {logging_mixin.py:190} WARNING - /home/***/.local/lib/python3.12/site-packages/***/task/task_runner/standard_task_runner.py:70 DeprecationWarning: This process (pid=19892) is multi-threaded, use of fork() may lead to deadlocks in the child.
[2025-02-13T21:50:22.377+0000] {standard_task_runner.py:72} INFO - Started process 19899 to run task
[2025-02-13T21:50:22.377+0000] {standard_task_runner.py:104} INFO - Running: ['***', 'tasks', 'run', 'crypto_data_collection', 'fetch_and_store_crypto_data', 'scheduled__2024-10-06T10:17:00+00:00', '--job-id', '22412', '--raw', '--subdir', 'DAGS_FOLDER/crypto_dag.py', '--cfg-path', '/tmp/tmpfm6pu997']
[2025-02-13T21:50:22.378+0000] {standard_task_runner.py:105} INFO - Job 22412: Subtask fetch_and_store_crypto_data
[2025-02-13T21:50:22.407+0000] {task_command.py:467} INFO - Running <TaskInstance: crypto_data_collection.fetch_and_store_crypto_data scheduled__2024-10-06T10:17:00+00:00 [running]> on host 7e1fe653b817
[2025-02-13T21:50:22.465+0000] {taskinstance.py:3134} INFO - Exporting env vars: AIRFLOW_CTX_DAG_OWNER='***' AIRFLOW_CTX_DAG_ID='crypto_data_collection' AIRFLOW_CTX_TASK_ID='fetch_and_store_crypto_data' AIRFLOW_CTX_EXECUTION_DATE='2024-10-06T10:17:00+00:00' AIRFLOW_CTX_TRY_NUMBER='1' AIRFLOW_CTX_DAG_RUN_ID='scheduled__2024-10-06T10:17:00+00:00'
[2025-02-13T21:50:22.466+0000] {taskinstance.py:732} INFO - ::endgroup::
[2025-02-13T21:50:22.545+0000] {logging_mixin.py:190} INFO - Données récupérées : {'bitcoin': {'usd': 96536}, 'ethereum': {'usd': 2668.76}}
[2025-02-13T21:50:22.557+0000] {logging_mixin.py:190} INFO - Données insérées dans PostgreSQL.
[2025-02-13T21:50:22.575+0000] {logging_mixin.py:190} INFO - Données uploadées dans MinIO.
[2025-02-13T21:50:22.575+0000] {python.py:240} INFO - Done. Returned value was: None
[2025-02-13T21:50:22.581+0000] {taskinstance.py:341} INFO - ::group::Post task execution logs
[2025-02-13T21:50:22.581+0000] {taskinstance.py:353} INFO - Marking task as SUCCESS. dag_id=crypto_data_collection, task_id=fetch_and_store_crypto_data, run_id=scheduled__2024-10-06T10:17:00+00:00, execution_date=20241006T101700, start_date=20250213T215022, end_date=20250213T215022
[2025-02-13T21:50:22.631+0000] {local_task_job_runner.py:266} INFO - Task exited with return code 0
[2025-02-13T21:50:22.646+0000] {taskinstance.py:3901} INFO - 0 downstream tasks scheduled from follow-on schedule check
[2025-02-13T21:50:22.649+0000] {local_task_job_runner.py:245} INFO - ::endgroup::
