[2025-02-12T22:11:55.756+0000] {local_task_job_runner.py:123} INFO - ::group::Pre task execution logs
[2025-02-12T22:11:55.768+0000] {taskinstance.py:2614} INFO - Dependencies all met for dep_context=non-requeueable deps ti=<TaskInstance: crypto_data_collection.fetch_and_store_crypto_data scheduled__2023-10-02T11:55:00+00:00 [queued]>
[2025-02-12T22:11:55.774+0000] {taskinstance.py:2614} INFO - Dependencies all met for dep_context=requeueable deps ti=<TaskInstance: crypto_data_collection.fetch_and_store_crypto_data scheduled__2023-10-02T11:55:00+00:00 [queued]>
[2025-02-12T22:11:55.774+0000] {taskinstance.py:2867} INFO - Starting attempt 1 of 2
[2025-02-12T22:11:55.787+0000] {taskinstance.py:2890} INFO - Executing <Task(PythonOperator): fetch_and_store_crypto_data> on 2023-10-02 11:55:00+00:00
[2025-02-12T22:11:55.793+0000] {logging_mixin.py:190} WARNING - /home/***/.local/lib/python3.12/site-packages/***/task/task_runner/standard_task_runner.py:70 DeprecationWarning: This process (pid=6994) is multi-threaded, use of fork() may lead to deadlocks in the child.
[2025-02-12T22:11:55.793+0000] {standard_task_runner.py:72} INFO - Started process 6998 to run task
[2025-02-12T22:11:55.793+0000] {standard_task_runner.py:104} INFO - Running: ['***', 'tasks', 'run', 'crypto_data_collection', 'fetch_and_store_crypto_data', 'scheduled__2023-10-02T11:55:00+00:00', '--job-id', '2705', '--raw', '--subdir', 'DAGS_FOLDER/crypto_dag.py', '--cfg-path', '/tmp/tmpisqcbe7x']
[2025-02-12T22:11:55.795+0000] {standard_task_runner.py:105} INFO - Job 2705: Subtask fetch_and_store_crypto_data
[2025-02-12T22:11:55.826+0000] {task_command.py:467} INFO - Running <TaskInstance: crypto_data_collection.fetch_and_store_crypto_data scheduled__2023-10-02T11:55:00+00:00 [running]> on host be7ba0dd3a47
[2025-02-12T22:11:55.905+0000] {taskinstance.py:3134} INFO - Exporting env vars: AIRFLOW_CTX_DAG_OWNER='***' AIRFLOW_CTX_DAG_ID='crypto_data_collection' AIRFLOW_CTX_TASK_ID='fetch_and_store_crypto_data' AIRFLOW_CTX_EXECUTION_DATE='2023-10-02T11:55:00+00:00' AIRFLOW_CTX_TRY_NUMBER='1' AIRFLOW_CTX_DAG_RUN_ID='scheduled__2023-10-02T11:55:00+00:00'
[2025-02-12T22:11:55.906+0000] {taskinstance.py:732} INFO - ::endgroup::
[2025-02-12T22:11:56.026+0000] {logging_mixin.py:190} INFO - Données récupérées : {'BTC': {'USD': 97523.58}, 'ETH': {'USD': 2681.66}}
[2025-02-12T22:11:56.033+0000] {logging_mixin.py:190} INFO - Données insérées dans PostgreSQL.
[2025-02-12T22:11:56.042+0000] {logging_mixin.py:190} INFO - Données uploadées dans MinIO.
[2025-02-12T22:11:56.042+0000] {python.py:240} INFO - Done. Returned value was: None
[2025-02-12T22:11:56.049+0000] {taskinstance.py:341} INFO - ::group::Post task execution logs
[2025-02-12T22:11:56.049+0000] {taskinstance.py:353} INFO - Marking task as SUCCESS. dag_id=crypto_data_collection, task_id=fetch_and_store_crypto_data, run_id=scheduled__2023-10-02T11:55:00+00:00, execution_date=20231002T115500, start_date=20250212T221155, end_date=20250212T221156
[2025-02-12T22:11:56.127+0000] {local_task_job_runner.py:266} INFO - Task exited with return code 0
[2025-02-12T22:11:56.144+0000] {taskinstance.py:3901} INFO - 0 downstream tasks scheduled from follow-on schedule check
[2025-02-12T22:11:56.147+0000] {local_task_job_runner.py:245} INFO - ::endgroup::
