[2025-02-12T22:28:05.569+0000] {local_task_job_runner.py:123} INFO - ::group::Pre task execution logs
[2025-02-12T22:28:05.579+0000] {taskinstance.py:2614} INFO - Dependencies all met for dep_context=non-requeueable deps ti=<TaskInstance: crypto_data_collection.fetch_and_store_crypto_data scheduled__2023-10-03T20:55:00+00:00 [queued]>
[2025-02-12T22:28:05.585+0000] {taskinstance.py:2614} INFO - Dependencies all met for dep_context=requeueable deps ti=<TaskInstance: crypto_data_collection.fetch_and_store_crypto_data scheduled__2023-10-03T20:55:00+00:00 [queued]>
[2025-02-12T22:28:05.586+0000] {taskinstance.py:2867} INFO - Starting attempt 1 of 2
[2025-02-12T22:28:05.597+0000] {taskinstance.py:2890} INFO - Executing <Task(PythonOperator): fetch_and_store_crypto_data> on 2023-10-03 20:55:00+00:00
[2025-02-12T22:28:05.602+0000] {logging_mixin.py:190} WARNING - /home/***/.local/lib/python3.12/site-packages/***/task/task_runner/standard_task_runner.py:70 DeprecationWarning: This process (pid=13090) is multi-threaded, use of fork() may lead to deadlocks in the child.
[2025-02-12T22:28:05.602+0000] {standard_task_runner.py:72} INFO - Started process 13098 to run task
[2025-02-12T22:28:05.602+0000] {standard_task_runner.py:104} INFO - Running: ['***', 'tasks', 'run', 'crypto_data_collection', 'fetch_and_store_crypto_data', 'scheduled__2023-10-03T20:55:00+00:00', '--job-id', '4685', '--raw', '--subdir', 'DAGS_FOLDER/crypto_dag.py', '--cfg-path', '/tmp/tmp84r6hxww']
[2025-02-12T22:28:05.603+0000] {standard_task_runner.py:105} INFO - Job 4685: Subtask fetch_and_store_crypto_data
[2025-02-12T22:28:05.630+0000] {task_command.py:467} INFO - Running <TaskInstance: crypto_data_collection.fetch_and_store_crypto_data scheduled__2023-10-03T20:55:00+00:00 [running]> on host be7ba0dd3a47
[2025-02-12T22:28:05.687+0000] {taskinstance.py:3134} INFO - Exporting env vars: AIRFLOW_CTX_DAG_OWNER='***' AIRFLOW_CTX_DAG_ID='crypto_data_collection' AIRFLOW_CTX_TASK_ID='fetch_and_store_crypto_data' AIRFLOW_CTX_EXECUTION_DATE='2023-10-03T20:55:00+00:00' AIRFLOW_CTX_TRY_NUMBER='1' AIRFLOW_CTX_DAG_RUN_ID='scheduled__2023-10-03T20:55:00+00:00'
[2025-02-12T22:28:05.688+0000] {taskinstance.py:732} INFO - ::endgroup::
[2025-02-12T22:28:07.722+0000] {logging_mixin.py:190} INFO - Données récupérées : {'BTC': {'USD': 97919.34}, 'ETH': {'USD': 2747.05}}
[2025-02-12T22:28:07.730+0000] {logging_mixin.py:190} INFO - Données insérées dans PostgreSQL.
[2025-02-12T22:28:07.741+0000] {logging_mixin.py:190} INFO - Données uploadées dans MinIO.
[2025-02-12T22:28:07.742+0000] {python.py:240} INFO - Done. Returned value was: None
[2025-02-12T22:28:07.748+0000] {taskinstance.py:341} INFO - ::group::Post task execution logs
[2025-02-12T22:28:07.749+0000] {taskinstance.py:353} INFO - Marking task as SUCCESS. dag_id=crypto_data_collection, task_id=fetch_and_store_crypto_data, run_id=scheduled__2023-10-03T20:55:00+00:00, execution_date=20231003T205500, start_date=20250212T222805, end_date=20250212T222807
[2025-02-12T22:28:07.795+0000] {local_task_job_runner.py:266} INFO - Task exited with return code 0
[2025-02-12T22:28:07.802+0000] {local_task_job_runner.py:245} INFO - ::endgroup::
