[2025-02-12T22:25:05.528+0000] {local_task_job_runner.py:123} INFO - ::group::Pre task execution logs
[2025-02-12T22:25:05.544+0000] {taskinstance.py:2614} INFO - Dependencies all met for dep_context=non-requeueable deps ti=<TaskInstance: crypto_data_collection.fetch_and_store_crypto_data scheduled__2023-10-03T14:07:00+00:00 [queued]>
[2025-02-12T22:25:05.553+0000] {taskinstance.py:2614} INFO - Dependencies all met for dep_context=requeueable deps ti=<TaskInstance: crypto_data_collection.fetch_and_store_crypto_data scheduled__2023-10-03T14:07:00+00:00 [queued]>
[2025-02-12T22:25:05.553+0000] {taskinstance.py:2867} INFO - Starting attempt 1 of 2
[2025-02-12T22:25:05.571+0000] {taskinstance.py:2890} INFO - Executing <Task(PythonOperator): fetch_and_store_crypto_data> on 2023-10-03 14:07:00+00:00
[2025-02-12T22:25:05.580+0000] {logging_mixin.py:190} WARNING - /home/***/.local/lib/python3.12/site-packages/***/task/task_runner/standard_task_runner.py:70 DeprecationWarning: This process (pid=11840) is multi-threaded, use of fork() may lead to deadlocks in the child.
[2025-02-12T22:25:05.579+0000] {standard_task_runner.py:104} INFO - Running: ['***', 'tasks', 'run', 'crypto_data_collection', 'fetch_and_store_crypto_data', 'scheduled__2023-10-03T14:07:00+00:00', '--job-id', '4277', '--raw', '--subdir', 'DAGS_FOLDER/crypto_dag.py', '--cfg-path', '/tmp/tmpy7vbl5jw']
[2025-02-12T22:25:05.580+0000] {standard_task_runner.py:72} INFO - Started process 11847 to run task
[2025-02-12T22:25:05.581+0000] {standard_task_runner.py:105} INFO - Job 4277: Subtask fetch_and_store_crypto_data
[2025-02-12T22:25:05.616+0000] {task_command.py:467} INFO - Running <TaskInstance: crypto_data_collection.fetch_and_store_crypto_data scheduled__2023-10-03T14:07:00+00:00 [running]> on host be7ba0dd3a47
[2025-02-12T22:25:05.701+0000] {taskinstance.py:3134} INFO - Exporting env vars: AIRFLOW_CTX_DAG_OWNER='***' AIRFLOW_CTX_DAG_ID='crypto_data_collection' AIRFLOW_CTX_TASK_ID='fetch_and_store_crypto_data' AIRFLOW_CTX_EXECUTION_DATE='2023-10-03T14:07:00+00:00' AIRFLOW_CTX_TRY_NUMBER='1' AIRFLOW_CTX_DAG_RUN_ID='scheduled__2023-10-03T14:07:00+00:00'
[2025-02-12T22:25:05.702+0000] {taskinstance.py:732} INFO - ::endgroup::
[2025-02-12T22:25:05.842+0000] {logging_mixin.py:190} INFO - Données récupérées : {'BTC': {'USD': 97826.44}, 'ETH': {'USD': 2731.1}}
[2025-02-12T22:25:05.847+0000] {logging_mixin.py:190} INFO - Données insérées dans PostgreSQL.
[2025-02-12T22:25:05.856+0000] {logging_mixin.py:190} INFO - Données uploadées dans MinIO.
[2025-02-12T22:25:05.857+0000] {python.py:240} INFO - Done. Returned value was: None
[2025-02-12T22:25:05.866+0000] {taskinstance.py:341} INFO - ::group::Post task execution logs
[2025-02-12T22:25:05.866+0000] {taskinstance.py:353} INFO - Marking task as SUCCESS. dag_id=crypto_data_collection, task_id=fetch_and_store_crypto_data, run_id=scheduled__2023-10-03T14:07:00+00:00, execution_date=20231003T140700, start_date=20250212T222505, end_date=20250212T222505
[2025-02-12T22:25:05.954+0000] {local_task_job_runner.py:266} INFO - Task exited with return code 0
[2025-02-12T22:25:05.967+0000] {taskinstance.py:3901} INFO - 0 downstream tasks scheduled from follow-on schedule check
[2025-02-12T22:25:05.970+0000] {local_task_job_runner.py:245} INFO - ::endgroup::
