[2025-02-12T22:24:18.804+0000] {local_task_job_runner.py:123} INFO - ::group::Pre task execution logs
[2025-02-12T22:24:18.817+0000] {taskinstance.py:2614} INFO - Dependencies all met for dep_context=non-requeueable deps ti=<TaskInstance: crypto_data_collection.fetch_and_store_crypto_data scheduled__2023-10-03T12:32:00+00:00 [queued]>
[2025-02-12T22:24:18.824+0000] {taskinstance.py:2614} INFO - Dependencies all met for dep_context=requeueable deps ti=<TaskInstance: crypto_data_collection.fetch_and_store_crypto_data scheduled__2023-10-03T12:32:00+00:00 [queued]>
[2025-02-12T22:24:18.824+0000] {taskinstance.py:2867} INFO - Starting attempt 1 of 2
[2025-02-12T22:24:18.841+0000] {taskinstance.py:2890} INFO - Executing <Task(PythonOperator): fetch_and_store_crypto_data> on 2023-10-03 12:32:00+00:00
[2025-02-12T22:24:18.849+0000] {logging_mixin.py:190} WARNING - /home/***/.local/lib/python3.12/site-packages/***/task/task_runner/standard_task_runner.py:70 DeprecationWarning: This process (pid=11541) is multi-threaded, use of fork() may lead to deadlocks in the child.
[2025-02-12T22:24:18.849+0000] {standard_task_runner.py:104} INFO - Running: ['***', 'tasks', 'run', 'crypto_data_collection', 'fetch_and_store_crypto_data', 'scheduled__2023-10-03T12:32:00+00:00', '--job-id', '4182', '--raw', '--subdir', 'DAGS_FOLDER/crypto_dag.py', '--cfg-path', '/tmp/tmpqg__lujw']
[2025-02-12T22:24:18.850+0000] {standard_task_runner.py:72} INFO - Started process 11551 to run task
[2025-02-12T22:24:18.850+0000] {standard_task_runner.py:105} INFO - Job 4182: Subtask fetch_and_store_crypto_data
[2025-02-12T22:24:18.887+0000] {task_command.py:467} INFO - Running <TaskInstance: crypto_data_collection.fetch_and_store_crypto_data scheduled__2023-10-03T12:32:00+00:00 [running]> on host be7ba0dd3a47
[2025-02-12T22:24:18.969+0000] {taskinstance.py:3134} INFO - Exporting env vars: AIRFLOW_CTX_DAG_OWNER='***' AIRFLOW_CTX_DAG_ID='crypto_data_collection' AIRFLOW_CTX_TASK_ID='fetch_and_store_crypto_data' AIRFLOW_CTX_EXECUTION_DATE='2023-10-03T12:32:00+00:00' AIRFLOW_CTX_TRY_NUMBER='1' AIRFLOW_CTX_DAG_RUN_ID='scheduled__2023-10-03T12:32:00+00:00'
[2025-02-12T22:24:18.970+0000] {taskinstance.py:732} INFO - ::endgroup::
[2025-02-12T22:24:19.080+0000] {logging_mixin.py:190} INFO - Données récupérées : {'BTC': {'USD': 97873.57}, 'ETH': {'USD': 2734.18}}
[2025-02-12T22:24:19.086+0000] {logging_mixin.py:190} INFO - Données insérées dans PostgreSQL.
[2025-02-12T22:24:19.099+0000] {logging_mixin.py:190} INFO - Données uploadées dans MinIO.
[2025-02-12T22:24:19.100+0000] {python.py:240} INFO - Done. Returned value was: None
[2025-02-12T22:24:19.109+0000] {taskinstance.py:341} INFO - ::group::Post task execution logs
[2025-02-12T22:24:19.109+0000] {taskinstance.py:353} INFO - Marking task as SUCCESS. dag_id=crypto_data_collection, task_id=fetch_and_store_crypto_data, run_id=scheduled__2023-10-03T12:32:00+00:00, execution_date=20231003T123200, start_date=20250212T222418, end_date=20250212T222419
[2025-02-12T22:24:19.184+0000] {local_task_job_runner.py:266} INFO - Task exited with return code 0
[2025-02-12T22:24:19.198+0000] {taskinstance.py:3901} INFO - 0 downstream tasks scheduled from follow-on schedule check
[2025-02-12T22:24:19.203+0000] {local_task_job_runner.py:245} INFO - ::endgroup::
