[2025-02-12T21:54:09.503+0000] {local_task_job_runner.py:123} INFO - ::group::Pre task execution logs
[2025-02-12T21:54:09.516+0000] {taskinstance.py:2614} INFO - Dependencies all met for dep_context=non-requeueable deps ti=<TaskInstance: crypto_data_collection.fetch_and_store_crypto_data scheduled__2023-10-01T02:08:00+00:00 [queued]>
[2025-02-12T21:54:09.523+0000] {taskinstance.py:2614} INFO - Dependencies all met for dep_context=requeueable deps ti=<TaskInstance: crypto_data_collection.fetch_and_store_crypto_data scheduled__2023-10-01T02:08:00+00:00 [queued]>
[2025-02-12T21:54:09.524+0000] {taskinstance.py:2867} INFO - Starting attempt 1 of 2
[2025-02-12T21:54:09.554+0000] {taskinstance.py:2890} INFO - Executing <Task(PythonOperator): fetch_and_store_crypto_data> on 2023-10-01 02:08:00+00:00
[2025-02-12T21:54:09.561+0000] {logging_mixin.py:190} WARNING - /home/***/.local/lib/python3.12/site-packages/***/task/task_runner/standard_task_runner.py:70 DeprecationWarning: This process (pid=733) is multi-threaded, use of fork() may lead to deadlocks in the child.
[2025-02-12T21:54:09.561+0000] {standard_task_runner.py:72} INFO - Started process 741 to run task
[2025-02-12T21:54:09.561+0000] {standard_task_runner.py:104} INFO - Running: ['***', 'tasks', 'run', 'crypto_data_collection', 'fetch_and_store_crypto_data', 'scheduled__2023-10-01T02:08:00+00:00', '--job-id', '677', '--raw', '--subdir', 'DAGS_FOLDER/crypto_dag.py', '--cfg-path', '/tmp/tmpvw4vi6rw']
[2025-02-12T21:54:09.563+0000] {standard_task_runner.py:105} INFO - Job 677: Subtask fetch_and_store_crypto_data
[2025-02-12T21:54:09.598+0000] {task_command.py:467} INFO - Running <TaskInstance: crypto_data_collection.fetch_and_store_crypto_data scheduled__2023-10-01T02:08:00+00:00 [running]> on host be7ba0dd3a47
[2025-02-12T21:54:09.682+0000] {taskinstance.py:3134} INFO - Exporting env vars: AIRFLOW_CTX_DAG_OWNER='***' AIRFLOW_CTX_DAG_ID='crypto_data_collection' AIRFLOW_CTX_TASK_ID='fetch_and_store_crypto_data' AIRFLOW_CTX_EXECUTION_DATE='2023-10-01T02:08:00+00:00' AIRFLOW_CTX_TRY_NUMBER='1' AIRFLOW_CTX_DAG_RUN_ID='scheduled__2023-10-01T02:08:00+00:00'
[2025-02-12T21:54:09.683+0000] {taskinstance.py:732} INFO - ::endgroup::
[2025-02-12T21:54:09.786+0000] {logging_mixin.py:190} INFO - Données récupérées : {'BTC': {'USD': 97605.6}, 'ETH': {'USD': 2687.83}}
[2025-02-12T21:54:09.791+0000] {logging_mixin.py:190} INFO - Données insérées dans PostgreSQL.
[2025-02-12T21:54:09.795+0000] {logging_mixin.py:190} INFO - Erreur lors de l'upload dans MinIO : S3 operation failed; code: NoSuchBucket, message: The specified bucket does not exist, resource: /crypto-data, request_id: 182394953D4487D7, host_id: dd9025bab4ad464b049177c95eb6ebf374d3b3fd1af9251148b658df7ac2e3e8, bucket_name: crypto-data
[2025-02-12T21:54:09.795+0000] {python.py:240} INFO - Done. Returned value was: None
[2025-02-12T21:54:09.803+0000] {taskinstance.py:341} INFO - ::group::Post task execution logs
[2025-02-12T21:54:09.804+0000] {taskinstance.py:353} INFO - Marking task as SUCCESS. dag_id=crypto_data_collection, task_id=fetch_and_store_crypto_data, run_id=scheduled__2023-10-01T02:08:00+00:00, execution_date=20231001T020800, start_date=20250212T215409, end_date=20250212T215409
[2025-02-12T21:54:09.855+0000] {local_task_job_runner.py:266} INFO - Task exited with return code 0
[2025-02-12T21:54:09.862+0000] {local_task_job_runner.py:245} INFO - ::endgroup::
