[2025-02-12T22:12:15.973+0000] {local_task_job_runner.py:123} INFO - ::group::Pre task execution logs
[2025-02-12T22:12:15.987+0000] {taskinstance.py:2614} INFO - Dependencies all met for dep_context=non-requeueable deps ti=<TaskInstance: crypto_data_collection.fetch_and_store_crypto_data scheduled__2023-10-02T12:49:00+00:00 [queued]>
[2025-02-12T22:12:15.993+0000] {taskinstance.py:2614} INFO - Dependencies all met for dep_context=requeueable deps ti=<TaskInstance: crypto_data_collection.fetch_and_store_crypto_data scheduled__2023-10-02T12:49:00+00:00 [queued]>
[2025-02-12T22:12:15.993+0000] {taskinstance.py:2867} INFO - Starting attempt 1 of 2
[2025-02-12T22:12:16.006+0000] {taskinstance.py:2890} INFO - Executing <Task(PythonOperator): fetch_and_store_crypto_data> on 2023-10-02 12:49:00+00:00
[2025-02-12T22:12:16.014+0000] {logging_mixin.py:190} WARNING - /home/***/.local/lib/python3.12/site-packages/***/task/task_runner/standard_task_runner.py:70 DeprecationWarning: This process (pid=7152) is multi-threaded, use of fork() may lead to deadlocks in the child.
[2025-02-12T22:12:16.015+0000] {standard_task_runner.py:72} INFO - Started process 7161 to run task
[2025-02-12T22:12:16.014+0000] {standard_task_runner.py:104} INFO - Running: ['***', 'tasks', 'run', 'crypto_data_collection', 'fetch_and_store_crypto_data', 'scheduled__2023-10-02T12:49:00+00:00', '--job-id', '2759', '--raw', '--subdir', 'DAGS_FOLDER/crypto_dag.py', '--cfg-path', '/tmp/tmpfyhrdoqu']
[2025-02-12T22:12:16.016+0000] {standard_task_runner.py:105} INFO - Job 2759: Subtask fetch_and_store_crypto_data
[2025-02-12T22:12:16.051+0000] {task_command.py:467} INFO - Running <TaskInstance: crypto_data_collection.fetch_and_store_crypto_data scheduled__2023-10-02T12:49:00+00:00 [running]> on host be7ba0dd3a47
[2025-02-12T22:12:16.131+0000] {taskinstance.py:3134} INFO - Exporting env vars: AIRFLOW_CTX_DAG_OWNER='***' AIRFLOW_CTX_DAG_ID='crypto_data_collection' AIRFLOW_CTX_TASK_ID='fetch_and_store_crypto_data' AIRFLOW_CTX_EXECUTION_DATE='2023-10-02T12:49:00+00:00' AIRFLOW_CTX_TRY_NUMBER='1' AIRFLOW_CTX_DAG_RUN_ID='scheduled__2023-10-02T12:49:00+00:00'
[2025-02-12T22:12:16.131+0000] {taskinstance.py:732} INFO - ::endgroup::
[2025-02-12T22:12:16.226+0000] {logging_mixin.py:190} INFO - Données récupérées : {'BTC': {'USD': 97534.79}, 'ETH': {'USD': 2680.34}}
[2025-02-12T22:12:16.231+0000] {logging_mixin.py:190} INFO - Données insérées dans PostgreSQL.
[2025-02-12T22:12:16.245+0000] {logging_mixin.py:190} INFO - Données uploadées dans MinIO.
[2025-02-12T22:12:16.246+0000] {python.py:240} INFO - Done. Returned value was: None
[2025-02-12T22:12:16.251+0000] {taskinstance.py:341} INFO - ::group::Post task execution logs
[2025-02-12T22:12:16.251+0000] {taskinstance.py:353} INFO - Marking task as SUCCESS. dag_id=crypto_data_collection, task_id=fetch_and_store_crypto_data, run_id=scheduled__2023-10-02T12:49:00+00:00, execution_date=20231002T124900, start_date=20250212T221215, end_date=20250212T221216
[2025-02-12T22:12:16.309+0000] {local_task_job_runner.py:266} INFO - Task exited with return code 0
[2025-02-12T22:12:16.320+0000] {taskinstance.py:3901} INFO - 0 downstream tasks scheduled from follow-on schedule check
[2025-02-12T22:12:16.322+0000] {local_task_job_runner.py:245} INFO - ::endgroup::
