[2025-02-12T21:55:38.794+0000] {local_task_job_runner.py:123} INFO - ::group::Pre task execution logs
[2025-02-12T21:55:38.806+0000] {taskinstance.py:2614} INFO - Dependencies all met for dep_context=non-requeueable deps ti=<TaskInstance: crypto_data_collection.fetch_and_store_crypto_data scheduled__2023-10-01T05:08:00+00:00 [queued]>
[2025-02-12T21:55:38.812+0000] {taskinstance.py:2614} INFO - Dependencies all met for dep_context=requeueable deps ti=<TaskInstance: crypto_data_collection.fetch_and_store_crypto_data scheduled__2023-10-01T05:08:00+00:00 [queued]>
[2025-02-12T21:55:38.813+0000] {taskinstance.py:2867} INFO - Starting attempt 1 of 2
[2025-02-12T21:55:38.825+0000] {taskinstance.py:2890} INFO - Executing <Task(PythonOperator): fetch_and_store_crypto_data> on 2023-10-01 05:08:00+00:00
[2025-02-12T21:55:38.831+0000] {logging_mixin.py:190} WARNING - /home/***/.local/lib/python3.12/site-packages/***/task/task_runner/standard_task_runner.py:70 DeprecationWarning: This process (pid=1279) is multi-threaded, use of fork() may lead to deadlocks in the child.
[2025-02-12T21:55:38.832+0000] {standard_task_runner.py:72} INFO - Started process 1288 to run task
[2025-02-12T21:55:38.832+0000] {standard_task_runner.py:104} INFO - Running: ['***', 'tasks', 'run', 'crypto_data_collection', 'fetch_and_store_crypto_data', 'scheduled__2023-10-01T05:08:00+00:00', '--job-id', '857', '--raw', '--subdir', 'DAGS_FOLDER/crypto_dag.py', '--cfg-path', '/tmp/tmpoy476s9k']
[2025-02-12T21:55:38.834+0000] {standard_task_runner.py:105} INFO - Job 857: Subtask fetch_and_store_crypto_data
[2025-02-12T21:55:38.863+0000] {task_command.py:467} INFO - Running <TaskInstance: crypto_data_collection.fetch_and_store_crypto_data scheduled__2023-10-01T05:08:00+00:00 [running]> on host be7ba0dd3a47
[2025-02-12T21:55:38.924+0000] {taskinstance.py:3134} INFO - Exporting env vars: AIRFLOW_CTX_DAG_OWNER='***' AIRFLOW_CTX_DAG_ID='crypto_data_collection' AIRFLOW_CTX_TASK_ID='fetch_and_store_crypto_data' AIRFLOW_CTX_EXECUTION_DATE='2023-10-01T05:08:00+00:00' AIRFLOW_CTX_TRY_NUMBER='1' AIRFLOW_CTX_DAG_RUN_ID='scheduled__2023-10-01T05:08:00+00:00'
[2025-02-12T21:55:38.924+0000] {taskinstance.py:732} INFO - ::endgroup::
[2025-02-12T21:55:41.358+0000] {logging_mixin.py:190} INFO - Données récupérées : {'BTC': {'USD': 97664.74}, 'ETH': {'USD': 2685.71}}
[2025-02-12T21:55:41.363+0000] {logging_mixin.py:190} INFO - Données insérées dans PostgreSQL.
[2025-02-12T21:55:41.367+0000] {logging_mixin.py:190} INFO - Erreur lors de l'upload dans MinIO : S3 operation failed; code: NoSuchBucket, message: The specified bucket does not exist, resource: /crypto-data, request_id: 182394AA8F658F13, host_id: dd9025bab4ad464b049177c95eb6ebf374d3b3fd1af9251148b658df7ac2e3e8, bucket_name: crypto-data
[2025-02-12T21:55:41.367+0000] {python.py:240} INFO - Done. Returned value was: None
[2025-02-12T21:55:41.377+0000] {taskinstance.py:341} INFO - ::group::Post task execution logs
[2025-02-12T21:55:41.377+0000] {taskinstance.py:353} INFO - Marking task as SUCCESS. dag_id=crypto_data_collection, task_id=fetch_and_store_crypto_data, run_id=scheduled__2023-10-01T05:08:00+00:00, execution_date=20231001T050800, start_date=20250212T215538, end_date=20250212T215541
[2025-02-12T21:55:41.452+0000] {local_task_job_runner.py:266} INFO - Task exited with return code 0
[2025-02-12T21:55:41.462+0000] {local_task_job_runner.py:245} INFO - ::endgroup::
