[2025-02-12T22:22:06.706+0000] {local_task_job_runner.py:123} INFO - ::group::Pre task execution logs
[2025-02-12T22:22:06.718+0000] {taskinstance.py:2614} INFO - Dependencies all met for dep_context=non-requeueable deps ti=<TaskInstance: crypto_data_collection.fetch_and_store_crypto_data scheduled__2023-10-03T07:46:00+00:00 [queued]>
[2025-02-12T22:22:06.726+0000] {taskinstance.py:2614} INFO - Dependencies all met for dep_context=requeueable deps ti=<TaskInstance: crypto_data_collection.fetch_and_store_crypto_data scheduled__2023-10-03T07:46:00+00:00 [queued]>
[2025-02-12T22:22:06.726+0000] {taskinstance.py:2867} INFO - Starting attempt 1 of 2
[2025-02-12T22:22:06.742+0000] {taskinstance.py:2890} INFO - Executing <Task(PythonOperator): fetch_and_store_crypto_data> on 2023-10-03 07:46:00+00:00
[2025-02-12T22:22:06.749+0000] {logging_mixin.py:190} WARNING - /home/***/.local/lib/python3.12/site-packages/***/task/task_runner/standard_task_runner.py:70 DeprecationWarning: This process (pid=10663) is multi-threaded, use of fork() may lead to deadlocks in the child.
[2025-02-12T22:22:06.750+0000] {standard_task_runner.py:72} INFO - Started process 10672 to run task
[2025-02-12T22:22:06.749+0000] {standard_task_runner.py:104} INFO - Running: ['***', 'tasks', 'run', 'crypto_data_collection', 'fetch_and_store_crypto_data', 'scheduled__2023-10-03T07:46:00+00:00', '--job-id', '3896', '--raw', '--subdir', 'DAGS_FOLDER/crypto_dag.py', '--cfg-path', '/tmp/tmp298phdgc']
[2025-02-12T22:22:06.750+0000] {standard_task_runner.py:105} INFO - Job 3896: Subtask fetch_and_store_crypto_data
[2025-02-12T22:22:06.783+0000] {task_command.py:467} INFO - Running <TaskInstance: crypto_data_collection.fetch_and_store_crypto_data scheduled__2023-10-03T07:46:00+00:00 [running]> on host be7ba0dd3a47
[2025-02-12T22:22:06.868+0000] {taskinstance.py:3134} INFO - Exporting env vars: AIRFLOW_CTX_DAG_OWNER='***' AIRFLOW_CTX_DAG_ID='crypto_data_collection' AIRFLOW_CTX_TASK_ID='fetch_and_store_crypto_data' AIRFLOW_CTX_EXECUTION_DATE='2023-10-03T07:46:00+00:00' AIRFLOW_CTX_TRY_NUMBER='1' AIRFLOW_CTX_DAG_RUN_ID='scheduled__2023-10-03T07:46:00+00:00'
[2025-02-12T22:22:06.868+0000] {taskinstance.py:732} INFO - ::endgroup::
[2025-02-12T22:22:08.181+0000] {logging_mixin.py:190} INFO - Données récupérées : {'BTC': {'USD': 97757.52}, 'ETH': {'USD': 2736.32}}
[2025-02-12T22:22:08.198+0000] {logging_mixin.py:190} INFO - Données insérées dans PostgreSQL.
[2025-02-12T22:22:08.207+0000] {logging_mixin.py:190} INFO - Données uploadées dans MinIO.
[2025-02-12T22:22:08.207+0000] {python.py:240} INFO - Done. Returned value was: None
[2025-02-12T22:22:08.213+0000] {taskinstance.py:341} INFO - ::group::Post task execution logs
[2025-02-12T22:22:08.213+0000] {taskinstance.py:353} INFO - Marking task as SUCCESS. dag_id=crypto_data_collection, task_id=fetch_and_store_crypto_data, run_id=scheduled__2023-10-03T07:46:00+00:00, execution_date=20231003T074600, start_date=20250212T222206, end_date=20250212T222208
[2025-02-12T22:22:08.254+0000] {local_task_job_runner.py:266} INFO - Task exited with return code 0
[2025-02-12T22:22:08.290+0000] {taskinstance.py:3901} INFO - 0 downstream tasks scheduled from follow-on schedule check
[2025-02-12T22:22:08.294+0000] {local_task_job_runner.py:245} INFO - ::endgroup::
