[2025-02-12T22:17:16.758+0000] {local_task_job_runner.py:123} INFO - ::group::Pre task execution logs
[2025-02-12T22:17:16.774+0000] {taskinstance.py:2614} INFO - Dependencies all met for dep_context=non-requeueable deps ti=<TaskInstance: crypto_data_collection.fetch_and_store_crypto_data scheduled__2023-10-02T22:13:00+00:00 [queued]>
[2025-02-12T22:17:16.780+0000] {taskinstance.py:2614} INFO - Dependencies all met for dep_context=requeueable deps ti=<TaskInstance: crypto_data_collection.fetch_and_store_crypto_data scheduled__2023-10-02T22:13:00+00:00 [queued]>
[2025-02-12T22:17:16.781+0000] {taskinstance.py:2867} INFO - Starting attempt 1 of 2
[2025-02-12T22:17:16.796+0000] {taskinstance.py:2890} INFO - Executing <Task(PythonOperator): fetch_and_store_crypto_data> on 2023-10-02 22:13:00+00:00
[2025-02-12T22:17:16.801+0000] {logging_mixin.py:190} WARNING - /home/***/.local/lib/python3.12/site-packages/***/task/task_runner/standard_task_runner.py:70 DeprecationWarning: This process (pid=8900) is multi-threaded, use of fork() may lead to deadlocks in the child.
[2025-02-12T22:17:16.801+0000] {standard_task_runner.py:72} INFO - Started process 8901 to run task
[2025-02-12T22:17:16.801+0000] {standard_task_runner.py:104} INFO - Running: ['***', 'tasks', 'run', 'crypto_data_collection', 'fetch_and_store_crypto_data', 'scheduled__2023-10-02T22:13:00+00:00', '--job-id', '3323', '--raw', '--subdir', 'DAGS_FOLDER/crypto_dag.py', '--cfg-path', '/tmp/tmpb1g228f4']
[2025-02-12T22:17:16.802+0000] {standard_task_runner.py:105} INFO - Job 3323: Subtask fetch_and_store_crypto_data
[2025-02-12T22:17:16.827+0000] {task_command.py:467} INFO - Running <TaskInstance: crypto_data_collection.fetch_and_store_crypto_data scheduled__2023-10-02T22:13:00+00:00 [running]> on host be7ba0dd3a47
[2025-02-12T22:17:16.878+0000] {taskinstance.py:3134} INFO - Exporting env vars: AIRFLOW_CTX_DAG_OWNER='***' AIRFLOW_CTX_DAG_ID='crypto_data_collection' AIRFLOW_CTX_TASK_ID='fetch_and_store_crypto_data' AIRFLOW_CTX_EXECUTION_DATE='2023-10-02T22:13:00+00:00' AIRFLOW_CTX_TRY_NUMBER='1' AIRFLOW_CTX_DAG_RUN_ID='scheduled__2023-10-02T22:13:00+00:00'
[2025-02-12T22:17:16.878+0000] {taskinstance.py:732} INFO - ::endgroup::
[2025-02-12T22:17:17.872+0000] {logging_mixin.py:190} INFO - Données récupérées : {'BTC': {'USD': 97499.79}, 'ETH': {'USD': 2681.68}}
[2025-02-12T22:17:17.877+0000] {logging_mixin.py:190} INFO - Données insérées dans PostgreSQL.
[2025-02-12T22:17:17.890+0000] {logging_mixin.py:190} INFO - Données uploadées dans MinIO.
[2025-02-12T22:17:17.890+0000] {python.py:240} INFO - Done. Returned value was: None
[2025-02-12T22:17:17.896+0000] {taskinstance.py:341} INFO - ::group::Post task execution logs
[2025-02-12T22:17:17.897+0000] {taskinstance.py:353} INFO - Marking task as SUCCESS. dag_id=crypto_data_collection, task_id=fetch_and_store_crypto_data, run_id=scheduled__2023-10-02T22:13:00+00:00, execution_date=20231002T221300, start_date=20250212T221716, end_date=20250212T221717
[2025-02-12T22:17:17.936+0000] {local_task_job_runner.py:266} INFO - Task exited with return code 0
[2025-02-12T22:17:17.948+0000] {taskinstance.py:3901} INFO - 0 downstream tasks scheduled from follow-on schedule check
[2025-02-12T22:17:17.951+0000] {local_task_job_runner.py:245} INFO - ::endgroup::
