[2025-02-12T22:59:23.881+0000] {local_task_job_runner.py:123} INFO - ::group::Pre task execution logs
[2025-02-12T22:59:23.894+0000] {taskinstance.py:2614} INFO - Dependencies all met for dep_context=non-requeueable deps ti=<TaskInstance: crypto_data_collection.fetch_and_store_crypto_data scheduled__2023-10-06T14:57:00+00:00 [queued]>
[2025-02-12T22:59:23.900+0000] {taskinstance.py:2614} INFO - Dependencies all met for dep_context=requeueable deps ti=<TaskInstance: crypto_data_collection.fetch_and_store_crypto_data scheduled__2023-10-06T14:57:00+00:00 [queued]>
[2025-02-12T22:59:23.901+0000] {taskinstance.py:2867} INFO - Starting attempt 1 of 2
[2025-02-12T22:59:23.914+0000] {taskinstance.py:2890} INFO - Executing <Task(PythonOperator): fetch_and_store_crypto_data> on 2023-10-06 14:57:00+00:00
[2025-02-12T22:59:23.920+0000] {logging_mixin.py:190} WARNING - /home/***/.local/lib/python3.12/site-packages/***/task/task_runner/standard_task_runner.py:70 DeprecationWarning: This process (pid=25284) is multi-threaded, use of fork() may lead to deadlocks in the child.
[2025-02-12T22:59:23.920+0000] {standard_task_runner.py:72} INFO - Started process 25294 to run task
[2025-02-12T22:59:23.920+0000] {standard_task_runner.py:104} INFO - Running: ['***', 'tasks', 'run', 'crypto_data_collection', 'fetch_and_store_crypto_data', 'scheduled__2023-10-06T14:57:00+00:00', '--job-id', '8647', '--raw', '--subdir', 'DAGS_FOLDER/crypto_dag.py', '--cfg-path', '/tmp/tmpndc1acgq']
[2025-02-12T22:59:23.921+0000] {standard_task_runner.py:105} INFO - Job 8647: Subtask fetch_and_store_crypto_data
[2025-02-12T22:59:23.952+0000] {task_command.py:467} INFO - Running <TaskInstance: crypto_data_collection.fetch_and_store_crypto_data scheduled__2023-10-06T14:57:00+00:00 [running]> on host be7ba0dd3a47
[2025-02-12T22:59:24.015+0000] {taskinstance.py:3134} INFO - Exporting env vars: AIRFLOW_CTX_DAG_OWNER='***' AIRFLOW_CTX_DAG_ID='crypto_data_collection' AIRFLOW_CTX_TASK_ID='fetch_and_store_crypto_data' AIRFLOW_CTX_EXECUTION_DATE='2023-10-06T14:57:00+00:00' AIRFLOW_CTX_TRY_NUMBER='1' AIRFLOW_CTX_DAG_RUN_ID='scheduled__2023-10-06T14:57:00+00:00'
[2025-02-12T22:59:24.016+0000] {taskinstance.py:732} INFO - ::endgroup::
[2025-02-12T22:59:24.156+0000] {logging_mixin.py:190} INFO - Données récupérées : {'Response': 'Error', 'Message': 'You are over your rate limit please upgrade your account!', 'HasWarning': False, 'Type': 99, 'RateLimit': {'calls_made': {'second': 3, 'minute': 58, 'hour': 7230, 'day': 8124, 'month': 8124, 'total_calls': 8124}, 'max_calls': {'second': 20, 'minute': 300, 'hour': 3000, 'day': 7500, 'month': 11000}}, 'Data': {}}
[2025-02-12T22:59:24.158+0000] {logging_mixin.py:190} INFO - Erreur lors de l'insertion dans PostgreSQL : string indices must be integers, not 'str'
[2025-02-12T22:59:24.171+0000] {logging_mixin.py:190} INFO - Données uploadées dans MinIO.
[2025-02-12T22:59:24.172+0000] {python.py:240} INFO - Done. Returned value was: None
[2025-02-12T22:59:24.190+0000] {taskinstance.py:341} INFO - ::group::Post task execution logs
[2025-02-12T22:59:24.191+0000] {taskinstance.py:353} INFO - Marking task as SUCCESS. dag_id=crypto_data_collection, task_id=fetch_and_store_crypto_data, run_id=scheduled__2023-10-06T14:57:00+00:00, execution_date=20231006T145700, start_date=20250212T225923, end_date=20250212T225924
[2025-02-12T22:59:24.254+0000] {local_task_job_runner.py:266} INFO - Task exited with return code 0
[2025-02-12T22:59:24.286+0000] {taskinstance.py:3901} INFO - 0 downstream tasks scheduled from follow-on schedule check
[2025-02-12T22:59:24.289+0000] {local_task_job_runner.py:245} INFO - ::endgroup::
