[2025-02-12T22:28:05.653+0000] {local_task_job_runner.py:123} INFO - ::group::Pre task execution logs
[2025-02-12T22:28:05.663+0000] {taskinstance.py:2614} INFO - Dependencies all met for dep_context=non-requeueable deps ti=<TaskInstance: crypto_data_collection.fetch_and_store_crypto_data scheduled__2023-10-03T20:56:00+00:00 [queued]>
[2025-02-12T22:28:05.669+0000] {taskinstance.py:2614} INFO - Dependencies all met for dep_context=requeueable deps ti=<TaskInstance: crypto_data_collection.fetch_and_store_crypto_data scheduled__2023-10-03T20:56:00+00:00 [queued]>
[2025-02-12T22:28:05.669+0000] {taskinstance.py:2867} INFO - Starting attempt 1 of 2
[2025-02-12T22:28:05.679+0000] {taskinstance.py:2890} INFO - Executing <Task(PythonOperator): fetch_and_store_crypto_data> on 2023-10-03 20:56:00+00:00
[2025-02-12T22:28:05.684+0000] {logging_mixin.py:190} WARNING - /home/***/.local/lib/python3.12/site-packages/***/task/task_runner/standard_task_runner.py:70 DeprecationWarning: This process (pid=13093) is multi-threaded, use of fork() may lead to deadlocks in the child.
[2025-02-12T22:28:05.684+0000] {standard_task_runner.py:72} INFO - Started process 13100 to run task
[2025-02-12T22:28:05.684+0000] {standard_task_runner.py:104} INFO - Running: ['***', 'tasks', 'run', 'crypto_data_collection', 'fetch_and_store_crypto_data', 'scheduled__2023-10-03T20:56:00+00:00', '--job-id', '4686', '--raw', '--subdir', 'DAGS_FOLDER/crypto_dag.py', '--cfg-path', '/tmp/tmpmz06gsaj']
[2025-02-12T22:28:05.685+0000] {standard_task_runner.py:105} INFO - Job 4686: Subtask fetch_and_store_crypto_data
[2025-02-12T22:28:05.711+0000] {task_command.py:467} INFO - Running <TaskInstance: crypto_data_collection.fetch_and_store_crypto_data scheduled__2023-10-03T20:56:00+00:00 [running]> on host be7ba0dd3a47
[2025-02-12T22:28:05.799+0000] {taskinstance.py:3134} INFO - Exporting env vars: AIRFLOW_CTX_DAG_OWNER='***' AIRFLOW_CTX_DAG_ID='crypto_data_collection' AIRFLOW_CTX_TASK_ID='fetch_and_store_crypto_data' AIRFLOW_CTX_EXECUTION_DATE='2023-10-03T20:56:00+00:00' AIRFLOW_CTX_TRY_NUMBER='1' AIRFLOW_CTX_DAG_RUN_ID='scheduled__2023-10-03T20:56:00+00:00'
[2025-02-12T22:28:05.800+0000] {taskinstance.py:732} INFO - ::endgroup::
[2025-02-12T22:28:06.327+0000] {logging_mixin.py:190} INFO - Données récupérées : {'BTC': {'USD': 97892.48}, 'ETH': {'USD': 2744}}
[2025-02-12T22:28:06.350+0000] {logging_mixin.py:190} INFO - Données insérées dans PostgreSQL.
[2025-02-12T22:28:06.404+0000] {logging_mixin.py:190} INFO - Données uploadées dans MinIO.
[2025-02-12T22:28:06.404+0000] {python.py:240} INFO - Done. Returned value was: None
[2025-02-12T22:28:06.410+0000] {taskinstance.py:341} INFO - ::group::Post task execution logs
[2025-02-12T22:28:06.411+0000] {taskinstance.py:353} INFO - Marking task as SUCCESS. dag_id=crypto_data_collection, task_id=fetch_and_store_crypto_data, run_id=scheduled__2023-10-03T20:56:00+00:00, execution_date=20231003T205600, start_date=20250212T222805, end_date=20250212T222806
[2025-02-12T22:28:06.466+0000] {local_task_job_runner.py:266} INFO - Task exited with return code 0
[2025-02-12T22:28:06.476+0000] {taskinstance.py:3901} INFO - 0 downstream tasks scheduled from follow-on schedule check
[2025-02-12T22:28:06.479+0000] {local_task_job_runner.py:245} INFO - ::endgroup::
