[2025-02-12T23:19:59.590+0000] {local_task_job_runner.py:123} INFO - ::group::Pre task execution logs
[2025-02-12T23:19:59.603+0000] {taskinstance.py:2614} INFO - Dependencies all met for dep_context=non-requeueable deps ti=<TaskInstance: crypto_data_collection.fetch_and_store_crypto_data scheduled__2023-10-08T10:45:00+00:00 [queued]>
[2025-02-12T23:19:59.609+0000] {taskinstance.py:2614} INFO - Dependencies all met for dep_context=requeueable deps ti=<TaskInstance: crypto_data_collection.fetch_and_store_crypto_data scheduled__2023-10-08T10:45:00+00:00 [queued]>
[2025-02-12T23:19:59.610+0000] {taskinstance.py:2867} INFO - Starting attempt 1 of 2
[2025-02-12T23:19:59.624+0000] {taskinstance.py:2890} INFO - Executing <Task(PythonOperator): fetch_and_store_crypto_data> on 2023-10-08 10:45:00+00:00
[2025-02-12T23:19:59.630+0000] {logging_mixin.py:190} WARNING - /home/***/.local/lib/python3.12/site-packages/***/task/task_runner/standard_task_runner.py:70 DeprecationWarning: This process (pid=33370) is multi-threaded, use of fork() may lead to deadlocks in the child.
[2025-02-12T23:19:59.631+0000] {standard_task_runner.py:72} INFO - Started process 33379 to run task
[2025-02-12T23:19:59.630+0000] {standard_task_runner.py:104} INFO - Running: ['***', 'tasks', 'run', 'crypto_data_collection', 'fetch_and_store_crypto_data', 'scheduled__2023-10-08T10:45:00+00:00', '--job-id', '11275', '--raw', '--subdir', 'DAGS_FOLDER/crypto_dag.py', '--cfg-path', '/tmp/tmp9lpme81e']
[2025-02-12T23:19:59.632+0000] {standard_task_runner.py:105} INFO - Job 11275: Subtask fetch_and_store_crypto_data
[2025-02-12T23:19:59.664+0000] {task_command.py:467} INFO - Running <TaskInstance: crypto_data_collection.fetch_and_store_crypto_data scheduled__2023-10-08T10:45:00+00:00 [running]> on host be7ba0dd3a47
[2025-02-12T23:19:59.743+0000] {taskinstance.py:3134} INFO - Exporting env vars: AIRFLOW_CTX_DAG_OWNER='***' AIRFLOW_CTX_DAG_ID='crypto_data_collection' AIRFLOW_CTX_TASK_ID='fetch_and_store_crypto_data' AIRFLOW_CTX_EXECUTION_DATE='2023-10-08T10:45:00+00:00' AIRFLOW_CTX_TRY_NUMBER='1' AIRFLOW_CTX_DAG_RUN_ID='scheduled__2023-10-08T10:45:00+00:00'
[2025-02-12T23:19:59.743+0000] {taskinstance.py:732} INFO - ::endgroup::
[2025-02-12T23:20:00.913+0000] {logging_mixin.py:190} INFO - Données récupérées : {'Response': 'Error', 'Message': 'You are over your rate limit please upgrade your account!', 'HasWarning': False, 'Type': 99, 'RateLimit': {'calls_made': {'second': 1, 'minute': 1, 'hour': 2548, 'day': 10753, 'month': 10753, 'total_calls': 10753}, 'max_calls': {'second': 20, 'minute': 300, 'hour': 3000, 'day': 7500, 'month': 11000}}, 'Data': {}}
[2025-02-12T23:20:00.916+0000] {logging_mixin.py:190} INFO - Erreur lors de l'insertion dans PostgreSQL : string indices must be integers, not 'str'
[2025-02-12T23:20:00.942+0000] {logging_mixin.py:190} INFO - Données uploadées dans MinIO.
[2025-02-12T23:20:00.942+0000] {python.py:240} INFO - Done. Returned value was: None
[2025-02-12T23:20:00.949+0000] {taskinstance.py:341} INFO - ::group::Post task execution logs
[2025-02-12T23:20:00.949+0000] {taskinstance.py:353} INFO - Marking task as SUCCESS. dag_id=crypto_data_collection, task_id=fetch_and_store_crypto_data, run_id=scheduled__2023-10-08T10:45:00+00:00, execution_date=20231008T104500, start_date=20250212T231959, end_date=20250212T232000
[2025-02-12T23:20:01.009+0000] {local_task_job_runner.py:266} INFO - Task exited with return code 0
[2025-02-12T23:20:01.019+0000] {taskinstance.py:3901} INFO - 0 downstream tasks scheduled from follow-on schedule check
[2025-02-12T23:20:01.022+0000] {local_task_job_runner.py:245} INFO - ::endgroup::
