[2025-02-12T23:34:08.517+0000] {local_task_job_runner.py:123} INFO - ::group::Pre task execution logs
[2025-02-12T23:34:08.531+0000] {taskinstance.py:2614} INFO - Dependencies all met for dep_context=non-requeueable deps ti=<TaskInstance: crypto_data_collection.fetch_and_store_crypto_data scheduled__2023-10-09T17:14:00+00:00 [queued]>
[2025-02-12T23:34:08.539+0000] {taskinstance.py:2614} INFO - Dependencies all met for dep_context=requeueable deps ti=<TaskInstance: crypto_data_collection.fetch_and_store_crypto_data scheduled__2023-10-09T17:14:00+00:00 [queued]>
[2025-02-12T23:34:08.540+0000] {taskinstance.py:2867} INFO - Starting attempt 1 of 2
[2025-02-12T23:34:08.550+0000] {taskinstance.py:2890} INFO - Executing <Task(PythonOperator): fetch_and_store_crypto_data> on 2023-10-09 17:14:00+00:00
[2025-02-12T23:34:08.555+0000] {logging_mixin.py:190} WARNING - /home/***/.local/lib/python3.12/site-packages/***/task/task_runner/standard_task_runner.py:70 DeprecationWarning: This process (pid=38999) is multi-threaded, use of fork() may lead to deadlocks in the child.
[2025-02-12T23:34:08.556+0000] {standard_task_runner.py:72} INFO - Started process 39004 to run task
[2025-02-12T23:34:08.555+0000] {standard_task_runner.py:104} INFO - Running: ['***', 'tasks', 'run', 'crypto_data_collection', 'fetch_and_store_crypto_data', 'scheduled__2023-10-09T17:14:00+00:00', '--job-id', '13104', '--raw', '--subdir', 'DAGS_FOLDER/crypto_dag.py', '--cfg-path', '/tmp/tmp18nfd4rv']
[2025-02-12T23:34:08.556+0000] {standard_task_runner.py:105} INFO - Job 13104: Subtask fetch_and_store_crypto_data
[2025-02-12T23:34:08.588+0000] {task_command.py:467} INFO - Running <TaskInstance: crypto_data_collection.fetch_and_store_crypto_data scheduled__2023-10-09T17:14:00+00:00 [running]> on host be7ba0dd3a47
[2025-02-12T23:34:08.666+0000] {taskinstance.py:3134} INFO - Exporting env vars: AIRFLOW_CTX_DAG_OWNER='***' AIRFLOW_CTX_DAG_ID='crypto_data_collection' AIRFLOW_CTX_TASK_ID='fetch_and_store_crypto_data' AIRFLOW_CTX_EXECUTION_DATE='2023-10-09T17:14:00+00:00' AIRFLOW_CTX_TRY_NUMBER='1' AIRFLOW_CTX_DAG_RUN_ID='scheduled__2023-10-09T17:14:00+00:00'
[2025-02-12T23:34:08.667+0000] {taskinstance.py:732} INFO - ::endgroup::
[2025-02-12T23:34:08.763+0000] {logging_mixin.py:190} INFO - Données récupérées : {'Response': 'Error', 'Message': 'You are over your rate limit please upgrade your account!', 'HasWarning': False, 'Type': 99, 'RateLimit': {'calls_made': {'second': 9, 'minute': 24, 'hour': 4376, 'day': 12581, 'month': 12581, 'total_calls': 12581}, 'max_calls': {'second': 20, 'minute': 300, 'hour': 3000, 'day': 7500, 'month': 11000}}, 'Data': {}}
[2025-02-12T23:34:08.771+0000] {logging_mixin.py:190} INFO - Erreur lors de l'insertion dans PostgreSQL : string indices must be integers, not 'str'
[2025-02-12T23:34:08.790+0000] {logging_mixin.py:190} INFO - Données uploadées dans MinIO.
[2025-02-12T23:34:08.790+0000] {python.py:240} INFO - Done. Returned value was: None
[2025-02-12T23:34:08.798+0000] {taskinstance.py:341} INFO - ::group::Post task execution logs
[2025-02-12T23:34:08.798+0000] {taskinstance.py:353} INFO - Marking task as SUCCESS. dag_id=crypto_data_collection, task_id=fetch_and_store_crypto_data, run_id=scheduled__2023-10-09T17:14:00+00:00, execution_date=20231009T171400, start_date=20250212T233408, end_date=20250212T233408
[2025-02-12T23:34:08.850+0000] {local_task_job_runner.py:266} INFO - Task exited with return code 0
[2025-02-12T23:34:08.888+0000] {taskinstance.py:3901} INFO - 0 downstream tasks scheduled from follow-on schedule check
[2025-02-12T23:34:08.891+0000] {local_task_job_runner.py:245} INFO - ::endgroup::
