[2025-02-12T21:54:14.587+0000] {local_task_job_runner.py:123} INFO - ::group::Pre task execution logs
[2025-02-12T21:54:14.600+0000] {taskinstance.py:2614} INFO - Dependencies all met for dep_context=non-requeueable deps ti=<TaskInstance: crypto_data_collection.fetch_and_store_crypto_data scheduled__2023-10-01T02:16:00+00:00 [queued]>
[2025-02-12T21:54:14.606+0000] {taskinstance.py:2614} INFO - Dependencies all met for dep_context=requeueable deps ti=<TaskInstance: crypto_data_collection.fetch_and_store_crypto_data scheduled__2023-10-01T02:16:00+00:00 [queued]>
[2025-02-12T21:54:14.607+0000] {taskinstance.py:2867} INFO - Starting attempt 1 of 2
[2025-02-12T21:54:14.619+0000] {taskinstance.py:2890} INFO - Executing <Task(PythonOperator): fetch_and_store_crypto_data> on 2023-10-01 02:16:00+00:00
[2025-02-12T21:54:14.627+0000] {logging_mixin.py:190} WARNING - /home/***/.local/lib/python3.12/site-packages/***/task/task_runner/standard_task_runner.py:70 DeprecationWarning: This process (pid=761) is multi-threaded, use of fork() may lead to deadlocks in the child.
[2025-02-12T21:54:14.628+0000] {standard_task_runner.py:72} INFO - Started process 765 to run task
[2025-02-12T21:54:14.627+0000] {standard_task_runner.py:104} INFO - Running: ['***', 'tasks', 'run', 'crypto_data_collection', 'fetch_and_store_crypto_data', 'scheduled__2023-10-01T02:16:00+00:00', '--job-id', '685', '--raw', '--subdir', 'DAGS_FOLDER/crypto_dag.py', '--cfg-path', '/tmp/tmp2b120pdr']
[2025-02-12T21:54:14.629+0000] {standard_task_runner.py:105} INFO - Job 685: Subtask fetch_and_store_crypto_data
[2025-02-12T21:54:14.662+0000] {task_command.py:467} INFO - Running <TaskInstance: crypto_data_collection.fetch_and_store_crypto_data scheduled__2023-10-01T02:16:00+00:00 [running]> on host be7ba0dd3a47
[2025-02-12T21:54:14.736+0000] {taskinstance.py:3134} INFO - Exporting env vars: AIRFLOW_CTX_DAG_OWNER='***' AIRFLOW_CTX_DAG_ID='crypto_data_collection' AIRFLOW_CTX_TASK_ID='fetch_and_store_crypto_data' AIRFLOW_CTX_EXECUTION_DATE='2023-10-01T02:16:00+00:00' AIRFLOW_CTX_TRY_NUMBER='1' AIRFLOW_CTX_DAG_RUN_ID='scheduled__2023-10-01T02:16:00+00:00'
[2025-02-12T21:54:14.737+0000] {taskinstance.py:732} INFO - ::endgroup::
[2025-02-12T21:54:14.880+0000] {logging_mixin.py:190} INFO - Données récupérées : {'BTC': {'USD': 97605.07}, 'ETH': {'USD': 2687.83}}
[2025-02-12T21:54:14.885+0000] {logging_mixin.py:190} INFO - Données insérées dans PostgreSQL.
[2025-02-12T21:54:14.888+0000] {logging_mixin.py:190} INFO - Erreur lors de l'upload dans MinIO : S3 operation failed; code: NoSuchBucket, message: The specified bucket does not exist, resource: /crypto-data, request_id: 182394966CD91497, host_id: dd9025bab4ad464b049177c95eb6ebf374d3b3fd1af9251148b658df7ac2e3e8, bucket_name: crypto-data
[2025-02-12T21:54:14.888+0000] {python.py:240} INFO - Done. Returned value was: None
[2025-02-12T21:54:14.895+0000] {taskinstance.py:341} INFO - ::group::Post task execution logs
[2025-02-12T21:54:14.895+0000] {taskinstance.py:353} INFO - Marking task as SUCCESS. dag_id=crypto_data_collection, task_id=fetch_and_store_crypto_data, run_id=scheduled__2023-10-01T02:16:00+00:00, execution_date=20231001T021600, start_date=20250212T215414, end_date=20250212T215414
[2025-02-12T21:54:14.962+0000] {local_task_job_runner.py:266} INFO - Task exited with return code 0
[2025-02-12T21:54:14.969+0000] {local_task_job_runner.py:245} INFO - ::endgroup::
