[2025-02-12T23:30:50.591+0000] {local_task_job_runner.py:123} INFO - ::group::Pre task execution logs
[2025-02-12T23:30:50.608+0000] {taskinstance.py:2614} INFO - Dependencies all met for dep_context=non-requeueable deps ti=<TaskInstance: crypto_data_collection.fetch_and_store_crypto_data scheduled__2023-10-09T10:17:00+00:00 [queued]>
[2025-02-12T23:30:50.617+0000] {taskinstance.py:2614} INFO - Dependencies all met for dep_context=requeueable deps ti=<TaskInstance: crypto_data_collection.fetch_and_store_crypto_data scheduled__2023-10-09T10:17:00+00:00 [queued]>
[2025-02-12T23:30:50.618+0000] {taskinstance.py:2867} INFO - Starting attempt 1 of 2
[2025-02-12T23:30:50.665+0000] {taskinstance.py:2890} INFO - Executing <Task(PythonOperator): fetch_and_store_crypto_data> on 2023-10-09 10:17:00+00:00
[2025-02-12T23:30:50.671+0000] {logging_mixin.py:190} WARNING - /home/***/.local/lib/python3.12/site-packages/***/task/task_runner/standard_task_runner.py:70 DeprecationWarning: This process (pid=37716) is multi-threaded, use of fork() may lead to deadlocks in the child.
[2025-02-12T23:30:50.672+0000] {standard_task_runner.py:72} INFO - Started process 37726 to run task
[2025-02-12T23:30:50.671+0000] {standard_task_runner.py:104} INFO - Running: ['***', 'tasks', 'run', 'crypto_data_collection', 'fetch_and_store_crypto_data', 'scheduled__2023-10-09T10:17:00+00:00', '--job-id', '12687', '--raw', '--subdir', 'DAGS_FOLDER/crypto_dag.py', '--cfg-path', '/tmp/tmpbnp_we07']
[2025-02-12T23:30:50.674+0000] {standard_task_runner.py:105} INFO - Job 12687: Subtask fetch_and_store_crypto_data
[2025-02-12T23:30:50.709+0000] {task_command.py:467} INFO - Running <TaskInstance: crypto_data_collection.fetch_and_store_crypto_data scheduled__2023-10-09T10:17:00+00:00 [running]> on host be7ba0dd3a47
[2025-02-12T23:30:50.792+0000] {taskinstance.py:3134} INFO - Exporting env vars: AIRFLOW_CTX_DAG_OWNER='***' AIRFLOW_CTX_DAG_ID='crypto_data_collection' AIRFLOW_CTX_TASK_ID='fetch_and_store_crypto_data' AIRFLOW_CTX_EXECUTION_DATE='2023-10-09T10:17:00+00:00' AIRFLOW_CTX_TRY_NUMBER='1' AIRFLOW_CTX_DAG_RUN_ID='scheduled__2023-10-09T10:17:00+00:00'
[2025-02-12T23:30:50.793+0000] {taskinstance.py:732} INFO - ::endgroup::
[2025-02-12T23:30:50.899+0000] {logging_mixin.py:190} INFO - Données récupérées : {'Response': 'Error', 'Message': 'You are over your rate limit please upgrade your account!', 'HasWarning': False, 'Type': 99, 'RateLimit': {'calls_made': {'second': 6, 'minute': 114, 'hour': 3959, 'day': 12164, 'month': 12164, 'total_calls': 12164}, 'max_calls': {'second': 20, 'minute': 300, 'hour': 3000, 'day': 7500, 'month': 11000}}, 'Data': {}}
[2025-02-12T23:30:50.902+0000] {logging_mixin.py:190} INFO - Erreur lors de l'insertion dans PostgreSQL : string indices must be integers, not 'str'
[2025-02-12T23:30:50.914+0000] {logging_mixin.py:190} INFO - Données uploadées dans MinIO.
[2025-02-12T23:30:50.915+0000] {python.py:240} INFO - Done. Returned value was: None
[2025-02-12T23:30:50.921+0000] {taskinstance.py:341} INFO - ::group::Post task execution logs
[2025-02-12T23:30:50.921+0000] {taskinstance.py:353} INFO - Marking task as SUCCESS. dag_id=crypto_data_collection, task_id=fetch_and_store_crypto_data, run_id=scheduled__2023-10-09T10:17:00+00:00, execution_date=20231009T101700, start_date=20250212T233050, end_date=20250212T233050
[2025-02-12T23:30:50.967+0000] {local_task_job_runner.py:266} INFO - Task exited with return code 0
[2025-02-12T23:30:50.978+0000] {taskinstance.py:3901} INFO - 0 downstream tasks scheduled from follow-on schedule check
[2025-02-12T23:30:50.980+0000] {local_task_job_runner.py:245} INFO - ::endgroup::
