[2025-02-12T22:19:57.068+0000] {local_task_job_runner.py:123} INFO - ::group::Pre task execution logs
[2025-02-12T22:19:57.080+0000] {taskinstance.py:2614} INFO - Dependencies all met for dep_context=non-requeueable deps ti=<TaskInstance: crypto_data_collection.fetch_and_store_crypto_data scheduled__2023-10-03T04:00:00+00:00 [queued]>
[2025-02-12T22:19:57.086+0000] {taskinstance.py:2614} INFO - Dependencies all met for dep_context=requeueable deps ti=<TaskInstance: crypto_data_collection.fetch_and_store_crypto_data scheduled__2023-10-03T04:00:00+00:00 [queued]>
[2025-02-12T22:19:57.087+0000] {taskinstance.py:2867} INFO - Starting attempt 1 of 2
[2025-02-12T22:19:57.098+0000] {taskinstance.py:2890} INFO - Executing <Task(PythonOperator): fetch_and_store_crypto_data> on 2023-10-03 04:00:00+00:00
[2025-02-12T22:19:57.103+0000] {logging_mixin.py:190} WARNING - /home/***/.local/lib/python3.12/site-packages/***/task/task_runner/standard_task_runner.py:70 DeprecationWarning: This process (pid=9965) is multi-threaded, use of fork() may lead to deadlocks in the child.
[2025-02-12T22:19:57.103+0000] {standard_task_runner.py:72} INFO - Started process 9973 to run task
[2025-02-12T22:19:57.103+0000] {standard_task_runner.py:104} INFO - Running: ['***', 'tasks', 'run', 'crypto_data_collection', 'fetch_and_store_crypto_data', 'scheduled__2023-10-03T04:00:00+00:00', '--job-id', '3670', '--raw', '--subdir', 'DAGS_FOLDER/crypto_dag.py', '--cfg-path', '/tmp/tmpvrmb1zm_']
[2025-02-12T22:19:57.104+0000] {standard_task_runner.py:105} INFO - Job 3670: Subtask fetch_and_store_crypto_data
[2025-02-12T22:19:57.132+0000] {task_command.py:467} INFO - Running <TaskInstance: crypto_data_collection.fetch_and_store_crypto_data scheduled__2023-10-03T04:00:00+00:00 [running]> on host be7ba0dd3a47
[2025-02-12T22:19:57.194+0000] {taskinstance.py:3134} INFO - Exporting env vars: AIRFLOW_CTX_DAG_OWNER='***' AIRFLOW_CTX_DAG_ID='crypto_data_collection' AIRFLOW_CTX_TASK_ID='fetch_and_store_crypto_data' AIRFLOW_CTX_EXECUTION_DATE='2023-10-03T04:00:00+00:00' AIRFLOW_CTX_TRY_NUMBER='1' AIRFLOW_CTX_DAG_RUN_ID='scheduled__2023-10-03T04:00:00+00:00'
[2025-02-12T22:19:57.194+0000] {taskinstance.py:732} INFO - ::endgroup::
[2025-02-12T22:19:57.356+0000] {logging_mixin.py:190} INFO - Données récupérées : {'BTC': {'USD': 97542.34}, 'ETH': {'USD': 2691.71}}
[2025-02-12T22:19:57.367+0000] {logging_mixin.py:190} INFO - Données insérées dans PostgreSQL.
[2025-02-12T22:19:57.386+0000] {logging_mixin.py:190} INFO - Données uploadées dans MinIO.
[2025-02-12T22:19:57.388+0000] {python.py:240} INFO - Done. Returned value was: None
[2025-02-12T22:19:57.406+0000] {taskinstance.py:341} INFO - ::group::Post task execution logs
[2025-02-12T22:19:57.406+0000] {taskinstance.py:353} INFO - Marking task as SUCCESS. dag_id=crypto_data_collection, task_id=fetch_and_store_crypto_data, run_id=scheduled__2023-10-03T04:00:00+00:00, execution_date=20231003T040000, start_date=20250212T221957, end_date=20250212T221957
[2025-02-12T22:19:57.437+0000] {local_task_job_runner.py:266} INFO - Task exited with return code 0
[2025-02-12T22:19:57.447+0000] {taskinstance.py:3901} INFO - 0 downstream tasks scheduled from follow-on schedule check
[2025-02-12T22:19:57.450+0000] {local_task_job_runner.py:245} INFO - ::endgroup::
