[2025-02-12T22:00:44.529+0000] {local_task_job_runner.py:123} INFO - ::group::Pre task execution logs
[2025-02-12T22:00:44.547+0000] {taskinstance.py:2614} INFO - Dependencies all met for dep_context=non-requeueable deps ti=<TaskInstance: crypto_data_collection.fetch_and_store_crypto_data scheduled__2023-10-01T15:36:00+00:00 [queued]>
[2025-02-12T22:00:44.556+0000] {taskinstance.py:2614} INFO - Dependencies all met for dep_context=requeueable deps ti=<TaskInstance: crypto_data_collection.fetch_and_store_crypto_data scheduled__2023-10-01T15:36:00+00:00 [queued]>
[2025-02-12T22:00:44.557+0000] {taskinstance.py:2867} INFO - Starting attempt 1 of 2
[2025-02-12T22:00:44.573+0000] {taskinstance.py:2890} INFO - Executing <Task(PythonOperator): fetch_and_store_crypto_data> on 2023-10-01 15:36:00+00:00
[2025-02-12T22:00:44.587+0000] {logging_mixin.py:190} WARNING - /home/***/.local/lib/python3.12/site-packages/***/task/task_runner/standard_task_runner.py:70 DeprecationWarning: This process (pid=3229) is multi-threaded, use of fork() may lead to deadlocks in the child.
[2025-02-12T22:00:44.589+0000] {standard_task_runner.py:72} INFO - Started process 3234 to run task
[2025-02-12T22:00:44.588+0000] {standard_task_runner.py:104} INFO - Running: ['***', 'tasks', 'run', 'crypto_data_collection', 'fetch_and_store_crypto_data', 'scheduled__2023-10-01T15:36:00+00:00', '--job-id', '1486', '--raw', '--subdir', 'DAGS_FOLDER/crypto_dag.py', '--cfg-path', '/tmp/tmpryxfupr_']
[2025-02-12T22:00:44.591+0000] {standard_task_runner.py:105} INFO - Job 1486: Subtask fetch_and_store_crypto_data
[2025-02-12T22:00:44.647+0000] {task_command.py:467} INFO - Running <TaskInstance: crypto_data_collection.fetch_and_store_crypto_data scheduled__2023-10-01T15:36:00+00:00 [running]> on host be7ba0dd3a47
[2025-02-12T22:00:44.777+0000] {taskinstance.py:3134} INFO - Exporting env vars: AIRFLOW_CTX_DAG_OWNER='***' AIRFLOW_CTX_DAG_ID='crypto_data_collection' AIRFLOW_CTX_TASK_ID='fetch_and_store_crypto_data' AIRFLOW_CTX_EXECUTION_DATE='2023-10-01T15:36:00+00:00' AIRFLOW_CTX_TRY_NUMBER='1' AIRFLOW_CTX_DAG_RUN_ID='scheduled__2023-10-01T15:36:00+00:00'
[2025-02-12T22:00:44.779+0000] {taskinstance.py:732} INFO - ::endgroup::
[2025-02-12T22:00:44.906+0000] {logging_mixin.py:190} INFO - Données récupérées : {'BTC': {'USD': 97675.06}, 'ETH': {'USD': 2683.55}}
[2025-02-12T22:00:44.914+0000] {logging_mixin.py:190} INFO - Données insérées dans PostgreSQL.
[2025-02-12T22:00:44.927+0000] {logging_mixin.py:190} INFO - Données uploadées dans MinIO.
[2025-02-12T22:00:44.929+0000] {python.py:240} INFO - Done. Returned value was: None
[2025-02-12T22:00:44.943+0000] {taskinstance.py:341} INFO - ::group::Post task execution logs
[2025-02-12T22:00:44.944+0000] {taskinstance.py:353} INFO - Marking task as SUCCESS. dag_id=crypto_data_collection, task_id=fetch_and_store_crypto_data, run_id=scheduled__2023-10-01T15:36:00+00:00, execution_date=20231001T153600, start_date=20250212T220044, end_date=20250212T220044
[2025-02-12T22:00:45.004+0000] {local_task_job_runner.py:266} INFO - Task exited with return code 0
[2025-02-12T22:00:45.014+0000] {local_task_job_runner.py:245} INFO - ::endgroup::
