[2025-02-12T22:43:03.564+0000] {local_task_job_runner.py:123} INFO - ::group::Pre task execution logs
[2025-02-12T22:43:03.577+0000] {taskinstance.py:2614} INFO - Dependencies all met for dep_context=non-requeueable deps ti=<TaskInstance: crypto_data_collection.fetch_and_store_crypto_data scheduled__2023-10-05T03:23:00+00:00 [queued]>
[2025-02-12T22:43:03.583+0000] {taskinstance.py:2614} INFO - Dependencies all met for dep_context=requeueable deps ti=<TaskInstance: crypto_data_collection.fetch_and_store_crypto_data scheduled__2023-10-05T03:23:00+00:00 [queued]>
[2025-02-12T22:43:03.584+0000] {taskinstance.py:2867} INFO - Starting attempt 1 of 2
[2025-02-12T22:43:03.653+0000] {taskinstance.py:2890} INFO - Executing <Task(PythonOperator): fetch_and_store_crypto_data> on 2023-10-05 03:23:00+00:00
[2025-02-12T22:43:03.659+0000] {logging_mixin.py:190} WARNING - /home/***/.local/lib/python3.12/site-packages/***/task/task_runner/standard_task_runner.py:70 DeprecationWarning: This process (pid=18717) is multi-threaded, use of fork() may lead to deadlocks in the child.
[2025-02-12T22:43:03.660+0000] {standard_task_runner.py:72} INFO - Started process 18729 to run task
[2025-02-12T22:43:03.659+0000] {standard_task_runner.py:104} INFO - Running: ['***', 'tasks', 'run', 'crypto_data_collection', 'fetch_and_store_crypto_data', 'scheduled__2023-10-05T03:23:00+00:00', '--job-id', '6513', '--raw', '--subdir', 'DAGS_FOLDER/crypto_dag.py', '--cfg-path', '/tmp/tmpwaubjku4']
[2025-02-12T22:43:03.661+0000] {standard_task_runner.py:105} INFO - Job 6513: Subtask fetch_and_store_crypto_data
[2025-02-12T22:43:03.696+0000] {task_command.py:467} INFO - Running <TaskInstance: crypto_data_collection.fetch_and_store_crypto_data scheduled__2023-10-05T03:23:00+00:00 [running]> on host be7ba0dd3a47
[2025-02-12T22:43:03.778+0000] {taskinstance.py:3134} INFO - Exporting env vars: AIRFLOW_CTX_DAG_OWNER='***' AIRFLOW_CTX_DAG_ID='crypto_data_collection' AIRFLOW_CTX_TASK_ID='fetch_and_store_crypto_data' AIRFLOW_CTX_EXECUTION_DATE='2023-10-05T03:23:00+00:00' AIRFLOW_CTX_TRY_NUMBER='1' AIRFLOW_CTX_DAG_RUN_ID='scheduled__2023-10-05T03:23:00+00:00'
[2025-02-12T22:43:03.779+0000] {taskinstance.py:732} INFO - ::endgroup::
[2025-02-12T22:43:05.119+0000] {logging_mixin.py:190} INFO - Données récupérées : {'Response': 'Error', 'Message': 'You are over your rate limit please upgrade your account!', 'HasWarning': False, 'Type': 99, 'RateLimit': {'calls_made': {'second': 4, 'minute': 14, 'hour': 5100, 'day': 5994, 'month': 5994, 'total_calls': 5994}, 'max_calls': {'second': 20, 'minute': 300, 'hour': 3000, 'day': 7500, 'month': 11000}}, 'Data': {}}
[2025-02-12T22:43:05.126+0000] {logging_mixin.py:190} INFO - Erreur lors de l'insertion dans PostgreSQL : string indices must be integers, not 'str'
[2025-02-12T22:43:05.146+0000] {logging_mixin.py:190} INFO - Données uploadées dans MinIO.
[2025-02-12T22:43:05.147+0000] {python.py:240} INFO - Done. Returned value was: None
[2025-02-12T22:43:05.167+0000] {taskinstance.py:341} INFO - ::group::Post task execution logs
[2025-02-12T22:43:05.168+0000] {taskinstance.py:353} INFO - Marking task as SUCCESS. dag_id=crypto_data_collection, task_id=fetch_and_store_crypto_data, run_id=scheduled__2023-10-05T03:23:00+00:00, execution_date=20231005T032300, start_date=20250212T224303, end_date=20250212T224305
[2025-02-12T22:43:05.242+0000] {local_task_job_runner.py:266} INFO - Task exited with return code 0
[2025-02-12T22:43:05.274+0000] {taskinstance.py:3901} INFO - 0 downstream tasks scheduled from follow-on schedule check
[2025-02-12T22:43:05.278+0000] {local_task_job_runner.py:245} INFO - ::endgroup::
