[2025-02-12T22:23:34.228+0000] {local_task_job_runner.py:123} INFO - ::group::Pre task execution logs
[2025-02-12T22:23:34.241+0000] {taskinstance.py:2614} INFO - Dependencies all met for dep_context=non-requeueable deps ti=<TaskInstance: crypto_data_collection.fetch_and_store_crypto_data scheduled__2023-10-03T11:01:00+00:00 [queued]>
[2025-02-12T22:23:34.248+0000] {taskinstance.py:2614} INFO - Dependencies all met for dep_context=requeueable deps ti=<TaskInstance: crypto_data_collection.fetch_and_store_crypto_data scheduled__2023-10-03T11:01:00+00:00 [queued]>
[2025-02-12T22:23:34.248+0000] {taskinstance.py:2867} INFO - Starting attempt 1 of 2
[2025-02-12T22:23:34.263+0000] {taskinstance.py:2890} INFO - Executing <Task(PythonOperator): fetch_and_store_crypto_data> on 2023-10-03 11:01:00+00:00
[2025-02-12T22:23:34.269+0000] {logging_mixin.py:190} WARNING - /home/***/.local/lib/python3.12/site-packages/***/task/task_runner/standard_task_runner.py:70 DeprecationWarning: This process (pid=11269) is multi-threaded, use of fork() may lead to deadlocks in the child.
[2025-02-12T22:23:34.269+0000] {standard_task_runner.py:72} INFO - Started process 11274 to run task
[2025-02-12T22:23:34.269+0000] {standard_task_runner.py:104} INFO - Running: ['***', 'tasks', 'run', 'crypto_data_collection', 'fetch_and_store_crypto_data', 'scheduled__2023-10-03T11:01:00+00:00', '--job-id', '4091', '--raw', '--subdir', 'DAGS_FOLDER/crypto_dag.py', '--cfg-path', '/tmp/tmpr6hobkl4']
[2025-02-12T22:23:34.271+0000] {standard_task_runner.py:105} INFO - Job 4091: Subtask fetch_and_store_crypto_data
[2025-02-12T22:23:34.306+0000] {task_command.py:467} INFO - Running <TaskInstance: crypto_data_collection.fetch_and_store_crypto_data scheduled__2023-10-03T11:01:00+00:00 [running]> on host be7ba0dd3a47
[2025-02-12T22:23:34.377+0000] {taskinstance.py:3134} INFO - Exporting env vars: AIRFLOW_CTX_DAG_OWNER='***' AIRFLOW_CTX_DAG_ID='crypto_data_collection' AIRFLOW_CTX_TASK_ID='fetch_and_store_crypto_data' AIRFLOW_CTX_EXECUTION_DATE='2023-10-03T11:01:00+00:00' AIRFLOW_CTX_TRY_NUMBER='1' AIRFLOW_CTX_DAG_RUN_ID='scheduled__2023-10-03T11:01:00+00:00'
[2025-02-12T22:23:34.378+0000] {taskinstance.py:732} INFO - ::endgroup::
[2025-02-12T22:23:34.481+0000] {logging_mixin.py:190} INFO - Données récupérées : {'BTC': {'USD': 97775.1}, 'ETH': {'USD': 2727.63}}
[2025-02-12T22:23:34.487+0000] {logging_mixin.py:190} INFO - Données insérées dans PostgreSQL.
[2025-02-12T22:23:34.497+0000] {logging_mixin.py:190} INFO - Données uploadées dans MinIO.
[2025-02-12T22:23:34.498+0000] {python.py:240} INFO - Done. Returned value was: None
[2025-02-12T22:23:34.506+0000] {taskinstance.py:341} INFO - ::group::Post task execution logs
[2025-02-12T22:23:34.507+0000] {taskinstance.py:353} INFO - Marking task as SUCCESS. dag_id=crypto_data_collection, task_id=fetch_and_store_crypto_data, run_id=scheduled__2023-10-03T11:01:00+00:00, execution_date=20231003T110100, start_date=20250212T222334, end_date=20250212T222334
[2025-02-12T22:23:34.563+0000] {local_task_job_runner.py:266} INFO - Task exited with return code 0
[2025-02-12T22:23:34.576+0000] {taskinstance.py:3901} INFO - 0 downstream tasks scheduled from follow-on schedule check
[2025-02-12T22:23:34.578+0000] {local_task_job_runner.py:245} INFO - ::endgroup::
