[2025-02-12T21:58:20.820+0000] {local_task_job_runner.py:123} INFO - ::group::Pre task execution logs
[2025-02-12T21:58:20.852+0000] {taskinstance.py:2614} INFO - Dependencies all met for dep_context=non-requeueable deps ti=<TaskInstance: crypto_data_collection.fetch_and_store_crypto_data scheduled__2023-10-01T10:55:00+00:00 [queued]>
[2025-02-12T21:58:20.868+0000] {taskinstance.py:2614} INFO - Dependencies all met for dep_context=requeueable deps ti=<TaskInstance: crypto_data_collection.fetch_and_store_crypto_data scheduled__2023-10-01T10:55:00+00:00 [queued]>
[2025-02-12T21:58:20.868+0000] {taskinstance.py:2867} INFO - Starting attempt 1 of 2
[2025-02-12T21:58:20.891+0000] {taskinstance.py:2890} INFO - Executing <Task(PythonOperator): fetch_and_store_crypto_data> on 2023-10-01 10:55:00+00:00
[2025-02-12T21:58:20.903+0000] {logging_mixin.py:190} WARNING - /home/***/.local/lib/python3.12/site-packages/***/task/task_runner/standard_task_runner.py:70 DeprecationWarning: This process (pid=2356) is multi-threaded, use of fork() may lead to deadlocks in the child.
[2025-02-12T21:58:20.904+0000] {standard_task_runner.py:72} INFO - Started process 2365 to run task
[2025-02-12T21:58:20.904+0000] {standard_task_runner.py:104} INFO - Running: ['***', 'tasks', 'run', 'crypto_data_collection', 'fetch_and_store_crypto_data', 'scheduled__2023-10-01T10:55:00+00:00', '--job-id', '1205', '--raw', '--subdir', 'DAGS_FOLDER/crypto_dag.py', '--cfg-path', '/tmp/tmpsgmcf0z1']
[2025-02-12T21:58:20.907+0000] {standard_task_runner.py:105} INFO - Job 1205: Subtask fetch_and_store_crypto_data
[2025-02-12T21:58:20.970+0000] {task_command.py:467} INFO - Running <TaskInstance: crypto_data_collection.fetch_and_store_crypto_data scheduled__2023-10-01T10:55:00+00:00 [running]> on host be7ba0dd3a47
[2025-02-12T21:58:21.065+0000] {taskinstance.py:3134} INFO - Exporting env vars: AIRFLOW_CTX_DAG_OWNER='***' AIRFLOW_CTX_DAG_ID='crypto_data_collection' AIRFLOW_CTX_TASK_ID='fetch_and_store_crypto_data' AIRFLOW_CTX_EXECUTION_DATE='2023-10-01T10:55:00+00:00' AIRFLOW_CTX_TRY_NUMBER='1' AIRFLOW_CTX_DAG_RUN_ID='scheduled__2023-10-01T10:55:00+00:00'
[2025-02-12T21:58:21.066+0000] {taskinstance.py:732} INFO - ::endgroup::
[2025-02-12T21:58:21.175+0000] {logging_mixin.py:190} INFO - Données récupérées : {'BTC': {'USD': 97690.33}, 'ETH': {'USD': 2683.71}}
[2025-02-12T21:58:21.182+0000] {logging_mixin.py:190} INFO - Données insérées dans PostgreSQL.
[2025-02-12T21:58:21.195+0000] {logging_mixin.py:190} INFO - Données uploadées dans MinIO.
[2025-02-12T21:58:21.196+0000] {python.py:240} INFO - Done. Returned value was: None
[2025-02-12T21:58:21.202+0000] {taskinstance.py:341} INFO - ::group::Post task execution logs
[2025-02-12T21:58:21.202+0000] {taskinstance.py:353} INFO - Marking task as SUCCESS. dag_id=crypto_data_collection, task_id=fetch_and_store_crypto_data, run_id=scheduled__2023-10-01T10:55:00+00:00, execution_date=20231001T105500, start_date=20250212T215820, end_date=20250212T215821
[2025-02-12T21:58:21.240+0000] {local_task_job_runner.py:266} INFO - Task exited with return code 0
[2025-02-12T21:58:21.253+0000] {taskinstance.py:3901} INFO - 0 downstream tasks scheduled from follow-on schedule check
[2025-02-12T21:58:21.256+0000] {local_task_job_runner.py:245} INFO - ::endgroup::
