[2025-02-12T22:53:27.063+0000] {local_task_job_runner.py:123} INFO - ::group::Pre task execution logs
[2025-02-12T22:53:27.074+0000] {taskinstance.py:2614} INFO - Dependencies all met for dep_context=non-requeueable deps ti=<TaskInstance: crypto_data_collection.fetch_and_store_crypto_data scheduled__2023-10-06T01:38:00+00:00 [queued]>
[2025-02-12T22:53:27.081+0000] {taskinstance.py:2614} INFO - Dependencies all met for dep_context=requeueable deps ti=<TaskInstance: crypto_data_collection.fetch_and_store_crypto_data scheduled__2023-10-06T01:38:00+00:00 [queued]>
[2025-02-12T22:53:27.081+0000] {taskinstance.py:2867} INFO - Starting attempt 1 of 2
[2025-02-12T22:53:27.092+0000] {taskinstance.py:2890} INFO - Executing <Task(PythonOperator): fetch_and_store_crypto_data> on 2023-10-06 01:38:00+00:00
[2025-02-12T22:53:27.097+0000] {logging_mixin.py:190} WARNING - /home/***/.local/lib/python3.12/site-packages/***/task/task_runner/standard_task_runner.py:70 DeprecationWarning: This process (pid=22829) is multi-threaded, use of fork() may lead to deadlocks in the child.
[2025-02-12T22:53:27.097+0000] {standard_task_runner.py:72} INFO - Started process 22836 to run task
[2025-02-12T22:53:27.097+0000] {standard_task_runner.py:104} INFO - Running: ['***', 'tasks', 'run', 'crypto_data_collection', 'fetch_and_store_crypto_data', 'scheduled__2023-10-06T01:38:00+00:00', '--job-id', '7848', '--raw', '--subdir', 'DAGS_FOLDER/crypto_dag.py', '--cfg-path', '/tmp/tmpbwyrb58p']
[2025-02-12T22:53:27.098+0000] {standard_task_runner.py:105} INFO - Job 7848: Subtask fetch_and_store_crypto_data
[2025-02-12T22:53:27.128+0000] {task_command.py:467} INFO - Running <TaskInstance: crypto_data_collection.fetch_and_store_crypto_data scheduled__2023-10-06T01:38:00+00:00 [running]> on host be7ba0dd3a47
[2025-02-12T22:53:27.188+0000] {taskinstance.py:3134} INFO - Exporting env vars: AIRFLOW_CTX_DAG_OWNER='***' AIRFLOW_CTX_DAG_ID='crypto_data_collection' AIRFLOW_CTX_TASK_ID='fetch_and_store_crypto_data' AIRFLOW_CTX_EXECUTION_DATE='2023-10-06T01:38:00+00:00' AIRFLOW_CTX_TRY_NUMBER='1' AIRFLOW_CTX_DAG_RUN_ID='scheduled__2023-10-06T01:38:00+00:00'
[2025-02-12T22:53:27.188+0000] {taskinstance.py:732} INFO - ::endgroup::
[2025-02-12T22:53:27.291+0000] {logging_mixin.py:190} INFO - Données récupérées : {'Response': 'Error', 'Message': 'You are over your rate limit please upgrade your account!', 'HasWarning': False, 'Type': 99, 'RateLimit': {'calls_made': {'second': 5, 'minute': 75, 'hour': 6429, 'day': 7323, 'month': 7323, 'total_calls': 7323}, 'max_calls': {'second': 20, 'minute': 300, 'hour': 3000, 'day': 7500, 'month': 11000}}, 'Data': {}}
[2025-02-12T22:53:27.297+0000] {logging_mixin.py:190} INFO - Erreur lors de l'insertion dans PostgreSQL : string indices must be integers, not 'str'
[2025-02-12T22:53:27.315+0000] {logging_mixin.py:190} INFO - Données uploadées dans MinIO.
[2025-02-12T22:53:27.315+0000] {python.py:240} INFO - Done. Returned value was: None
[2025-02-12T22:53:27.321+0000] {taskinstance.py:341} INFO - ::group::Post task execution logs
[2025-02-12T22:53:27.322+0000] {taskinstance.py:353} INFO - Marking task as SUCCESS. dag_id=crypto_data_collection, task_id=fetch_and_store_crypto_data, run_id=scheduled__2023-10-06T01:38:00+00:00, execution_date=20231006T013800, start_date=20250212T225327, end_date=20250212T225327
[2025-02-12T22:53:27.351+0000] {local_task_job_runner.py:266} INFO - Task exited with return code 0
[2025-02-12T22:53:27.381+0000] {taskinstance.py:3901} INFO - 0 downstream tasks scheduled from follow-on schedule check
[2025-02-12T22:53:27.384+0000] {local_task_job_runner.py:245} INFO - ::endgroup::
