[2025-02-12T23:21:53.269+0000] {local_task_job_runner.py:123} INFO - ::group::Pre task execution logs
[2025-02-12T23:21:53.287+0000] {taskinstance.py:2614} INFO - Dependencies all met for dep_context=non-requeueable deps ti=<TaskInstance: crypto_data_collection.fetch_and_store_crypto_data scheduled__2023-10-08T14:53:00+00:00 [queued]>
[2025-02-12T23:21:53.301+0000] {taskinstance.py:2614} INFO - Dependencies all met for dep_context=requeueable deps ti=<TaskInstance: crypto_data_collection.fetch_and_store_crypto_data scheduled__2023-10-08T14:53:00+00:00 [queued]>
[2025-02-12T23:21:53.302+0000] {taskinstance.py:2867} INFO - Starting attempt 1 of 2
[2025-02-12T23:21:53.323+0000] {taskinstance.py:2890} INFO - Executing <Task(PythonOperator): fetch_and_store_crypto_data> on 2023-10-08 14:53:00+00:00
[2025-02-12T23:21:53.335+0000] {logging_mixin.py:190} WARNING - /home/***/.local/lib/python3.12/site-packages/***/task/task_runner/standard_task_runner.py:70 DeprecationWarning: This process (pid=34134) is multi-threaded, use of fork() may lead to deadlocks in the child.
[2025-02-12T23:21:53.336+0000] {standard_task_runner.py:72} INFO - Started process 34143 to run task
[2025-02-12T23:21:53.335+0000] {standard_task_runner.py:104} INFO - Running: ['***', 'tasks', 'run', 'crypto_data_collection', 'fetch_and_store_crypto_data', 'scheduled__2023-10-08T14:53:00+00:00', '--job-id', '11523', '--raw', '--subdir', 'DAGS_FOLDER/crypto_dag.py', '--cfg-path', '/tmp/tmpoorwn2k5']
[2025-02-12T23:21:53.336+0000] {standard_task_runner.py:105} INFO - Job 11523: Subtask fetch_and_store_crypto_data
[2025-02-12T23:21:53.381+0000] {task_command.py:467} INFO - Running <TaskInstance: crypto_data_collection.fetch_and_store_crypto_data scheduled__2023-10-08T14:53:00+00:00 [running]> on host be7ba0dd3a47
[2025-02-12T23:21:53.471+0000] {taskinstance.py:3134} INFO - Exporting env vars: AIRFLOW_CTX_DAG_OWNER='***' AIRFLOW_CTX_DAG_ID='crypto_data_collection' AIRFLOW_CTX_TASK_ID='fetch_and_store_crypto_data' AIRFLOW_CTX_EXECUTION_DATE='2023-10-08T14:53:00+00:00' AIRFLOW_CTX_TRY_NUMBER='1' AIRFLOW_CTX_DAG_RUN_ID='scheduled__2023-10-08T14:53:00+00:00'
[2025-02-12T23:21:53.472+0000] {taskinstance.py:732} INFO - ::endgroup::
[2025-02-12T23:21:53.578+0000] {logging_mixin.py:190} INFO - Données récupérées : {'Response': 'Error', 'Message': 'You are over your rate limit please upgrade your account!', 'HasWarning': False, 'Type': 99, 'RateLimit': {'calls_made': {'second': 7, 'minute': 125, 'hour': 2795, 'day': 11000, 'month': 11000, 'total_calls': 11000}, 'max_calls': {'second': 20, 'minute': 300, 'hour': 3000, 'day': 7500, 'month': 11000}}, 'Data': {}}
[2025-02-12T23:21:53.581+0000] {logging_mixin.py:190} INFO - Erreur lors de l'insertion dans PostgreSQL : string indices must be integers, not 'str'
[2025-02-12T23:21:53.592+0000] {logging_mixin.py:190} INFO - Données uploadées dans MinIO.
[2025-02-12T23:21:53.593+0000] {python.py:240} INFO - Done. Returned value was: None
[2025-02-12T23:21:53.599+0000] {taskinstance.py:341} INFO - ::group::Post task execution logs
[2025-02-12T23:21:53.599+0000] {taskinstance.py:353} INFO - Marking task as SUCCESS. dag_id=crypto_data_collection, task_id=fetch_and_store_crypto_data, run_id=scheduled__2023-10-08T14:53:00+00:00, execution_date=20231008T145300, start_date=20250212T232153, end_date=20250212T232153
[2025-02-12T23:21:53.629+0000] {local_task_job_runner.py:266} INFO - Task exited with return code 0
[2025-02-12T23:21:53.640+0000] {taskinstance.py:3901} INFO - 0 downstream tasks scheduled from follow-on schedule check
[2025-02-12T23:21:53.642+0000] {local_task_job_runner.py:245} INFO - ::endgroup::
