[2025-02-12T22:27:48.695+0000] {local_task_job_runner.py:123} INFO - ::group::Pre task execution logs
[2025-02-12T22:27:48.708+0000] {taskinstance.py:2614} INFO - Dependencies all met for dep_context=non-requeueable deps ti=<TaskInstance: crypto_data_collection.fetch_and_store_crypto_data scheduled__2023-10-03T20:13:00+00:00 [queued]>
[2025-02-12T22:27:48.715+0000] {taskinstance.py:2614} INFO - Dependencies all met for dep_context=requeueable deps ti=<TaskInstance: crypto_data_collection.fetch_and_store_crypto_data scheduled__2023-10-03T20:13:00+00:00 [queued]>
[2025-02-12T22:27:48.715+0000] {taskinstance.py:2867} INFO - Starting attempt 1 of 2
[2025-02-12T22:27:48.741+0000] {taskinstance.py:2890} INFO - Executing <Task(PythonOperator): fetch_and_store_crypto_data> on 2023-10-03 20:13:00+00:00
[2025-02-12T22:27:48.748+0000] {logging_mixin.py:190} WARNING - /home/***/.local/lib/python3.12/site-packages/***/task/task_runner/standard_task_runner.py:70 DeprecationWarning: This process (pid=12963) is multi-threaded, use of fork() may lead to deadlocks in the child.
[2025-02-12T22:27:48.748+0000] {standard_task_runner.py:72} INFO - Started process 12969 to run task
[2025-02-12T22:27:48.747+0000] {standard_task_runner.py:104} INFO - Running: ['***', 'tasks', 'run', 'crypto_data_collection', 'fetch_and_store_crypto_data', 'scheduled__2023-10-03T20:13:00+00:00', '--job-id', '4643', '--raw', '--subdir', 'DAGS_FOLDER/crypto_dag.py', '--cfg-path', '/tmp/tmppfv7zli4']
[2025-02-12T22:27:48.749+0000] {standard_task_runner.py:105} INFO - Job 4643: Subtask fetch_and_store_crypto_data
[2025-02-12T22:27:48.781+0000] {task_command.py:467} INFO - Running <TaskInstance: crypto_data_collection.fetch_and_store_crypto_data scheduled__2023-10-03T20:13:00+00:00 [running]> on host be7ba0dd3a47
[2025-02-12T22:27:48.851+0000] {taskinstance.py:3134} INFO - Exporting env vars: AIRFLOW_CTX_DAG_OWNER='***' AIRFLOW_CTX_DAG_ID='crypto_data_collection' AIRFLOW_CTX_TASK_ID='fetch_and_store_crypto_data' AIRFLOW_CTX_EXECUTION_DATE='2023-10-03T20:13:00+00:00' AIRFLOW_CTX_TRY_NUMBER='1' AIRFLOW_CTX_DAG_RUN_ID='scheduled__2023-10-03T20:13:00+00:00'
[2025-02-12T22:27:48.852+0000] {taskinstance.py:732} INFO - ::endgroup::
[2025-02-12T22:27:48.972+0000] {logging_mixin.py:190} INFO - Données récupérées : {'BTC': {'USD': 97950.1}, 'ETH': {'USD': 2745.58}}
[2025-02-12T22:27:48.977+0000] {logging_mixin.py:190} INFO - Données insérées dans PostgreSQL.
[2025-02-12T22:27:48.990+0000] {logging_mixin.py:190} INFO - Données uploadées dans MinIO.
[2025-02-12T22:27:48.991+0000] {python.py:240} INFO - Done. Returned value was: None
[2025-02-12T22:27:49.000+0000] {taskinstance.py:341} INFO - ::group::Post task execution logs
[2025-02-12T22:27:49.000+0000] {taskinstance.py:353} INFO - Marking task as SUCCESS. dag_id=crypto_data_collection, task_id=fetch_and_store_crypto_data, run_id=scheduled__2023-10-03T20:13:00+00:00, execution_date=20231003T201300, start_date=20250212T222748, end_date=20250212T222749
[2025-02-12T22:27:49.042+0000] {local_task_job_runner.py:266} INFO - Task exited with return code 0
[2025-02-12T22:27:49.050+0000] {local_task_job_runner.py:245} INFO - ::endgroup::
