[2025-02-12T22:39:20.103+0000] {local_task_job_runner.py:123} INFO - ::group::Pre task execution logs
[2025-02-12T22:39:20.114+0000] {taskinstance.py:2614} INFO - Dependencies all met for dep_context=non-requeueable deps ti=<TaskInstance: crypto_data_collection.fetch_and_store_crypto_data scheduled__2023-10-04T19:23:00+00:00 [queued]>
[2025-02-12T22:39:20.120+0000] {taskinstance.py:2614} INFO - Dependencies all met for dep_context=requeueable deps ti=<TaskInstance: crypto_data_collection.fetch_and_store_crypto_data scheduled__2023-10-04T19:23:00+00:00 [queued]>
[2025-02-12T22:39:20.120+0000] {taskinstance.py:2867} INFO - Starting attempt 1 of 2
[2025-02-12T22:39:20.132+0000] {taskinstance.py:2890} INFO - Executing <Task(PythonOperator): fetch_and_store_crypto_data> on 2023-10-04 19:23:00+00:00
[2025-02-12T22:39:20.137+0000] {logging_mixin.py:190} WARNING - /home/***/.local/lib/python3.12/site-packages/***/task/task_runner/standard_task_runner.py:70 DeprecationWarning: This process (pid=17246) is multi-threaded, use of fork() may lead to deadlocks in the child.
[2025-02-12T22:39:20.138+0000] {standard_task_runner.py:72} INFO - Started process 17253 to run task
[2025-02-12T22:39:20.138+0000] {standard_task_runner.py:104} INFO - Running: ['***', 'tasks', 'run', 'crypto_data_collection', 'fetch_and_store_crypto_data', 'scheduled__2023-10-04T19:23:00+00:00', '--job-id', '6033', '--raw', '--subdir', 'DAGS_FOLDER/crypto_dag.py', '--cfg-path', '/tmp/tmp8v_svxjg']
[2025-02-12T22:39:20.139+0000] {standard_task_runner.py:105} INFO - Job 6033: Subtask fetch_and_store_crypto_data
[2025-02-12T22:39:20.167+0000] {task_command.py:467} INFO - Running <TaskInstance: crypto_data_collection.fetch_and_store_crypto_data scheduled__2023-10-04T19:23:00+00:00 [running]> on host be7ba0dd3a47
[2025-02-12T22:39:20.230+0000] {taskinstance.py:3134} INFO - Exporting env vars: AIRFLOW_CTX_DAG_OWNER='***' AIRFLOW_CTX_DAG_ID='crypto_data_collection' AIRFLOW_CTX_TASK_ID='fetch_and_store_crypto_data' AIRFLOW_CTX_EXECUTION_DATE='2023-10-04T19:23:00+00:00' AIRFLOW_CTX_TRY_NUMBER='1' AIRFLOW_CTX_DAG_RUN_ID='scheduled__2023-10-04T19:23:00+00:00'
[2025-02-12T22:39:20.230+0000] {taskinstance.py:732} INFO - ::endgroup::
[2025-02-12T22:39:20.521+0000] {logging_mixin.py:190} INFO - Données récupérées : {'Response': 'Error', 'Message': 'You are over your rate limit please upgrade your account!', 'HasWarning': False, 'Type': 99, 'RateLimit': {'calls_made': {'second': 5, 'minute': 42, 'hour': 4617, 'day': 5511, 'month': 5511, 'total_calls': 5511}, 'max_calls': {'second': 20, 'minute': 300, 'hour': 3000, 'day': 7500, 'month': 11000}}, 'Data': {}}
[2025-02-12T22:39:20.527+0000] {logging_mixin.py:190} INFO - Erreur lors de l'insertion dans PostgreSQL : string indices must be integers, not 'str'
[2025-02-12T22:39:20.544+0000] {logging_mixin.py:190} INFO - Données uploadées dans MinIO.
[2025-02-12T22:39:20.545+0000] {python.py:240} INFO - Done. Returned value was: None
[2025-02-12T22:39:20.551+0000] {taskinstance.py:341} INFO - ::group::Post task execution logs
[2025-02-12T22:39:20.551+0000] {taskinstance.py:353} INFO - Marking task as SUCCESS. dag_id=crypto_data_collection, task_id=fetch_and_store_crypto_data, run_id=scheduled__2023-10-04T19:23:00+00:00, execution_date=20231004T192300, start_date=20250212T223920, end_date=20250212T223920
[2025-02-12T22:39:20.592+0000] {local_task_job_runner.py:266} INFO - Task exited with return code 0
[2025-02-12T22:39:20.602+0000] {taskinstance.py:3901} INFO - 0 downstream tasks scheduled from follow-on schedule check
[2025-02-12T22:39:20.609+0000] {local_task_job_runner.py:245} INFO - ::endgroup::
