[2025-02-12T22:29:47.021+0000] {local_task_job_runner.py:123} INFO - ::group::Pre task execution logs
[2025-02-12T22:29:47.034+0000] {taskinstance.py:2614} INFO - Dependencies all met for dep_context=non-requeueable deps ti=<TaskInstance: crypto_data_collection.fetch_and_store_crypto_data scheduled__2023-10-04T00:28:00+00:00 [queued]>
[2025-02-12T22:29:47.040+0000] {taskinstance.py:2614} INFO - Dependencies all met for dep_context=requeueable deps ti=<TaskInstance: crypto_data_collection.fetch_and_store_crypto_data scheduled__2023-10-04T00:28:00+00:00 [queued]>
[2025-02-12T22:29:47.040+0000] {taskinstance.py:2867} INFO - Starting attempt 1 of 2
[2025-02-12T22:29:47.053+0000] {taskinstance.py:2890} INFO - Executing <Task(PythonOperator): fetch_and_store_crypto_data> on 2023-10-04 00:28:00+00:00
[2025-02-12T22:29:47.059+0000] {logging_mixin.py:190} WARNING - /home/***/.local/lib/python3.12/site-packages/***/task/task_runner/standard_task_runner.py:70 DeprecationWarning: This process (pid=13744) is multi-threaded, use of fork() may lead to deadlocks in the child.
[2025-02-12T22:29:47.060+0000] {standard_task_runner.py:72} INFO - Started process 13754 to run task
[2025-02-12T22:29:47.060+0000] {standard_task_runner.py:104} INFO - Running: ['***', 'tasks', 'run', 'crypto_data_collection', 'fetch_and_store_crypto_data', 'scheduled__2023-10-04T00:28:00+00:00', '--job-id', '4898', '--raw', '--subdir', 'DAGS_FOLDER/crypto_dag.py', '--cfg-path', '/tmp/tmp2xqw6uqs']
[2025-02-12T22:29:47.061+0000] {standard_task_runner.py:105} INFO - Job 4898: Subtask fetch_and_store_crypto_data
[2025-02-12T22:29:47.098+0000] {task_command.py:467} INFO - Running <TaskInstance: crypto_data_collection.fetch_and_store_crypto_data scheduled__2023-10-04T00:28:00+00:00 [running]> on host be7ba0dd3a47
[2025-02-12T22:29:47.176+0000] {taskinstance.py:3134} INFO - Exporting env vars: AIRFLOW_CTX_DAG_OWNER='***' AIRFLOW_CTX_DAG_ID='crypto_data_collection' AIRFLOW_CTX_TASK_ID='fetch_and_store_crypto_data' AIRFLOW_CTX_EXECUTION_DATE='2023-10-04T00:28:00+00:00' AIRFLOW_CTX_TRY_NUMBER='1' AIRFLOW_CTX_DAG_RUN_ID='scheduled__2023-10-04T00:28:00+00:00'
[2025-02-12T22:29:47.177+0000] {taskinstance.py:732} INFO - ::endgroup::
[2025-02-12T22:29:49.848+0000] {logging_mixin.py:190} INFO - Données récupérées : {'Response': 'Error', 'Message': 'You are over your rate limit please upgrade your account!', 'HasWarning': False, 'Type': 99, 'RateLimit': {'calls_made': {'second': 1, 'minute': 113, 'hour': 3485, 'day': 4379, 'month': 4379, 'total_calls': 4379}, 'max_calls': {'second': 20, 'minute': 300, 'hour': 3000, 'day': 7500, 'month': 11000}}, 'Data': {}}
[2025-02-12T22:29:49.856+0000] {logging_mixin.py:190} INFO - Erreur lors de l'insertion dans PostgreSQL : string indices must be integers, not 'str'
[2025-02-12T22:29:49.920+0000] {logging_mixin.py:190} INFO - Données uploadées dans MinIO.
[2025-02-12T22:29:49.920+0000] {python.py:240} INFO - Done. Returned value was: None
[2025-02-12T22:29:49.926+0000] {taskinstance.py:341} INFO - ::group::Post task execution logs
[2025-02-12T22:29:49.927+0000] {taskinstance.py:353} INFO - Marking task as SUCCESS. dag_id=crypto_data_collection, task_id=fetch_and_store_crypto_data, run_id=scheduled__2023-10-04T00:28:00+00:00, execution_date=20231004T002800, start_date=20250212T222947, end_date=20250212T222949
[2025-02-12T22:29:49.977+0000] {local_task_job_runner.py:266} INFO - Task exited with return code 0
[2025-02-12T22:29:50.011+0000] {taskinstance.py:3901} INFO - 0 downstream tasks scheduled from follow-on schedule check
[2025-02-12T22:29:50.014+0000] {local_task_job_runner.py:245} INFO - ::endgroup::
