[2025-02-12T22:36:49.334+0000] {local_task_job_runner.py:123} INFO - ::group::Pre task execution logs
[2025-02-12T22:36:49.348+0000] {taskinstance.py:2614} INFO - Dependencies all met for dep_context=non-requeueable deps ti=<TaskInstance: crypto_data_collection.fetch_and_store_crypto_data scheduled__2023-10-04T14:01:00+00:00 [queued]>
[2025-02-12T22:36:49.355+0000] {taskinstance.py:2614} INFO - Dependencies all met for dep_context=requeueable deps ti=<TaskInstance: crypto_data_collection.fetch_and_store_crypto_data scheduled__2023-10-04T14:01:00+00:00 [queued]>
[2025-02-12T22:36:49.355+0000] {taskinstance.py:2867} INFO - Starting attempt 1 of 2
[2025-02-12T22:36:49.397+0000] {taskinstance.py:2890} INFO - Executing <Task(PythonOperator): fetch_and_store_crypto_data> on 2023-10-04 14:01:00+00:00
[2025-02-12T22:36:49.404+0000] {logging_mixin.py:190} WARNING - /home/***/.local/lib/python3.12/site-packages/***/task/task_runner/standard_task_runner.py:70 DeprecationWarning: This process (pid=16253) is multi-threaded, use of fork() may lead to deadlocks in the child.
[2025-02-12T22:36:49.405+0000] {standard_task_runner.py:72} INFO - Started process 16263 to run task
[2025-02-12T22:36:49.404+0000] {standard_task_runner.py:104} INFO - Running: ['***', 'tasks', 'run', 'crypto_data_collection', 'fetch_and_store_crypto_data', 'scheduled__2023-10-04T14:01:00+00:00', '--job-id', '5711', '--raw', '--subdir', 'DAGS_FOLDER/crypto_dag.py', '--cfg-path', '/tmp/tmp5h68r6cp']
[2025-02-12T22:36:49.406+0000] {standard_task_runner.py:105} INFO - Job 5711: Subtask fetch_and_store_crypto_data
[2025-02-12T22:36:49.440+0000] {task_command.py:467} INFO - Running <TaskInstance: crypto_data_collection.fetch_and_store_crypto_data scheduled__2023-10-04T14:01:00+00:00 [running]> on host be7ba0dd3a47
[2025-02-12T22:36:49.509+0000] {taskinstance.py:3134} INFO - Exporting env vars: AIRFLOW_CTX_DAG_OWNER='***' AIRFLOW_CTX_DAG_ID='crypto_data_collection' AIRFLOW_CTX_TASK_ID='fetch_and_store_crypto_data' AIRFLOW_CTX_EXECUTION_DATE='2023-10-04T14:01:00+00:00' AIRFLOW_CTX_TRY_NUMBER='1' AIRFLOW_CTX_DAG_RUN_ID='scheduled__2023-10-04T14:01:00+00:00'
[2025-02-12T22:36:49.510+0000] {taskinstance.py:732} INFO - ::endgroup::
[2025-02-12T22:36:49.620+0000] {logging_mixin.py:190} INFO - Données récupérées : {'Response': 'Error', 'Message': 'You are over your rate limit please upgrade your account!', 'HasWarning': False, 'Type': 99, 'RateLimit': {'calls_made': {'second': 4, 'minute': 104, 'hour': 4294, 'day': 5188, 'month': 5188, 'total_calls': 5188}, 'max_calls': {'second': 20, 'minute': 300, 'hour': 3000, 'day': 7500, 'month': 11000}}, 'Data': {}}
[2025-02-12T22:36:49.623+0000] {logging_mixin.py:190} INFO - Erreur lors de l'insertion dans PostgreSQL : string indices must be integers, not 'str'
[2025-02-12T22:36:49.637+0000] {logging_mixin.py:190} INFO - Données uploadées dans MinIO.
[2025-02-12T22:36:49.638+0000] {python.py:240} INFO - Done. Returned value was: None
[2025-02-12T22:36:49.646+0000] {taskinstance.py:341} INFO - ::group::Post task execution logs
[2025-02-12T22:36:49.646+0000] {taskinstance.py:353} INFO - Marking task as SUCCESS. dag_id=crypto_data_collection, task_id=fetch_and_store_crypto_data, run_id=scheduled__2023-10-04T14:01:00+00:00, execution_date=20231004T140100, start_date=20250212T223649, end_date=20250212T223649
[2025-02-12T22:36:49.739+0000] {local_task_job_runner.py:266} INFO - Task exited with return code 0
[2025-02-12T22:36:49.746+0000] {local_task_job_runner.py:245} INFO - ::endgroup::
