[2025-02-12T21:08:51.747+0000] {local_task_job_runner.py:123} INFO - ::group::Pre task execution logs
[2025-02-12T21:08:51.759+0000] {taskinstance.py:2614} INFO - Dependencies all met for dep_context=non-requeueable deps ti=<TaskInstance: crypto_flow.fetch_crypto_data scheduled__2025-02-12T12:00:00+00:00 [queued]>
[2025-02-12T21:08:51.765+0000] {taskinstance.py:2614} INFO - Dependencies all met for dep_context=requeueable deps ti=<TaskInstance: crypto_flow.fetch_crypto_data scheduled__2025-02-12T12:00:00+00:00 [queued]>
[2025-02-12T21:08:51.765+0000] {taskinstance.py:2867} INFO - Starting attempt 1 of 2
[2025-02-12T21:08:51.777+0000] {taskinstance.py:2890} INFO - Executing <Task(PythonOperator): fetch_crypto_data> on 2025-02-12 12:00:00+00:00
[2025-02-12T21:08:51.781+0000] {logging_mixin.py:190} WARNING - /home/***/.local/lib/python3.12/site-packages/***/task/task_runner/standard_task_runner.py:70 DeprecationWarning: This process (pid=2160) is multi-threaded, use of fork() may lead to deadlocks in the child.
[2025-02-12T21:08:51.782+0000] {standard_task_runner.py:72} INFO - Started process 2163 to run task
[2025-02-12T21:08:51.782+0000] {standard_task_runner.py:104} INFO - Running: ['***', 'tasks', 'run', 'crypto_flow', 'fetch_crypto_data', 'scheduled__2025-02-12T12:00:00+00:00', '--job-id', '527', '--raw', '--subdir', 'DAGS_FOLDER/crypto_dag.py', '--cfg-path', '/tmp/tmpdrhcsc6m']
[2025-02-12T21:08:51.784+0000] {standard_task_runner.py:105} INFO - Job 527: Subtask fetch_crypto_data
[2025-02-12T21:08:51.812+0000] {task_command.py:467} INFO - Running <TaskInstance: crypto_flow.fetch_crypto_data scheduled__2025-02-12T12:00:00+00:00 [running]> on host 3c24d57f5cd3
[2025-02-12T21:08:51.880+0000] {taskinstance.py:3134} INFO - Exporting env vars: AIRFLOW_CTX_DAG_OWNER='***' AIRFLOW_CTX_DAG_ID='crypto_flow' AIRFLOW_CTX_TASK_ID='fetch_crypto_data' AIRFLOW_CTX_EXECUTION_DATE='2025-02-12T12:00:00+00:00' AIRFLOW_CTX_TRY_NUMBER='1' AIRFLOW_CTX_DAG_RUN_ID='scheduled__2025-02-12T12:00:00+00:00'
[2025-02-12T21:08:51.881+0000] {taskinstance.py:732} INFO - ::endgroup::
[2025-02-12T21:08:52.003+0000] {logging_mixin.py:190} INFO - Données récupérées : {'BTC': {'USD': 97061.38}, 'ETH': {'USD': 2680.37}}
[2025-02-12T21:08:52.010+0000] {logging_mixin.py:190} INFO - Données insérées dans PostgreSQL.
[2025-02-12T21:08:52.010+0000] {python.py:240} INFO - Done. Returned value was: None
[2025-02-12T21:08:52.018+0000] {taskinstance.py:341} INFO - ::group::Post task execution logs
[2025-02-12T21:08:52.018+0000] {taskinstance.py:353} INFO - Marking task as SUCCESS. dag_id=crypto_flow, task_id=fetch_crypto_data, run_id=scheduled__2025-02-12T12:00:00+00:00, execution_date=20250212T120000, start_date=20250212T210851, end_date=20250212T210852
[2025-02-12T21:08:52.076+0000] {local_task_job_runner.py:266} INFO - Task exited with return code 0
[2025-02-12T21:08:52.100+0000] {taskinstance.py:3901} INFO - 1 downstream tasks scheduled from follow-on schedule check
[2025-02-12T21:08:52.103+0000] {local_task_job_runner.py:245} INFO - ::endgroup::
