[2025-02-12T22:54:15.648+0000] {local_task_job_runner.py:123} INFO - ::group::Pre task execution logs
[2025-02-12T22:54:15.663+0000] {taskinstance.py:2614} INFO - Dependencies all met for dep_context=non-requeueable deps ti=<TaskInstance: crypto_data_collection.fetch_and_store_crypto_data scheduled__2023-10-06T03:22:00+00:00 [queued]>
[2025-02-12T22:54:15.671+0000] {taskinstance.py:2614} INFO - Dependencies all met for dep_context=requeueable deps ti=<TaskInstance: crypto_data_collection.fetch_and_store_crypto_data scheduled__2023-10-06T03:22:00+00:00 [queued]>
[2025-02-12T22:54:15.671+0000] {taskinstance.py:2867} INFO - Starting attempt 1 of 2
[2025-02-12T22:54:15.685+0000] {taskinstance.py:2890} INFO - Executing <Task(PythonOperator): fetch_and_store_crypto_data> on 2023-10-06 03:22:00+00:00
[2025-02-12T22:54:15.691+0000] {logging_mixin.py:190} WARNING - /home/***/.local/lib/python3.12/site-packages/***/task/task_runner/standard_task_runner.py:70 DeprecationWarning: This process (pid=23146) is multi-threaded, use of fork() may lead to deadlocks in the child.
[2025-02-12T22:54:15.692+0000] {standard_task_runner.py:72} INFO - Started process 23156 to run task
[2025-02-12T22:54:15.691+0000] {standard_task_runner.py:104} INFO - Running: ['***', 'tasks', 'run', 'crypto_data_collection', 'fetch_and_store_crypto_data', 'scheduled__2023-10-06T03:22:00+00:00', '--job-id', '7952', '--raw', '--subdir', 'DAGS_FOLDER/crypto_dag.py', '--cfg-path', '/tmp/tmp95qogolm']
[2025-02-12T22:54:15.693+0000] {standard_task_runner.py:105} INFO - Job 7952: Subtask fetch_and_store_crypto_data
[2025-02-12T22:54:15.728+0000] {task_command.py:467} INFO - Running <TaskInstance: crypto_data_collection.fetch_and_store_crypto_data scheduled__2023-10-06T03:22:00+00:00 [running]> on host be7ba0dd3a47
[2025-02-12T22:54:15.809+0000] {taskinstance.py:3134} INFO - Exporting env vars: AIRFLOW_CTX_DAG_OWNER='***' AIRFLOW_CTX_DAG_ID='crypto_data_collection' AIRFLOW_CTX_TASK_ID='fetch_and_store_crypto_data' AIRFLOW_CTX_EXECUTION_DATE='2023-10-06T03:22:00+00:00' AIRFLOW_CTX_TRY_NUMBER='1' AIRFLOW_CTX_DAG_RUN_ID='scheduled__2023-10-06T03:22:00+00:00'
[2025-02-12T22:54:15.810+0000] {taskinstance.py:732} INFO - ::endgroup::
[2025-02-12T22:54:16.203+0000] {logging_mixin.py:190} INFO - Données récupérées : {'Response': 'Error', 'Message': 'You are over your rate limit please upgrade your account!', 'HasWarning': False, 'Type': 99, 'RateLimit': {'calls_made': {'second': 3, 'minute': 47, 'hour': 6536, 'day': 7430, 'month': 7430, 'total_calls': 7430}, 'max_calls': {'second': 20, 'minute': 300, 'hour': 3000, 'day': 7500, 'month': 11000}}, 'Data': {}}
[2025-02-12T22:54:16.209+0000] {logging_mixin.py:190} INFO - Erreur lors de l'insertion dans PostgreSQL : string indices must be integers, not 'str'
[2025-02-12T22:54:16.261+0000] {logging_mixin.py:190} INFO - Données uploadées dans MinIO.
[2025-02-12T22:54:16.263+0000] {python.py:240} INFO - Done. Returned value was: None
[2025-02-12T22:54:16.280+0000] {taskinstance.py:341} INFO - ::group::Post task execution logs
[2025-02-12T22:54:16.281+0000] {taskinstance.py:353} INFO - Marking task as SUCCESS. dag_id=crypto_data_collection, task_id=fetch_and_store_crypto_data, run_id=scheduled__2023-10-06T03:22:00+00:00, execution_date=20231006T032200, start_date=20250212T225415, end_date=20250212T225416
[2025-02-12T22:54:16.346+0000] {local_task_job_runner.py:266} INFO - Task exited with return code 0
[2025-02-12T22:54:16.379+0000] {taskinstance.py:3901} INFO - 0 downstream tasks scheduled from follow-on schedule check
[2025-02-12T22:54:16.383+0000] {local_task_job_runner.py:245} INFO - ::endgroup::
