[2025-02-12T22:14:19.318+0000] {local_task_job_runner.py:123} INFO - ::group::Pre task execution logs
[2025-02-12T22:14:19.330+0000] {taskinstance.py:2614} INFO - Dependencies all met for dep_context=non-requeueable deps ti=<TaskInstance: crypto_data_collection.fetch_and_store_crypto_data scheduled__2023-10-02T16:45:00+00:00 [queued]>
[2025-02-12T22:14:19.338+0000] {taskinstance.py:2614} INFO - Dependencies all met for dep_context=requeueable deps ti=<TaskInstance: crypto_data_collection.fetch_and_store_crypto_data scheduled__2023-10-02T16:45:00+00:00 [queued]>
[2025-02-12T22:14:19.338+0000] {taskinstance.py:2867} INFO - Starting attempt 1 of 2
[2025-02-12T22:14:19.351+0000] {taskinstance.py:2890} INFO - Executing <Task(PythonOperator): fetch_and_store_crypto_data> on 2023-10-02 16:45:00+00:00
[2025-02-12T22:14:19.357+0000] {logging_mixin.py:190} WARNING - /home/***/.local/lib/python3.12/site-packages/***/task/task_runner/standard_task_runner.py:70 DeprecationWarning: This process (pid=7880) is multi-threaded, use of fork() may lead to deadlocks in the child.
[2025-02-12T22:14:19.357+0000] {standard_task_runner.py:72} INFO - Started process 7890 to run task
[2025-02-12T22:14:19.357+0000] {standard_task_runner.py:104} INFO - Running: ['***', 'tasks', 'run', 'crypto_data_collection', 'fetch_and_store_crypto_data', 'scheduled__2023-10-02T16:45:00+00:00', '--job-id', '2995', '--raw', '--subdir', 'DAGS_FOLDER/crypto_dag.py', '--cfg-path', '/tmp/tmpak3i3i7a']
[2025-02-12T22:14:19.358+0000] {standard_task_runner.py:105} INFO - Job 2995: Subtask fetch_and_store_crypto_data
[2025-02-12T22:14:19.390+0000] {task_command.py:467} INFO - Running <TaskInstance: crypto_data_collection.fetch_and_store_crypto_data scheduled__2023-10-02T16:45:00+00:00 [running]> on host be7ba0dd3a47
[2025-02-12T22:14:19.460+0000] {taskinstance.py:3134} INFO - Exporting env vars: AIRFLOW_CTX_DAG_OWNER='***' AIRFLOW_CTX_DAG_ID='crypto_data_collection' AIRFLOW_CTX_TASK_ID='fetch_and_store_crypto_data' AIRFLOW_CTX_EXECUTION_DATE='2023-10-02T16:45:00+00:00' AIRFLOW_CTX_TRY_NUMBER='1' AIRFLOW_CTX_DAG_RUN_ID='scheduled__2023-10-02T16:45:00+00:00'
[2025-02-12T22:14:19.460+0000] {taskinstance.py:732} INFO - ::endgroup::
[2025-02-12T22:14:19.598+0000] {logging_mixin.py:190} INFO - Données récupérées : {'BTC': {'USD': 97488.23}, 'ETH': {'USD': 2679.07}}
[2025-02-12T22:14:19.603+0000] {logging_mixin.py:190} INFO - Données insérées dans PostgreSQL.
[2025-02-12T22:14:19.618+0000] {logging_mixin.py:190} INFO - Données uploadées dans MinIO.
[2025-02-12T22:14:19.618+0000] {python.py:240} INFO - Done. Returned value was: None
[2025-02-12T22:14:19.624+0000] {taskinstance.py:341} INFO - ::group::Post task execution logs
[2025-02-12T22:14:19.625+0000] {taskinstance.py:353} INFO - Marking task as SUCCESS. dag_id=crypto_data_collection, task_id=fetch_and_store_crypto_data, run_id=scheduled__2023-10-02T16:45:00+00:00, execution_date=20231002T164500, start_date=20250212T221419, end_date=20250212T221419
[2025-02-12T22:14:19.691+0000] {local_task_job_runner.py:266} INFO - Task exited with return code 0
[2025-02-12T22:14:19.701+0000] {taskinstance.py:3901} INFO - 0 downstream tasks scheduled from follow-on schedule check
[2025-02-12T22:14:19.704+0000] {local_task_job_runner.py:245} INFO - ::endgroup::
