[2025-02-13T21:09:25.847+0000] {local_task_job_runner.py:123} INFO - ::group::Pre task execution logs
[2025-02-13T21:09:25.864+0000] {taskinstance.py:2614} INFO - Dependencies all met for dep_context=non-requeueable deps ti=<TaskInstance: crypto_data_collection.fetch_and_store_crypto_data scheduled__2024-01-19T07:17:00+00:00 [queued]>
[2025-02-13T21:09:25.870+0000] {taskinstance.py:2614} INFO - Dependencies all met for dep_context=requeueable deps ti=<TaskInstance: crypto_data_collection.fetch_and_store_crypto_data scheduled__2024-01-19T07:17:00+00:00 [queued]>
[2025-02-13T21:09:25.870+0000] {taskinstance.py:2867} INFO - Starting attempt 1 of 2
[2025-02-13T21:09:25.880+0000] {taskinstance.py:2890} INFO - Executing <Task(PythonOperator): fetch_and_store_crypto_data> on 2024-01-19 07:17:00+00:00
[2025-02-13T21:09:25.890+0000] {logging_mixin.py:190} WARNING - /home/***/.local/lib/python3.12/site-packages/***/task/task_runner/standard_task_runner.py:70 DeprecationWarning: This process (pid=692) is multi-threaded, use of fork() may lead to deadlocks in the child.
[2025-02-13T21:09:25.891+0000] {standard_task_runner.py:72} INFO - Started process 693 to run task
[2025-02-13T21:09:25.890+0000] {standard_task_runner.py:104} INFO - Running: ['***', 'tasks', 'run', 'crypto_data_collection', 'fetch_and_store_crypto_data', 'scheduled__2024-01-19T07:17:00+00:00', '--job-id', '16145', '--raw', '--subdir', 'DAGS_FOLDER/crypto_dag.py', '--cfg-path', '/tmp/tmpxinn4uj8']
[2025-02-13T21:09:25.892+0000] {standard_task_runner.py:105} INFO - Job 16145: Subtask fetch_and_store_crypto_data
[2025-02-13T21:09:25.930+0000] {task_command.py:467} INFO - Running <TaskInstance: crypto_data_collection.fetch_and_store_crypto_data scheduled__2024-01-19T07:17:00+00:00 [running]> on host 7e1fe653b817
[2025-02-13T21:09:26.013+0000] {taskinstance.py:3134} INFO - Exporting env vars: AIRFLOW_CTX_DAG_OWNER='***' AIRFLOW_CTX_DAG_ID='crypto_data_collection' AIRFLOW_CTX_TASK_ID='fetch_and_store_crypto_data' AIRFLOW_CTX_EXECUTION_DATE='2024-01-19T07:17:00+00:00' AIRFLOW_CTX_TRY_NUMBER='1' AIRFLOW_CTX_DAG_RUN_ID='scheduled__2024-01-19T07:17:00+00:00'
[2025-02-13T21:09:26.014+0000] {taskinstance.py:732} INFO - ::endgroup::
[2025-02-13T21:09:26.079+0000] {logging_mixin.py:190} INFO - Données récupérées : {'bitcoin': {'usd': 96392}, 'ethereum': {'usd': 2657.7}}
[2025-02-13T21:09:26.085+0000] {logging_mixin.py:190} INFO - Données insérées dans PostgreSQL.
[2025-02-13T21:09:26.100+0000] {logging_mixin.py:190} INFO - Données uploadées dans MinIO.
[2025-02-13T21:09:26.101+0000] {python.py:240} INFO - Done. Returned value was: None
[2025-02-13T21:09:26.107+0000] {taskinstance.py:341} INFO - ::group::Post task execution logs
[2025-02-13T21:09:26.107+0000] {taskinstance.py:353} INFO - Marking task as SUCCESS. dag_id=crypto_data_collection, task_id=fetch_and_store_crypto_data, run_id=scheduled__2024-01-19T07:17:00+00:00, execution_date=20240119T071700, start_date=20250213T210925, end_date=20250213T210926
[2025-02-13T21:09:26.146+0000] {local_task_job_runner.py:266} INFO - Task exited with return code 0
[2025-02-13T21:09:26.156+0000] {taskinstance.py:3901} INFO - 0 downstream tasks scheduled from follow-on schedule check
[2025-02-13T21:09:26.159+0000] {local_task_job_runner.py:245} INFO - ::endgroup::
