[2025-02-12T23:21:35.689+0000] {local_task_job_runner.py:123} INFO - ::group::Pre task execution logs
[2025-02-12T23:21:35.706+0000] {taskinstance.py:2614} INFO - Dependencies all met for dep_context=non-requeueable deps ti=<TaskInstance: crypto_data_collection.fetch_and_store_crypto_data scheduled__2023-10-08T13:53:00+00:00 [queued]>
[2025-02-12T23:21:35.715+0000] {taskinstance.py:2614} INFO - Dependencies all met for dep_context=requeueable deps ti=<TaskInstance: crypto_data_collection.fetch_and_store_crypto_data scheduled__2023-10-08T13:53:00+00:00 [queued]>
[2025-02-12T23:21:35.715+0000] {taskinstance.py:2867} INFO - Starting attempt 1 of 2
[2025-02-12T23:21:35.739+0000] {taskinstance.py:2890} INFO - Executing <Task(PythonOperator): fetch_and_store_crypto_data> on 2023-10-08 13:53:00+00:00
[2025-02-12T23:21:35.750+0000] {logging_mixin.py:190} WARNING - /home/***/.local/lib/python3.12/site-packages/***/task/task_runner/standard_task_runner.py:70 DeprecationWarning: This process (pid=33955) is multi-threaded, use of fork() may lead to deadlocks in the child.
[2025-02-12T23:21:35.751+0000] {standard_task_runner.py:72} INFO - Started process 33960 to run task
[2025-02-12T23:21:35.750+0000] {standard_task_runner.py:104} INFO - Running: ['***', 'tasks', 'run', 'crypto_data_collection', 'fetch_and_store_crypto_data', 'scheduled__2023-10-08T13:53:00+00:00', '--job-id', '11463', '--raw', '--subdir', 'DAGS_FOLDER/crypto_dag.py', '--cfg-path', '/tmp/tmp0vuzrk05']
[2025-02-12T23:21:35.753+0000] {standard_task_runner.py:105} INFO - Job 11463: Subtask fetch_and_store_crypto_data
[2025-02-12T23:21:35.804+0000] {task_command.py:467} INFO - Running <TaskInstance: crypto_data_collection.fetch_and_store_crypto_data scheduled__2023-10-08T13:53:00+00:00 [running]> on host be7ba0dd3a47
[2025-02-12T23:21:35.906+0000] {taskinstance.py:3134} INFO - Exporting env vars: AIRFLOW_CTX_DAG_OWNER='***' AIRFLOW_CTX_DAG_ID='crypto_data_collection' AIRFLOW_CTX_TASK_ID='fetch_and_store_crypto_data' AIRFLOW_CTX_EXECUTION_DATE='2023-10-08T13:53:00+00:00' AIRFLOW_CTX_TRY_NUMBER='1' AIRFLOW_CTX_DAG_RUN_ID='scheduled__2023-10-08T13:53:00+00:00'
[2025-02-12T23:21:35.907+0000] {taskinstance.py:732} INFO - ::endgroup::
[2025-02-12T23:21:36.017+0000] {logging_mixin.py:190} INFO - Données récupérées : {'Response': 'Error', 'Message': 'You are over your rate limit please upgrade your account!', 'HasWarning': False, 'Type': 99, 'RateLimit': {'calls_made': {'second': 1, 'minute': 65, 'hour': 2735, 'day': 10940, 'month': 10940, 'total_calls': 10940}, 'max_calls': {'second': 20, 'minute': 300, 'hour': 3000, 'day': 7500, 'month': 11000}}, 'Data': {}}
[2025-02-12T23:21:36.021+0000] {logging_mixin.py:190} INFO - Erreur lors de l'insertion dans PostgreSQL : string indices must be integers, not 'str'
[2025-02-12T23:21:36.033+0000] {logging_mixin.py:190} INFO - Données uploadées dans MinIO.
[2025-02-12T23:21:36.034+0000] {python.py:240} INFO - Done. Returned value was: None
[2025-02-12T23:21:36.045+0000] {taskinstance.py:341} INFO - ::group::Post task execution logs
[2025-02-12T23:21:36.046+0000] {taskinstance.py:353} INFO - Marking task as SUCCESS. dag_id=crypto_data_collection, task_id=fetch_and_store_crypto_data, run_id=scheduled__2023-10-08T13:53:00+00:00, execution_date=20231008T135300, start_date=20250212T232135, end_date=20250212T232136
[2025-02-12T23:21:36.127+0000] {local_task_job_runner.py:266} INFO - Task exited with return code 0
[2025-02-12T23:21:36.146+0000] {taskinstance.py:3901} INFO - 0 downstream tasks scheduled from follow-on schedule check
[2025-02-12T23:21:36.150+0000] {local_task_job_runner.py:245} INFO - ::endgroup::
