[2025-02-12T22:17:52.816+0000] {local_task_job_runner.py:123} INFO - ::group::Pre task execution logs
[2025-02-12T22:17:52.830+0000] {taskinstance.py:2614} INFO - Dependencies all met for dep_context=non-requeueable deps ti=<TaskInstance: crypto_data_collection.fetch_and_store_crypto_data scheduled__2023-10-02T23:35:00+00:00 [queued]>
[2025-02-12T22:17:52.837+0000] {taskinstance.py:2614} INFO - Dependencies all met for dep_context=requeueable deps ti=<TaskInstance: crypto_data_collection.fetch_and_store_crypto_data scheduled__2023-10-02T23:35:00+00:00 [queued]>
[2025-02-12T22:17:52.837+0000] {taskinstance.py:2867} INFO - Starting attempt 1 of 2
[2025-02-12T22:17:52.891+0000] {taskinstance.py:2890} INFO - Executing <Task(PythonOperator): fetch_and_store_crypto_data> on 2023-10-02 23:35:00+00:00
[2025-02-12T22:17:52.898+0000] {logging_mixin.py:190} WARNING - /home/***/.local/lib/python3.12/site-packages/***/task/task_runner/standard_task_runner.py:70 DeprecationWarning: This process (pid=9145) is multi-threaded, use of fork() may lead to deadlocks in the child.
[2025-02-12T22:17:52.898+0000] {standard_task_runner.py:72} INFO - Started process 9155 to run task
[2025-02-12T22:17:52.898+0000] {standard_task_runner.py:104} INFO - Running: ['***', 'tasks', 'run', 'crypto_data_collection', 'fetch_and_store_crypto_data', 'scheduled__2023-10-02T23:35:00+00:00', '--job-id', '3405', '--raw', '--subdir', 'DAGS_FOLDER/crypto_dag.py', '--cfg-path', '/tmp/tmpwtb5oosm']
[2025-02-12T22:17:52.900+0000] {standard_task_runner.py:105} INFO - Job 3405: Subtask fetch_and_store_crypto_data
[2025-02-12T22:17:52.933+0000] {task_command.py:467} INFO - Running <TaskInstance: crypto_data_collection.fetch_and_store_crypto_data scheduled__2023-10-02T23:35:00+00:00 [running]> on host be7ba0dd3a47
[2025-02-12T22:17:53.001+0000] {taskinstance.py:3134} INFO - Exporting env vars: AIRFLOW_CTX_DAG_OWNER='***' AIRFLOW_CTX_DAG_ID='crypto_data_collection' AIRFLOW_CTX_TASK_ID='fetch_and_store_crypto_data' AIRFLOW_CTX_EXECUTION_DATE='2023-10-02T23:35:00+00:00' AIRFLOW_CTX_TRY_NUMBER='1' AIRFLOW_CTX_DAG_RUN_ID='scheduled__2023-10-02T23:35:00+00:00'
[2025-02-12T22:17:53.002+0000] {taskinstance.py:732} INFO - ::endgroup::
[2025-02-12T22:17:53.098+0000] {logging_mixin.py:190} INFO - Données récupérées : {'BTC': {'USD': 97450.98}, 'ETH': {'USD': 2680.13}}
[2025-02-12T22:17:53.103+0000] {logging_mixin.py:190} INFO - Données insérées dans PostgreSQL.
[2025-02-12T22:17:53.111+0000] {logging_mixin.py:190} INFO - Données uploadées dans MinIO.
[2025-02-12T22:17:53.112+0000] {python.py:240} INFO - Done. Returned value was: None
[2025-02-12T22:17:53.118+0000] {taskinstance.py:341} INFO - ::group::Post task execution logs
[2025-02-12T22:17:53.118+0000] {taskinstance.py:353} INFO - Marking task as SUCCESS. dag_id=crypto_data_collection, task_id=fetch_and_store_crypto_data, run_id=scheduled__2023-10-02T23:35:00+00:00, execution_date=20231002T233500, start_date=20250212T221752, end_date=20250212T221753
[2025-02-12T22:17:53.152+0000] {local_task_job_runner.py:266} INFO - Task exited with return code 0
[2025-02-12T22:17:53.165+0000] {taskinstance.py:3901} INFO - 0 downstream tasks scheduled from follow-on schedule check
[2025-02-12T22:17:53.167+0000] {local_task_job_runner.py:245} INFO - ::endgroup::
