[2025-02-12T23:32:19.999+0000] {local_task_job_runner.py:123} INFO - ::group::Pre task execution logs
[2025-02-12T23:32:20.025+0000] {taskinstance.py:2614} INFO - Dependencies all met for dep_context=non-requeueable deps ti=<TaskInstance: crypto_data_collection.fetch_and_store_crypto_data scheduled__2023-10-09T13:29:00+00:00 [queued]>
[2025-02-12T23:32:20.039+0000] {taskinstance.py:2614} INFO - Dependencies all met for dep_context=requeueable deps ti=<TaskInstance: crypto_data_collection.fetch_and_store_crypto_data scheduled__2023-10-09T13:29:00+00:00 [queued]>
[2025-02-12T23:32:20.039+0000] {taskinstance.py:2867} INFO - Starting attempt 1 of 2
[2025-02-12T23:32:20.102+0000] {taskinstance.py:2890} INFO - Executing <Task(PythonOperator): fetch_and_store_crypto_data> on 2023-10-09 13:29:00+00:00
[2025-02-12T23:32:20.112+0000] {logging_mixin.py:190} WARNING - /home/***/.local/lib/python3.12/site-packages/***/task/task_runner/standard_task_runner.py:70 DeprecationWarning: This process (pid=38300) is multi-threaded, use of fork() may lead to deadlocks in the child.
[2025-02-12T23:32:20.114+0000] {standard_task_runner.py:72} INFO - Started process 38315 to run task
[2025-02-12T23:32:20.112+0000] {standard_task_runner.py:104} INFO - Running: ['***', 'tasks', 'run', 'crypto_data_collection', 'fetch_and_store_crypto_data', 'scheduled__2023-10-09T13:29:00+00:00', '--job-id', '12879', '--raw', '--subdir', 'DAGS_FOLDER/crypto_dag.py', '--cfg-path', '/tmp/tmppc9yx_3w']
[2025-02-12T23:32:20.114+0000] {standard_task_runner.py:105} INFO - Job 12879: Subtask fetch_and_store_crypto_data
[2025-02-12T23:32:20.168+0000] {task_command.py:467} INFO - Running <TaskInstance: crypto_data_collection.fetch_and_store_crypto_data scheduled__2023-10-09T13:29:00+00:00 [running]> on host be7ba0dd3a47
[2025-02-12T23:32:20.261+0000] {taskinstance.py:3134} INFO - Exporting env vars: AIRFLOW_CTX_DAG_OWNER='***' AIRFLOW_CTX_DAG_ID='crypto_data_collection' AIRFLOW_CTX_TASK_ID='fetch_and_store_crypto_data' AIRFLOW_CTX_EXECUTION_DATE='2023-10-09T13:29:00+00:00' AIRFLOW_CTX_TRY_NUMBER='1' AIRFLOW_CTX_DAG_RUN_ID='scheduled__2023-10-09T13:29:00+00:00'
[2025-02-12T23:32:20.262+0000] {taskinstance.py:732} INFO - ::endgroup::
[2025-02-12T23:32:20.371+0000] {logging_mixin.py:190} INFO - Données récupérées : {'Response': 'Error', 'Message': 'You are over your rate limit please upgrade your account!', 'HasWarning': False, 'Type': 99, 'RateLimit': {'calls_made': {'second': 3, 'minute': 34, 'hour': 4150, 'day': 12355, 'month': 12355, 'total_calls': 12355}, 'max_calls': {'second': 20, 'minute': 300, 'hour': 3000, 'day': 7500, 'month': 11000}}, 'Data': {}}
[2025-02-12T23:32:20.374+0000] {logging_mixin.py:190} INFO - Erreur lors de l'insertion dans PostgreSQL : string indices must be integers, not 'str'
[2025-02-12T23:32:20.389+0000] {logging_mixin.py:190} INFO - Données uploadées dans MinIO.
[2025-02-12T23:32:20.390+0000] {python.py:240} INFO - Done. Returned value was: None
[2025-02-12T23:32:20.405+0000] {taskinstance.py:341} INFO - ::group::Post task execution logs
[2025-02-12T23:32:20.406+0000] {taskinstance.py:353} INFO - Marking task as SUCCESS. dag_id=crypto_data_collection, task_id=fetch_and_store_crypto_data, run_id=scheduled__2023-10-09T13:29:00+00:00, execution_date=20231009T132900, start_date=20250212T233220, end_date=20250212T233220
[2025-02-12T23:32:20.448+0000] {local_task_job_runner.py:266} INFO - Task exited with return code 0
[2025-02-12T23:32:20.464+0000] {taskinstance.py:3901} INFO - 0 downstream tasks scheduled from follow-on schedule check
[2025-02-12T23:32:20.467+0000] {local_task_job_runner.py:245} INFO - ::endgroup::
