[2025-02-13T21:40:09.643+0000] {local_task_job_runner.py:123} INFO - ::group::Pre task execution logs
[2025-02-13T21:40:09.659+0000] {taskinstance.py:2614} INFO - Dependencies all met for dep_context=non-requeueable deps ti=<TaskInstance: crypto_data_collection.fetch_and_store_crypto_data scheduled__2024-08-02T04:17:00+00:00 [queued]>
[2025-02-13T21:40:09.668+0000] {taskinstance.py:2614} INFO - Dependencies all met for dep_context=requeueable deps ti=<TaskInstance: crypto_data_collection.fetch_and_store_crypto_data scheduled__2024-08-02T04:17:00+00:00 [queued]>
[2025-02-13T21:40:09.669+0000] {taskinstance.py:2867} INFO - Starting attempt 1 of 2
[2025-02-13T21:40:09.684+0000] {taskinstance.py:2890} INFO - Executing <Task(PythonOperator): fetch_and_store_crypto_data> on 2024-08-02 04:17:00+00:00
[2025-02-13T21:40:09.697+0000] {logging_mixin.py:190} WARNING - /home/***/.local/lib/python3.12/site-packages/***/task/task_runner/standard_task_runner.py:70 DeprecationWarning: This process (pid=15089) is multi-threaded, use of fork() may lead to deadlocks in the child.
[2025-02-13T21:40:09.699+0000] {standard_task_runner.py:72} INFO - Started process 15098 to run task
[2025-02-13T21:40:09.698+0000] {standard_task_runner.py:104} INFO - Running: ['***', 'tasks', 'run', 'crypto_data_collection', 'fetch_and_store_crypto_data', 'scheduled__2024-08-02T04:17:00+00:00', '--job-id', '20846', '--raw', '--subdir', 'DAGS_FOLDER/crypto_dag.py', '--cfg-path', '/tmp/tmpn2rjmdvs']
[2025-02-13T21:40:09.701+0000] {standard_task_runner.py:105} INFO - Job 20846: Subtask fetch_and_store_crypto_data
[2025-02-13T21:40:09.746+0000] {task_command.py:467} INFO - Running <TaskInstance: crypto_data_collection.fetch_and_store_crypto_data scheduled__2024-08-02T04:17:00+00:00 [running]> on host 7e1fe653b817
[2025-02-13T21:40:09.847+0000] {taskinstance.py:3134} INFO - Exporting env vars: AIRFLOW_CTX_DAG_OWNER='***' AIRFLOW_CTX_DAG_ID='crypto_data_collection' AIRFLOW_CTX_TASK_ID='fetch_and_store_crypto_data' AIRFLOW_CTX_EXECUTION_DATE='2024-08-02T04:17:00+00:00' AIRFLOW_CTX_TRY_NUMBER='1' AIRFLOW_CTX_DAG_RUN_ID='scheduled__2024-08-02T04:17:00+00:00'
[2025-02-13T21:40:09.847+0000] {taskinstance.py:732} INFO - ::endgroup::
[2025-02-13T21:40:09.931+0000] {logging_mixin.py:190} INFO - Données récupérées : {'bitcoin': {'usd': 96671}, 'ethereum': {'usd': 2668.85}}
[2025-02-13T21:40:09.941+0000] {logging_mixin.py:190} INFO - Données insérées dans PostgreSQL.
[2025-02-13T21:40:09.953+0000] {logging_mixin.py:190} INFO - Données uploadées dans MinIO.
[2025-02-13T21:40:09.955+0000] {python.py:240} INFO - Done. Returned value was: None
[2025-02-13T21:40:09.964+0000] {taskinstance.py:341} INFO - ::group::Post task execution logs
[2025-02-13T21:40:09.964+0000] {taskinstance.py:353} INFO - Marking task as SUCCESS. dag_id=crypto_data_collection, task_id=fetch_and_store_crypto_data, run_id=scheduled__2024-08-02T04:17:00+00:00, execution_date=20240802T041700, start_date=20250213T214009, end_date=20250213T214009
[2025-02-13T21:40:10.035+0000] {local_task_job_runner.py:266} INFO - Task exited with return code 0
[2025-02-13T21:40:10.054+0000] {taskinstance.py:3901} INFO - 0 downstream tasks scheduled from follow-on schedule check
[2025-02-13T21:40:10.057+0000] {local_task_job_runner.py:245} INFO - ::endgroup::
