[2025-02-12T22:34:19.008+0000] {local_task_job_runner.py:123} INFO - ::group::Pre task execution logs
[2025-02-12T22:34:19.020+0000] {taskinstance.py:2614} INFO - Dependencies all met for dep_context=non-requeueable deps ti=<TaskInstance: crypto_data_collection.fetch_and_store_crypto_data scheduled__2023-10-04T09:12:00+00:00 [queued]>
[2025-02-12T22:34:19.029+0000] {taskinstance.py:2614} INFO - Dependencies all met for dep_context=requeueable deps ti=<TaskInstance: crypto_data_collection.fetch_and_store_crypto_data scheduled__2023-10-04T09:12:00+00:00 [queued]>
[2025-02-12T22:34:19.030+0000] {taskinstance.py:2867} INFO - Starting attempt 1 of 2
[2025-02-12T22:34:19.047+0000] {taskinstance.py:2890} INFO - Executing <Task(PythonOperator): fetch_and_store_crypto_data> on 2023-10-04 09:12:00+00:00
[2025-02-12T22:34:19.055+0000] {logging_mixin.py:190} WARNING - /home/***/.local/lib/python3.12/site-packages/***/task/task_runner/standard_task_runner.py:70 DeprecationWarning: This process (pid=15359) is multi-threaded, use of fork() may lead to deadlocks in the child.
[2025-02-12T22:34:19.056+0000] {standard_task_runner.py:72} INFO - Started process 15371 to run task
[2025-02-12T22:34:19.055+0000] {standard_task_runner.py:104} INFO - Running: ['***', 'tasks', 'run', 'crypto_data_collection', 'fetch_and_store_crypto_data', 'scheduled__2023-10-04T09:12:00+00:00', '--job-id', '5422', '--raw', '--subdir', 'DAGS_FOLDER/crypto_dag.py', '--cfg-path', '/tmp/tmpb7wytmxy']
[2025-02-12T22:34:19.057+0000] {standard_task_runner.py:105} INFO - Job 5422: Subtask fetch_and_store_crypto_data
[2025-02-12T22:34:19.088+0000] {task_command.py:467} INFO - Running <TaskInstance: crypto_data_collection.fetch_and_store_crypto_data scheduled__2023-10-04T09:12:00+00:00 [running]> on host be7ba0dd3a47
[2025-02-12T22:34:19.158+0000] {taskinstance.py:3134} INFO - Exporting env vars: AIRFLOW_CTX_DAG_OWNER='***' AIRFLOW_CTX_DAG_ID='crypto_data_collection' AIRFLOW_CTX_TASK_ID='fetch_and_store_crypto_data' AIRFLOW_CTX_EXECUTION_DATE='2023-10-04T09:12:00+00:00' AIRFLOW_CTX_TRY_NUMBER='1' AIRFLOW_CTX_DAG_RUN_ID='scheduled__2023-10-04T09:12:00+00:00'
[2025-02-12T22:34:19.159+0000] {taskinstance.py:732} INFO - ::endgroup::
[2025-02-12T22:34:21.400+0000] {logging_mixin.py:190} INFO - Données récupérées : {'Response': 'Error', 'Message': 'You are over your rate limit please upgrade your account!', 'HasWarning': False, 'Type': 99, 'RateLimit': {'calls_made': {'second': 1, 'minute': 50, 'hour': 4009, 'day': 4903, 'month': 4903, 'total_calls': 4903}, 'max_calls': {'second': 20, 'minute': 300, 'hour': 3000, 'day': 7500, 'month': 11000}}, 'Data': {}}
[2025-02-12T22:34:21.407+0000] {logging_mixin.py:190} INFO - Erreur lors de l'insertion dans PostgreSQL : string indices must be integers, not 'str'
[2025-02-12T22:34:21.422+0000] {logging_mixin.py:190} INFO - Données uploadées dans MinIO.
[2025-02-12T22:34:21.422+0000] {python.py:240} INFO - Done. Returned value was: None
[2025-02-12T22:34:21.428+0000] {taskinstance.py:341} INFO - ::group::Post task execution logs
[2025-02-12T22:34:21.428+0000] {taskinstance.py:353} INFO - Marking task as SUCCESS. dag_id=crypto_data_collection, task_id=fetch_and_store_crypto_data, run_id=scheduled__2023-10-04T09:12:00+00:00, execution_date=20231004T091200, start_date=20250212T223419, end_date=20250212T223421
[2025-02-12T22:34:21.484+0000] {local_task_job_runner.py:266} INFO - Task exited with return code 0
[2025-02-12T22:34:21.519+0000] {taskinstance.py:3901} INFO - 0 downstream tasks scheduled from follow-on schedule check
[2025-02-12T22:34:21.523+0000] {local_task_job_runner.py:245} INFO - ::endgroup::
