[2025-02-12T21:08:52.561+0000] {local_task_job_runner.py:123} INFO - ::group::Pre task execution logs
[2025-02-12T21:08:52.583+0000] {taskinstance.py:2614} INFO - Dependencies all met for dep_context=non-requeueable deps ti=<TaskInstance: crypto_flow.analyze_crypto_data scheduled__2025-02-12T16:00:00+00:00 [queued]>
[2025-02-12T21:08:52.592+0000] {taskinstance.py:2614} INFO - Dependencies all met for dep_context=requeueable deps ti=<TaskInstance: crypto_flow.analyze_crypto_data scheduled__2025-02-12T16:00:00+00:00 [queued]>
[2025-02-12T21:08:52.592+0000] {taskinstance.py:2867} INFO - Starting attempt 1 of 2
[2025-02-12T21:08:52.611+0000] {taskinstance.py:2890} INFO - Executing <Task(PythonOperator): analyze_crypto_data> on 2025-02-12 16:00:00+00:00
[2025-02-12T21:08:52.617+0000] {logging_mixin.py:190} WARNING - /home/***/.local/lib/python3.12/site-packages/***/task/task_runner/standard_task_runner.py:70 DeprecationWarning: This process (pid=2194) is multi-threaded, use of fork() may lead to deadlocks in the child.
[2025-02-12T21:08:52.618+0000] {standard_task_runner.py:72} INFO - Started process 2198 to run task
[2025-02-12T21:08:52.617+0000] {standard_task_runner.py:104} INFO - Running: ['***', 'tasks', 'run', 'crypto_flow', 'analyze_crypto_data', 'scheduled__2025-02-12T16:00:00+00:00', '--job-id', '539', '--raw', '--subdir', 'DAGS_FOLDER/crypto_dag.py', '--cfg-path', '/tmp/tmpk54s4ibs']
[2025-02-12T21:08:52.618+0000] {standard_task_runner.py:105} INFO - Job 539: Subtask analyze_crypto_data
[2025-02-12T21:08:52.650+0000] {task_command.py:467} INFO - Running <TaskInstance: crypto_flow.analyze_crypto_data scheduled__2025-02-12T16:00:00+00:00 [running]> on host 3c24d57f5cd3
[2025-02-12T21:08:52.720+0000] {taskinstance.py:3134} INFO - Exporting env vars: AIRFLOW_CTX_DAG_OWNER='***' AIRFLOW_CTX_DAG_ID='crypto_flow' AIRFLOW_CTX_TASK_ID='analyze_crypto_data' AIRFLOW_CTX_EXECUTION_DATE='2025-02-12T16:00:00+00:00' AIRFLOW_CTX_TRY_NUMBER='1' AIRFLOW_CTX_DAG_RUN_ID='scheduled__2025-02-12T16:00:00+00:00'
[2025-02-12T21:08:52.720+0000] {taskinstance.py:732} INFO - ::endgroup::
[2025-02-12T21:08:52.736+0000] {logging_mixin.py:190} INFO - Crypto: BTC, Prix moyen (USD) sur la dernière heure : 97050.967500000000
[2025-02-12T21:08:52.736+0000] {logging_mixin.py:190} INFO - Crypto: ETH, Prix moyen (USD) sur la dernière heure : 2680.3985000000000000
[2025-02-12T21:08:52.737+0000] {python.py:240} INFO - Done. Returned value was: None
[2025-02-12T21:08:52.743+0000] {taskinstance.py:341} INFO - ::group::Post task execution logs
[2025-02-12T21:08:52.743+0000] {taskinstance.py:353} INFO - Marking task as SUCCESS. dag_id=crypto_flow, task_id=analyze_crypto_data, run_id=scheduled__2025-02-12T16:00:00+00:00, execution_date=20250212T160000, start_date=20250212T210852, end_date=20250212T210852
[2025-02-12T21:08:52.791+0000] {local_task_job_runner.py:266} INFO - Task exited with return code 0
[2025-02-12T21:08:52.803+0000] {taskinstance.py:3901} INFO - 0 downstream tasks scheduled from follow-on schedule check
[2025-02-12T21:08:52.806+0000] {local_task_job_runner.py:245} INFO - ::endgroup::
