[2025-02-12T22:24:18.895+0000] {local_task_job_runner.py:123} INFO - ::group::Pre task execution logs
[2025-02-12T22:24:18.911+0000] {taskinstance.py:2614} INFO - Dependencies all met for dep_context=non-requeueable deps ti=<TaskInstance: crypto_data_collection.fetch_and_store_crypto_data scheduled__2023-10-03T12:33:00+00:00 [queued]>
[2025-02-12T22:24:18.918+0000] {taskinstance.py:2614} INFO - Dependencies all met for dep_context=requeueable deps ti=<TaskInstance: crypto_data_collection.fetch_and_store_crypto_data scheduled__2023-10-03T12:33:00+00:00 [queued]>
[2025-02-12T22:24:18.919+0000] {taskinstance.py:2867} INFO - Starting attempt 1 of 2
[2025-02-12T22:24:18.931+0000] {taskinstance.py:2890} INFO - Executing <Task(PythonOperator): fetch_and_store_crypto_data> on 2023-10-03 12:33:00+00:00
[2025-02-12T22:24:18.937+0000] {logging_mixin.py:190} WARNING - /home/***/.local/lib/python3.12/site-packages/***/task/task_runner/standard_task_runner.py:70 DeprecationWarning: This process (pid=11544) is multi-threaded, use of fork() may lead to deadlocks in the child.
[2025-02-12T22:24:18.937+0000] {standard_task_runner.py:72} INFO - Started process 11554 to run task
[2025-02-12T22:24:18.937+0000] {standard_task_runner.py:104} INFO - Running: ['***', 'tasks', 'run', 'crypto_data_collection', 'fetch_and_store_crypto_data', 'scheduled__2023-10-03T12:33:00+00:00', '--job-id', '4183', '--raw', '--subdir', 'DAGS_FOLDER/crypto_dag.py', '--cfg-path', '/tmp/tmpay7em36m']
[2025-02-12T22:24:18.939+0000] {standard_task_runner.py:105} INFO - Job 4183: Subtask fetch_and_store_crypto_data
[2025-02-12T22:24:18.971+0000] {task_command.py:467} INFO - Running <TaskInstance: crypto_data_collection.fetch_and_store_crypto_data scheduled__2023-10-03T12:33:00+00:00 [running]> on host be7ba0dd3a47
[2025-02-12T22:24:19.040+0000] {taskinstance.py:3134} INFO - Exporting env vars: AIRFLOW_CTX_DAG_OWNER='***' AIRFLOW_CTX_DAG_ID='crypto_data_collection' AIRFLOW_CTX_TASK_ID='fetch_and_store_crypto_data' AIRFLOW_CTX_EXECUTION_DATE='2023-10-03T12:33:00+00:00' AIRFLOW_CTX_TRY_NUMBER='1' AIRFLOW_CTX_DAG_RUN_ID='scheduled__2023-10-03T12:33:00+00:00'
[2025-02-12T22:24:19.041+0000] {taskinstance.py:732} INFO - ::endgroup::
[2025-02-12T22:24:19.180+0000] {logging_mixin.py:190} INFO - Données récupérées : {'BTC': {'USD': 97872.25}, 'ETH': {'USD': 2732.31}}
[2025-02-12T22:24:19.186+0000] {logging_mixin.py:190} INFO - Données insérées dans PostgreSQL.
[2025-02-12T22:24:19.200+0000] {logging_mixin.py:190} INFO - Données uploadées dans MinIO.
[2025-02-12T22:24:19.201+0000] {python.py:240} INFO - Done. Returned value was: None
[2025-02-12T22:24:19.209+0000] {taskinstance.py:341} INFO - ::group::Post task execution logs
[2025-02-12T22:24:19.210+0000] {taskinstance.py:353} INFO - Marking task as SUCCESS. dag_id=crypto_data_collection, task_id=fetch_and_store_crypto_data, run_id=scheduled__2023-10-03T12:33:00+00:00, execution_date=20231003T123300, start_date=20250212T222418, end_date=20250212T222419
[2025-02-12T22:24:19.311+0000] {local_task_job_runner.py:266} INFO - Task exited with return code 0
[2025-02-12T22:24:19.323+0000] {taskinstance.py:3901} INFO - 0 downstream tasks scheduled from follow-on schedule check
[2025-02-12T22:24:19.326+0000] {local_task_job_runner.py:245} INFO - ::endgroup::
