[2025-02-12T23:32:16.837+0000] {local_task_job_runner.py:123} INFO - ::group::Pre task execution logs
[2025-02-12T23:32:16.856+0000] {taskinstance.py:2614} INFO - Dependencies all met for dep_context=non-requeueable deps ti=<TaskInstance: crypto_data_collection.fetch_and_store_crypto_data scheduled__2023-10-09T13:20:00+00:00 [queued]>
[2025-02-12T23:32:16.866+0000] {taskinstance.py:2614} INFO - Dependencies all met for dep_context=requeueable deps ti=<TaskInstance: crypto_data_collection.fetch_and_store_crypto_data scheduled__2023-10-09T13:20:00+00:00 [queued]>
[2025-02-12T23:32:16.867+0000] {taskinstance.py:2867} INFO - Starting attempt 1 of 2
[2025-02-12T23:32:16.887+0000] {taskinstance.py:2890} INFO - Executing <Task(PythonOperator): fetch_and_store_crypto_data> on 2023-10-09 13:20:00+00:00
[2025-02-12T23:32:16.902+0000] {logging_mixin.py:190} WARNING - /home/***/.local/lib/python3.12/site-packages/***/task/task_runner/standard_task_runner.py:70 DeprecationWarning: This process (pid=38275) is multi-threaded, use of fork() may lead to deadlocks in the child.
[2025-02-12T23:32:16.904+0000] {standard_task_runner.py:72} INFO - Started process 38285 to run task
[2025-02-12T23:32:16.902+0000] {standard_task_runner.py:104} INFO - Running: ['***', 'tasks', 'run', 'crypto_data_collection', 'fetch_and_store_crypto_data', 'scheduled__2023-10-09T13:20:00+00:00', '--job-id', '12870', '--raw', '--subdir', 'DAGS_FOLDER/crypto_dag.py', '--cfg-path', '/tmp/tmp91f6dk3r']
[2025-02-12T23:32:16.904+0000] {standard_task_runner.py:105} INFO - Job 12870: Subtask fetch_and_store_crypto_data
[2025-02-12T23:32:16.952+0000] {task_command.py:467} INFO - Running <TaskInstance: crypto_data_collection.fetch_and_store_crypto_data scheduled__2023-10-09T13:20:00+00:00 [running]> on host be7ba0dd3a47
[2025-02-12T23:32:17.052+0000] {taskinstance.py:3134} INFO - Exporting env vars: AIRFLOW_CTX_DAG_OWNER='***' AIRFLOW_CTX_DAG_ID='crypto_data_collection' AIRFLOW_CTX_TASK_ID='fetch_and_store_crypto_data' AIRFLOW_CTX_EXECUTION_DATE='2023-10-09T13:20:00+00:00' AIRFLOW_CTX_TRY_NUMBER='1' AIRFLOW_CTX_DAG_RUN_ID='scheduled__2023-10-09T13:20:00+00:00'
[2025-02-12T23:32:17.053+0000] {taskinstance.py:732} INFO - ::endgroup::
[2025-02-12T23:32:17.167+0000] {logging_mixin.py:190} INFO - Données récupérées : {'Response': 'Error', 'Message': 'You are over your rate limit please upgrade your account!', 'HasWarning': False, 'Type': 99, 'RateLimit': {'calls_made': {'second': 3, 'minute': 26, 'hour': 4142, 'day': 12347, 'month': 12347, 'total_calls': 12347}, 'max_calls': {'second': 20, 'minute': 300, 'hour': 3000, 'day': 7500, 'month': 11000}}, 'Data': {}}
[2025-02-12T23:32:17.170+0000] {logging_mixin.py:190} INFO - Erreur lors de l'insertion dans PostgreSQL : string indices must be integers, not 'str'
[2025-02-12T23:32:17.188+0000] {logging_mixin.py:190} INFO - Données uploadées dans MinIO.
[2025-02-12T23:32:17.188+0000] {python.py:240} INFO - Done. Returned value was: None
[2025-02-12T23:32:17.196+0000] {taskinstance.py:341} INFO - ::group::Post task execution logs
[2025-02-12T23:32:17.196+0000] {taskinstance.py:353} INFO - Marking task as SUCCESS. dag_id=crypto_data_collection, task_id=fetch_and_store_crypto_data, run_id=scheduled__2023-10-09T13:20:00+00:00, execution_date=20231009T132000, start_date=20250212T233216, end_date=20250212T233217
[2025-02-12T23:32:17.238+0000] {local_task_job_runner.py:266} INFO - Task exited with return code 0
[2025-02-12T23:32:17.250+0000] {taskinstance.py:3901} INFO - 0 downstream tasks scheduled from follow-on schedule check
[2025-02-12T23:32:17.252+0000] {local_task_job_runner.py:245} INFO - ::endgroup::
