[2025-02-12T22:00:22.314+0000] {local_task_job_runner.py:123} INFO - ::group::Pre task execution logs
[2025-02-12T22:00:22.331+0000] {taskinstance.py:2614} INFO - Dependencies all met for dep_context=non-requeueable deps ti=<TaskInstance: crypto_data_collection.fetch_and_store_crypto_data scheduled__2023-10-01T15:04:00+00:00 [queued]>
[2025-02-12T22:00:22.340+0000] {taskinstance.py:2614} INFO - Dependencies all met for dep_context=requeueable deps ti=<TaskInstance: crypto_data_collection.fetch_and_store_crypto_data scheduled__2023-10-01T15:04:00+00:00 [queued]>
[2025-02-12T22:00:22.340+0000] {taskinstance.py:2867} INFO - Starting attempt 1 of 2
[2025-02-12T22:00:22.380+0000] {taskinstance.py:2890} INFO - Executing <Task(PythonOperator): fetch_and_store_crypto_data> on 2023-10-01 15:04:00+00:00
[2025-02-12T22:00:22.392+0000] {logging_mixin.py:190} WARNING - /home/***/.local/lib/python3.12/site-packages/***/task/task_runner/standard_task_runner.py:70 DeprecationWarning: This process (pid=3122) is multi-threaded, use of fork() may lead to deadlocks in the child.
[2025-02-12T22:00:22.393+0000] {standard_task_runner.py:72} INFO - Started process 3132 to run task
[2025-02-12T22:00:22.392+0000] {standard_task_runner.py:104} INFO - Running: ['***', 'tasks', 'run', 'crypto_data_collection', 'fetch_and_store_crypto_data', 'scheduled__2023-10-01T15:04:00+00:00', '--job-id', '1454', '--raw', '--subdir', 'DAGS_FOLDER/crypto_dag.py', '--cfg-path', '/tmp/tmp1y24y1ik']
[2025-02-12T22:00:22.395+0000] {standard_task_runner.py:105} INFO - Job 1454: Subtask fetch_and_store_crypto_data
[2025-02-12T22:00:22.449+0000] {task_command.py:467} INFO - Running <TaskInstance: crypto_data_collection.fetch_and_store_crypto_data scheduled__2023-10-01T15:04:00+00:00 [running]> on host be7ba0dd3a47
[2025-02-12T22:00:22.540+0000] {taskinstance.py:3134} INFO - Exporting env vars: AIRFLOW_CTX_DAG_OWNER='***' AIRFLOW_CTX_DAG_ID='crypto_data_collection' AIRFLOW_CTX_TASK_ID='fetch_and_store_crypto_data' AIRFLOW_CTX_EXECUTION_DATE='2023-10-01T15:04:00+00:00' AIRFLOW_CTX_TRY_NUMBER='1' AIRFLOW_CTX_DAG_RUN_ID='scheduled__2023-10-01T15:04:00+00:00'
[2025-02-12T22:00:22.541+0000] {taskinstance.py:732} INFO - ::endgroup::
[2025-02-12T22:00:23.417+0000] {logging_mixin.py:190} INFO - Données récupérées : {'BTC': {'USD': 97677.08}, 'ETH': {'USD': 2683.06}}
[2025-02-12T22:00:23.430+0000] {logging_mixin.py:190} INFO - Données insérées dans PostgreSQL.
[2025-02-12T22:00:23.445+0000] {logging_mixin.py:190} INFO - Données uploadées dans MinIO.
[2025-02-12T22:00:23.445+0000] {python.py:240} INFO - Done. Returned value was: None
[2025-02-12T22:00:23.451+0000] {taskinstance.py:341} INFO - ::group::Post task execution logs
[2025-02-12T22:00:23.452+0000] {taskinstance.py:353} INFO - Marking task as SUCCESS. dag_id=crypto_data_collection, task_id=fetch_and_store_crypto_data, run_id=scheduled__2023-10-01T15:04:00+00:00, execution_date=20231001T150400, start_date=20250212T220022, end_date=20250212T220023
[2025-02-12T22:00:23.492+0000] {local_task_job_runner.py:266} INFO - Task exited with return code 0
[2025-02-12T22:00:23.511+0000] {taskinstance.py:3901} INFO - 0 downstream tasks scheduled from follow-on schedule check
[2025-02-12T22:00:23.516+0000] {local_task_job_runner.py:245} INFO - ::endgroup::
