[2025-02-13T21:32:02.246+0000] {local_task_job_runner.py:123} INFO - ::group::Pre task execution logs
[2025-02-13T21:32:02.260+0000] {taskinstance.py:2614} INFO - Dependencies all met for dep_context=non-requeueable deps ti=<TaskInstance: crypto_data_collection.fetch_and_store_crypto_data scheduled__2024-06-12T01:17:00+00:00 [queued]>
[2025-02-13T21:32:02.267+0000] {taskinstance.py:2614} INFO - Dependencies all met for dep_context=requeueable deps ti=<TaskInstance: crypto_data_collection.fetch_and_store_crypto_data scheduled__2024-06-12T01:17:00+00:00 [queued]>
[2025-02-13T21:32:02.267+0000] {taskinstance.py:2867} INFO - Starting attempt 1 of 2
[2025-02-13T21:32:02.290+0000] {taskinstance.py:2890} INFO - Executing <Task(PythonOperator): fetch_and_store_crypto_data> on 2024-06-12 01:17:00+00:00
[2025-02-13T21:32:02.295+0000] {logging_mixin.py:190} WARNING - /home/***/.local/lib/python3.12/site-packages/***/task/task_runner/standard_task_runner.py:70 DeprecationWarning: This process (pid=11330) is multi-threaded, use of fork() may lead to deadlocks in the child.
[2025-02-13T21:32:02.296+0000] {standard_task_runner.py:72} INFO - Started process 11338 to run task
[2025-02-13T21:32:02.295+0000] {standard_task_runner.py:104} INFO - Running: ['***', 'tasks', 'run', 'crypto_data_collection', 'fetch_and_store_crypto_data', 'scheduled__2024-06-12T01:17:00+00:00', '--job-id', '19619', '--raw', '--subdir', 'DAGS_FOLDER/crypto_dag.py', '--cfg-path', '/tmp/tmpcje1f620']
[2025-02-13T21:32:02.297+0000] {standard_task_runner.py:105} INFO - Job 19619: Subtask fetch_and_store_crypto_data
[2025-02-13T21:32:02.329+0000] {task_command.py:467} INFO - Running <TaskInstance: crypto_data_collection.fetch_and_store_crypto_data scheduled__2024-06-12T01:17:00+00:00 [running]> on host 7e1fe653b817
[2025-02-13T21:32:02.402+0000] {taskinstance.py:3134} INFO - Exporting env vars: AIRFLOW_CTX_DAG_OWNER='***' AIRFLOW_CTX_DAG_ID='crypto_data_collection' AIRFLOW_CTX_TASK_ID='fetch_and_store_crypto_data' AIRFLOW_CTX_EXECUTION_DATE='2024-06-12T01:17:00+00:00' AIRFLOW_CTX_TRY_NUMBER='1' AIRFLOW_CTX_DAG_RUN_ID='scheduled__2024-06-12T01:17:00+00:00'
[2025-02-13T21:32:02.402+0000] {taskinstance.py:732} INFO - ::endgroup::
[2025-02-13T21:32:02.469+0000] {logging_mixin.py:190} INFO - Données récupérées : {'bitcoin': {'usd': 96491}, 'ethereum': {'usd': 2664.42}}
[2025-02-13T21:32:02.474+0000] {logging_mixin.py:190} INFO - Données insérées dans PostgreSQL.
[2025-02-13T21:32:02.488+0000] {logging_mixin.py:190} INFO - Données uploadées dans MinIO.
[2025-02-13T21:32:02.489+0000] {python.py:240} INFO - Done. Returned value was: None
[2025-02-13T21:32:02.497+0000] {taskinstance.py:341} INFO - ::group::Post task execution logs
[2025-02-13T21:32:02.497+0000] {taskinstance.py:353} INFO - Marking task as SUCCESS. dag_id=crypto_data_collection, task_id=fetch_and_store_crypto_data, run_id=scheduled__2024-06-12T01:17:00+00:00, execution_date=20240612T011700, start_date=20250213T213202, end_date=20250213T213202
[2025-02-13T21:32:02.550+0000] {local_task_job_runner.py:266} INFO - Task exited with return code 0
[2025-02-13T21:32:02.559+0000] {local_task_job_runner.py:245} INFO - ::endgroup::
