[2025-02-12T23:03:01.367+0000] {local_task_job_runner.py:123} INFO - ::group::Pre task execution logs
[2025-02-12T23:03:01.379+0000] {taskinstance.py:2614} INFO - Dependencies all met for dep_context=non-requeueable deps ti=<TaskInstance: crypto_data_collection.fetch_and_store_crypto_data scheduled__2023-10-06T23:13:00+00:00 [queued]>
[2025-02-12T23:03:01.387+0000] {taskinstance.py:2614} INFO - Dependencies all met for dep_context=requeueable deps ti=<TaskInstance: crypto_data_collection.fetch_and_store_crypto_data scheduled__2023-10-06T23:13:00+00:00 [queued]>
[2025-02-12T23:03:01.387+0000] {taskinstance.py:2867} INFO - Starting attempt 1 of 2
[2025-02-12T23:03:01.400+0000] {taskinstance.py:2890} INFO - Executing <Task(PythonOperator): fetch_and_store_crypto_data> on 2023-10-06 23:13:00+00:00
[2025-02-12T23:03:01.405+0000] {logging_mixin.py:190} WARNING - /home/***/.local/lib/python3.12/site-packages/***/task/task_runner/standard_task_runner.py:70 DeprecationWarning: This process (pid=26809) is multi-threaded, use of fork() may lead to deadlocks in the child.
[2025-02-12T23:03:01.406+0000] {standard_task_runner.py:72} INFO - Started process 26819 to run task
[2025-02-12T23:03:01.405+0000] {standard_task_runner.py:104} INFO - Running: ['***', 'tasks', 'run', 'crypto_data_collection', 'fetch_and_store_crypto_data', 'scheduled__2023-10-06T23:13:00+00:00', '--job-id', '9143', '--raw', '--subdir', 'DAGS_FOLDER/crypto_dag.py', '--cfg-path', '/tmp/tmpjkx2ol72']
[2025-02-12T23:03:01.407+0000] {standard_task_runner.py:105} INFO - Job 9143: Subtask fetch_and_store_crypto_data
[2025-02-12T23:03:01.437+0000] {task_command.py:467} INFO - Running <TaskInstance: crypto_data_collection.fetch_and_store_crypto_data scheduled__2023-10-06T23:13:00+00:00 [running]> on host be7ba0dd3a47
[2025-02-12T23:03:01.510+0000] {taskinstance.py:3134} INFO - Exporting env vars: AIRFLOW_CTX_DAG_OWNER='***' AIRFLOW_CTX_DAG_ID='crypto_data_collection' AIRFLOW_CTX_TASK_ID='fetch_and_store_crypto_data' AIRFLOW_CTX_EXECUTION_DATE='2023-10-06T23:13:00+00:00' AIRFLOW_CTX_TRY_NUMBER='1' AIRFLOW_CTX_DAG_RUN_ID='scheduled__2023-10-06T23:13:00+00:00'
[2025-02-12T23:03:01.511+0000] {taskinstance.py:732} INFO - ::endgroup::
[2025-02-12T23:03:01.611+0000] {logging_mixin.py:190} INFO - Données récupérées : {'Response': 'Error', 'Message': 'You are over your rate limit please upgrade your account!', 'HasWarning': False, 'Type': 99, 'RateLimit': {'calls_made': {'second': 2, 'minute': 2, 'hour': 413, 'day': 8618, 'month': 8618, 'total_calls': 8618}, 'max_calls': {'second': 20, 'minute': 300, 'hour': 3000, 'day': 7500, 'month': 11000}}, 'Data': {}}
[2025-02-12T23:03:01.614+0000] {logging_mixin.py:190} INFO - Erreur lors de l'insertion dans PostgreSQL : string indices must be integers, not 'str'
[2025-02-12T23:03:01.626+0000] {logging_mixin.py:190} INFO - Données uploadées dans MinIO.
[2025-02-12T23:03:01.627+0000] {python.py:240} INFO - Done. Returned value was: None
[2025-02-12T23:03:01.634+0000] {taskinstance.py:341} INFO - ::group::Post task execution logs
[2025-02-12T23:03:01.634+0000] {taskinstance.py:353} INFO - Marking task as SUCCESS. dag_id=crypto_data_collection, task_id=fetch_and_store_crypto_data, run_id=scheduled__2023-10-06T23:13:00+00:00, execution_date=20231006T231300, start_date=20250212T230301, end_date=20250212T230301
[2025-02-12T23:03:01.699+0000] {local_task_job_runner.py:266} INFO - Task exited with return code 0
[2025-02-12T23:03:01.706+0000] {local_task_job_runner.py:245} INFO - ::endgroup::
