[2025-02-12T22:14:34.236+0000] {local_task_job_runner.py:123} INFO - ::group::Pre task execution logs
[2025-02-12T22:14:34.256+0000] {taskinstance.py:2614} INFO - Dependencies all met for dep_context=non-requeueable deps ti=<TaskInstance: crypto_data_collection.fetch_and_store_crypto_data scheduled__2023-10-02T17:14:00+00:00 [queued]>
[2025-02-12T22:14:34.266+0000] {taskinstance.py:2614} INFO - Dependencies all met for dep_context=requeueable deps ti=<TaskInstance: crypto_data_collection.fetch_and_store_crypto_data scheduled__2023-10-02T17:14:00+00:00 [queued]>
[2025-02-12T22:14:34.266+0000] {taskinstance.py:2867} INFO - Starting attempt 1 of 2
[2025-02-12T22:14:34.280+0000] {taskinstance.py:2890} INFO - Executing <Task(PythonOperator): fetch_and_store_crypto_data> on 2023-10-02 17:14:00+00:00
[2025-02-12T22:14:34.286+0000] {logging_mixin.py:190} WARNING - /home/***/.local/lib/python3.12/site-packages/***/task/task_runner/standard_task_runner.py:70 DeprecationWarning: This process (pid=7972) is multi-threaded, use of fork() may lead to deadlocks in the child.
[2025-02-12T22:14:34.287+0000] {standard_task_runner.py:72} INFO - Started process 7982 to run task
[2025-02-12T22:14:34.287+0000] {standard_task_runner.py:104} INFO - Running: ['***', 'tasks', 'run', 'crypto_data_collection', 'fetch_and_store_crypto_data', 'scheduled__2023-10-02T17:14:00+00:00', '--job-id', '3024', '--raw', '--subdir', 'DAGS_FOLDER/crypto_dag.py', '--cfg-path', '/tmp/tmpenr3uqic']
[2025-02-12T22:14:34.289+0000] {standard_task_runner.py:105} INFO - Job 3024: Subtask fetch_and_store_crypto_data
[2025-02-12T22:14:34.321+0000] {task_command.py:467} INFO - Running <TaskInstance: crypto_data_collection.fetch_and_store_crypto_data scheduled__2023-10-02T17:14:00+00:00 [running]> on host be7ba0dd3a47
[2025-02-12T22:14:34.396+0000] {taskinstance.py:3134} INFO - Exporting env vars: AIRFLOW_CTX_DAG_OWNER='***' AIRFLOW_CTX_DAG_ID='crypto_data_collection' AIRFLOW_CTX_TASK_ID='fetch_and_store_crypto_data' AIRFLOW_CTX_EXECUTION_DATE='2023-10-02T17:14:00+00:00' AIRFLOW_CTX_TRY_NUMBER='1' AIRFLOW_CTX_DAG_RUN_ID='scheduled__2023-10-02T17:14:00+00:00'
[2025-02-12T22:14:34.397+0000] {taskinstance.py:732} INFO - ::endgroup::
[2025-02-12T22:14:34.506+0000] {logging_mixin.py:190} INFO - Données récupérées : {'BTC': {'USD': 97488.43}, 'ETH': {'USD': 2679.57}}
[2025-02-12T22:14:34.511+0000] {logging_mixin.py:190} INFO - Données insérées dans PostgreSQL.
[2025-02-12T22:14:34.525+0000] {logging_mixin.py:190} INFO - Données uploadées dans MinIO.
[2025-02-12T22:14:34.526+0000] {python.py:240} INFO - Done. Returned value was: None
[2025-02-12T22:14:34.532+0000] {taskinstance.py:341} INFO - ::group::Post task execution logs
[2025-02-12T22:14:34.533+0000] {taskinstance.py:353} INFO - Marking task as SUCCESS. dag_id=crypto_data_collection, task_id=fetch_and_store_crypto_data, run_id=scheduled__2023-10-02T17:14:00+00:00, execution_date=20231002T171400, start_date=20250212T221434, end_date=20250212T221434
[2025-02-12T22:14:34.581+0000] {local_task_job_runner.py:266} INFO - Task exited with return code 0
[2025-02-12T22:14:34.592+0000] {taskinstance.py:3901} INFO - 0 downstream tasks scheduled from follow-on schedule check
[2025-02-12T22:14:34.595+0000] {local_task_job_runner.py:245} INFO - ::endgroup::
