[2025-02-12T22:21:05.232+0000] {local_task_job_runner.py:123} INFO - ::group::Pre task execution logs
[2025-02-12T22:21:05.246+0000] {taskinstance.py:2614} INFO - Dependencies all met for dep_context=non-requeueable deps ti=<TaskInstance: crypto_data_collection.fetch_and_store_crypto_data scheduled__2023-10-03T06:02:00+00:00 [queued]>
[2025-02-12T22:21:05.253+0000] {taskinstance.py:2614} INFO - Dependencies all met for dep_context=requeueable deps ti=<TaskInstance: crypto_data_collection.fetch_and_store_crypto_data scheduled__2023-10-03T06:02:00+00:00 [queued]>
[2025-02-12T22:21:05.254+0000] {taskinstance.py:2867} INFO - Starting attempt 1 of 2
[2025-02-12T22:21:05.278+0000] {taskinstance.py:2890} INFO - Executing <Task(PythonOperator): fetch_and_store_crypto_data> on 2023-10-03 06:02:00+00:00
[2025-02-12T22:21:05.283+0000] {logging_mixin.py:190} WARNING - /home/***/.local/lib/python3.12/site-packages/***/task/task_runner/standard_task_runner.py:70 DeprecationWarning: This process (pid=10341) is multi-threaded, use of fork() may lead to deadlocks in the child.
[2025-02-12T22:21:05.283+0000] {standard_task_runner.py:72} INFO - Started process 10351 to run task
[2025-02-12T22:21:05.283+0000] {standard_task_runner.py:104} INFO - Running: ['***', 'tasks', 'run', 'crypto_data_collection', 'fetch_and_store_crypto_data', 'scheduled__2023-10-03T06:02:00+00:00', '--job-id', '3792', '--raw', '--subdir', 'DAGS_FOLDER/crypto_dag.py', '--cfg-path', '/tmp/tmpsnhqwwru']
[2025-02-12T22:21:05.285+0000] {standard_task_runner.py:105} INFO - Job 3792: Subtask fetch_and_store_crypto_data
[2025-02-12T22:21:05.322+0000] {task_command.py:467} INFO - Running <TaskInstance: crypto_data_collection.fetch_and_store_crypto_data scheduled__2023-10-03T06:02:00+00:00 [running]> on host be7ba0dd3a47
[2025-02-12T22:21:05.395+0000] {taskinstance.py:3134} INFO - Exporting env vars: AIRFLOW_CTX_DAG_OWNER='***' AIRFLOW_CTX_DAG_ID='crypto_data_collection' AIRFLOW_CTX_TASK_ID='fetch_and_store_crypto_data' AIRFLOW_CTX_EXECUTION_DATE='2023-10-03T06:02:00+00:00' AIRFLOW_CTX_TRY_NUMBER='1' AIRFLOW_CTX_DAG_RUN_ID='scheduled__2023-10-03T06:02:00+00:00'
[2025-02-12T22:21:05.396+0000] {taskinstance.py:732} INFO - ::endgroup::
[2025-02-12T22:21:05.669+0000] {logging_mixin.py:190} INFO - Données récupérées : {'BTC': {'USD': 97821.35}, 'ETH': {'USD': 2733.27}}
[2025-02-12T22:21:05.674+0000] {logging_mixin.py:190} INFO - Données insérées dans PostgreSQL.
[2025-02-12T22:21:05.691+0000] {logging_mixin.py:190} INFO - Données uploadées dans MinIO.
[2025-02-12T22:21:05.691+0000] {python.py:240} INFO - Done. Returned value was: None
[2025-02-12T22:21:05.700+0000] {taskinstance.py:341} INFO - ::group::Post task execution logs
[2025-02-12T22:21:05.700+0000] {taskinstance.py:353} INFO - Marking task as SUCCESS. dag_id=crypto_data_collection, task_id=fetch_and_store_crypto_data, run_id=scheduled__2023-10-03T06:02:00+00:00, execution_date=20231003T060200, start_date=20250212T222105, end_date=20250212T222105
[2025-02-12T22:21:05.737+0000] {local_task_job_runner.py:266} INFO - Task exited with return code 0
[2025-02-12T22:21:05.748+0000] {taskinstance.py:3901} INFO - 0 downstream tasks scheduled from follow-on schedule check
[2025-02-12T22:21:05.751+0000] {local_task_job_runner.py:245} INFO - ::endgroup::
