[2025-02-13T21:05:11.991+0000] {local_task_job_runner.py:123} INFO - ::group::Pre task execution logs
[2025-02-13T21:05:12.009+0000] {taskinstance.py:2614} INFO - Dependencies all met for dep_context=non-requeueable deps ti=<TaskInstance: crypto_data_collection.fetch_and_store_crypto_data scheduled__2024-01-01T12:17:00+00:00 [queued]>
[2025-02-13T21:05:12.019+0000] {taskinstance.py:2614} INFO - Dependencies all met for dep_context=requeueable deps ti=<TaskInstance: crypto_data_collection.fetch_and_store_crypto_data scheduled__2024-01-01T12:17:00+00:00 [queued]>
[2025-02-13T21:05:12.019+0000] {taskinstance.py:2867} INFO - Starting attempt 1 of 2
[2025-02-13T21:05:12.034+0000] {taskinstance.py:2890} INFO - Executing <Task(PythonOperator): fetch_and_store_crypto_data> on 2024-01-01 12:17:00+00:00
[2025-02-13T21:05:12.042+0000] {logging_mixin.py:190} WARNING - /home/***/.local/lib/python3.12/site-packages/***/task/task_runner/standard_task_runner.py:70 DeprecationWarning: This process (pid=6712) is multi-threaded, use of fork() may lead to deadlocks in the child.
[2025-02-13T21:05:12.043+0000] {standard_task_runner.py:72} INFO - Started process 6722 to run task
[2025-02-13T21:05:12.042+0000] {standard_task_runner.py:104} INFO - Running: ['***', 'tasks', 'run', 'crypto_data_collection', 'fetch_and_store_crypto_data', 'scheduled__2024-01-01T12:17:00+00:00', '--job-id', '15716', '--raw', '--subdir', 'DAGS_FOLDER/crypto_dag.py', '--cfg-path', '/tmp/tmpurrvatay']
[2025-02-13T21:05:12.044+0000] {standard_task_runner.py:105} INFO - Job 15716: Subtask fetch_and_store_crypto_data
[2025-02-13T21:05:12.086+0000] {task_command.py:467} INFO - Running <TaskInstance: crypto_data_collection.fetch_and_store_crypto_data scheduled__2024-01-01T12:17:00+00:00 [running]> on host c6c2d3336250
[2025-02-13T21:05:12.196+0000] {taskinstance.py:3134} INFO - Exporting env vars: AIRFLOW_CTX_DAG_OWNER='***' AIRFLOW_CTX_DAG_ID='crypto_data_collection' AIRFLOW_CTX_TASK_ID='fetch_and_store_crypto_data' AIRFLOW_CTX_EXECUTION_DATE='2024-01-01T12:17:00+00:00' AIRFLOW_CTX_TRY_NUMBER='1' AIRFLOW_CTX_DAG_RUN_ID='scheduled__2024-01-01T12:17:00+00:00'
[2025-02-13T21:05:12.197+0000] {taskinstance.py:732} INFO - ::endgroup::
[2025-02-13T21:05:12.270+0000] {logging_mixin.py:190} INFO - Données récupérées : {'bitcoin': {'usd': 96300}, 'ethereum': {'usd': 2654.5}}
[2025-02-13T21:05:12.278+0000] {logging_mixin.py:190} INFO - Données insérées dans PostgreSQL.
[2025-02-13T21:05:12.287+0000] {logging_mixin.py:190} INFO - Données uploadées dans MinIO.
[2025-02-13T21:05:12.288+0000] {python.py:240} INFO - Done. Returned value was: None
[2025-02-13T21:05:12.297+0000] {taskinstance.py:341} INFO - ::group::Post task execution logs
[2025-02-13T21:05:12.297+0000] {taskinstance.py:353} INFO - Marking task as SUCCESS. dag_id=crypto_data_collection, task_id=fetch_and_store_crypto_data, run_id=scheduled__2024-01-01T12:17:00+00:00, execution_date=20240101T121700, start_date=20250213T210512, end_date=20250213T210512
[2025-02-13T21:05:12.377+0000] {local_task_job_runner.py:266} INFO - Task exited with return code 0
[2025-02-13T21:05:12.393+0000] {taskinstance.py:3901} INFO - 0 downstream tasks scheduled from follow-on schedule check
[2025-02-13T21:05:12.396+0000] {local_task_job_runner.py:245} INFO - ::endgroup::
