[2025-02-12T23:35:11.114+0000] {local_task_job_runner.py:123} INFO - ::group::Pre task execution logs
[2025-02-12T23:35:11.133+0000] {taskinstance.py:2614} INFO - Dependencies all met for dep_context=non-requeueable deps ti=<TaskInstance: crypto_data_collection.fetch_and_store_crypto_data scheduled__2023-10-09T19:29:00+00:00 [queued]>
[2025-02-12T23:35:11.142+0000] {taskinstance.py:2614} INFO - Dependencies all met for dep_context=requeueable deps ti=<TaskInstance: crypto_data_collection.fetch_and_store_crypto_data scheduled__2023-10-09T19:29:00+00:00 [queued]>
[2025-02-12T23:35:11.142+0000] {taskinstance.py:2867} INFO - Starting attempt 1 of 2
[2025-02-12T23:35:11.161+0000] {taskinstance.py:2890} INFO - Executing <Task(PythonOperator): fetch_and_store_crypto_data> on 2023-10-09 19:29:00+00:00
[2025-02-12T23:35:11.171+0000] {logging_mixin.py:190} WARNING - /home/***/.local/lib/python3.12/site-packages/***/task/task_runner/standard_task_runner.py:70 DeprecationWarning: This process (pid=39416) is multi-threaded, use of fork() may lead to deadlocks in the child.
[2025-02-12T23:35:11.172+0000] {standard_task_runner.py:72} INFO - Started process 39422 to run task
[2025-02-12T23:35:11.171+0000] {standard_task_runner.py:104} INFO - Running: ['***', 'tasks', 'run', 'crypto_data_collection', 'fetch_and_store_crypto_data', 'scheduled__2023-10-09T19:29:00+00:00', '--job-id', '13239', '--raw', '--subdir', 'DAGS_FOLDER/crypto_dag.py', '--cfg-path', '/tmp/tmpll5nsbms']
[2025-02-12T23:35:11.173+0000] {standard_task_runner.py:105} INFO - Job 13239: Subtask fetch_and_store_crypto_data
[2025-02-12T23:35:11.213+0000] {task_command.py:467} INFO - Running <TaskInstance: crypto_data_collection.fetch_and_store_crypto_data scheduled__2023-10-09T19:29:00+00:00 [running]> on host be7ba0dd3a47
[2025-02-12T23:35:11.307+0000] {taskinstance.py:3134} INFO - Exporting env vars: AIRFLOW_CTX_DAG_OWNER='***' AIRFLOW_CTX_DAG_ID='crypto_data_collection' AIRFLOW_CTX_TASK_ID='fetch_and_store_crypto_data' AIRFLOW_CTX_EXECUTION_DATE='2023-10-09T19:29:00+00:00' AIRFLOW_CTX_TRY_NUMBER='1' AIRFLOW_CTX_DAG_RUN_ID='scheduled__2023-10-09T19:29:00+00:00'
[2025-02-12T23:35:11.307+0000] {taskinstance.py:732} INFO - ::endgroup::
[2025-02-12T23:35:11.410+0000] {logging_mixin.py:190} INFO - Données récupérées : {'Response': 'Error', 'Message': 'You are over your rate limit please upgrade your account!', 'HasWarning': False, 'Type': 99, 'RateLimit': {'calls_made': {'second': 2, 'minute': 17, 'hour': 4511, 'day': 12716, 'month': 12716, 'total_calls': 12716}, 'max_calls': {'second': 20, 'minute': 300, 'hour': 3000, 'day': 7500, 'month': 11000}}, 'Data': {}}
[2025-02-12T23:35:11.416+0000] {logging_mixin.py:190} INFO - Erreur lors de l'insertion dans PostgreSQL : string indices must be integers, not 'str'
[2025-02-12T23:35:11.435+0000] {logging_mixin.py:190} INFO - Données uploadées dans MinIO.
[2025-02-12T23:35:11.436+0000] {python.py:240} INFO - Done. Returned value was: None
[2025-02-12T23:35:11.444+0000] {taskinstance.py:341} INFO - ::group::Post task execution logs
[2025-02-12T23:35:11.445+0000] {taskinstance.py:353} INFO - Marking task as SUCCESS. dag_id=crypto_data_collection, task_id=fetch_and_store_crypto_data, run_id=scheduled__2023-10-09T19:29:00+00:00, execution_date=20231009T192900, start_date=20250212T233511, end_date=20250212T233511
[2025-02-12T23:35:11.547+0000] {local_task_job_runner.py:266} INFO - Task exited with return code 0
[2025-02-12T23:35:11.566+0000] {taskinstance.py:3901} INFO - 0 downstream tasks scheduled from follow-on schedule check
[2025-02-12T23:35:11.569+0000] {local_task_job_runner.py:245} INFO - ::endgroup::
