[2025-02-12T21:59:26.300+0000] {local_task_job_runner.py:123} INFO - ::group::Pre task execution logs
[2025-02-12T21:59:26.312+0000] {taskinstance.py:2614} INFO - Dependencies all met for dep_context=non-requeueable deps ti=<TaskInstance: crypto_data_collection.fetch_and_store_crypto_data scheduled__2023-10-01T13:09:00+00:00 [queued]>
[2025-02-12T21:59:26.318+0000] {taskinstance.py:2614} INFO - Dependencies all met for dep_context=requeueable deps ti=<TaskInstance: crypto_data_collection.fetch_and_store_crypto_data scheduled__2023-10-01T13:09:00+00:00 [queued]>
[2025-02-12T21:59:26.319+0000] {taskinstance.py:2867} INFO - Starting attempt 1 of 2
[2025-02-12T21:59:26.332+0000] {taskinstance.py:2890} INFO - Executing <Task(PythonOperator): fetch_and_store_crypto_data> on 2023-10-01 13:09:00+00:00
[2025-02-12T21:59:26.337+0000] {logging_mixin.py:190} WARNING - /home/***/.local/lib/python3.12/site-packages/***/task/task_runner/standard_task_runner.py:70 DeprecationWarning: This process (pid=2773) is multi-threaded, use of fork() may lead to deadlocks in the child.
[2025-02-12T21:59:26.338+0000] {standard_task_runner.py:72} INFO - Started process 2777 to run task
[2025-02-12T21:59:26.337+0000] {standard_task_runner.py:104} INFO - Running: ['***', 'tasks', 'run', 'crypto_data_collection', 'fetch_and_store_crypto_data', 'scheduled__2023-10-01T13:09:00+00:00', '--job-id', '1339', '--raw', '--subdir', 'DAGS_FOLDER/crypto_dag.py', '--cfg-path', '/tmp/tmp9hel5i2q']
[2025-02-12T21:59:26.339+0000] {standard_task_runner.py:105} INFO - Job 1339: Subtask fetch_and_store_crypto_data
[2025-02-12T21:59:26.372+0000] {task_command.py:467} INFO - Running <TaskInstance: crypto_data_collection.fetch_and_store_crypto_data scheduled__2023-10-01T13:09:00+00:00 [running]> on host be7ba0dd3a47
[2025-02-12T21:59:26.452+0000] {taskinstance.py:3134} INFO - Exporting env vars: AIRFLOW_CTX_DAG_OWNER='***' AIRFLOW_CTX_DAG_ID='crypto_data_collection' AIRFLOW_CTX_TASK_ID='fetch_and_store_crypto_data' AIRFLOW_CTX_EXECUTION_DATE='2023-10-01T13:09:00+00:00' AIRFLOW_CTX_TRY_NUMBER='1' AIRFLOW_CTX_DAG_RUN_ID='scheduled__2023-10-01T13:09:00+00:00'
[2025-02-12T21:59:26.452+0000] {taskinstance.py:732} INFO - ::endgroup::
[2025-02-12T21:59:26.596+0000] {logging_mixin.py:190} INFO - Données récupérées : {'BTC': {'USD': 97675.45}, 'ETH': {'USD': 2683.63}}
[2025-02-12T21:59:26.602+0000] {logging_mixin.py:190} INFO - Données insérées dans PostgreSQL.
[2025-02-12T21:59:26.612+0000] {logging_mixin.py:190} INFO - Données uploadées dans MinIO.
[2025-02-12T21:59:26.613+0000] {python.py:240} INFO - Done. Returned value was: None
[2025-02-12T21:59:26.621+0000] {taskinstance.py:341} INFO - ::group::Post task execution logs
[2025-02-12T21:59:26.621+0000] {taskinstance.py:353} INFO - Marking task as SUCCESS. dag_id=crypto_data_collection, task_id=fetch_and_store_crypto_data, run_id=scheduled__2023-10-01T13:09:00+00:00, execution_date=20231001T130900, start_date=20250212T215926, end_date=20250212T215926
[2025-02-12T21:59:26.671+0000] {local_task_job_runner.py:266} INFO - Task exited with return code 0
[2025-02-12T21:59:26.679+0000] {local_task_job_runner.py:245} INFO - ::endgroup::
